<?xml version="1.0" encoding="UTF-8"?>
<testng-results skipped="0" failed="2" total="2" passed="0">
  <reporter-output>
  </reporter-output>
  <suite name="Parallel" duration-ms="69488" started-at="2017-07-28T22:36:55Z" finished-at="2017-07-28T22:38:04Z">
    <groups>
    </groups>
    <test name="atlas_iPadAir2Test" duration-ms="3" started-at="2017-07-28T22:36:55Z" finished-at="2017-07-28T22:36:55Z">
    </test> <!-- atlas_iPadAir2Test -->
    <test name="atlas_iPhone6sTest" duration-ms="3" started-at="2017-07-28T22:36:55Z" finished-at="2017-07-28T22:36:55Z">
    </test> <!-- atlas_iPhone6sTest -->
    <test name="atlas_ChromeTest" duration-ms="30409" started-at="2017-07-28T22:36:55Z" finished-at="2017-07-28T22:37:25Z">
      <class name="com.backroads.atlas.testcases.UI.AtlasLeaderOnlyUSTest005">
        <test-method status="PASS" signature="setUp(java.lang.String, java.lang.String)[pri:0, instance:com.backroads.atlas.testcases.UI.AtlasLeaderOnlyUSTest005@6b2fad11]" name="setUp" is-config="true" duration-ms="4956" started-at="2017-07-28T15:36:55Z" finished-at="2017-07-28T15:37:00Z">
          <params>
            <param index="0">
              <value>
                <![CDATA[parallel.conf.json]]>
              </value>
            </param>
            <param index="1">
              <value>
                <![CDATA[Chrome]]>
              </value>
            </param>
          </params>
          <reporter-output>
          </reporter-output>
        </test-method> <!-- setUp -->
        <test-method status="FAIL" signature="main(java.lang.String)[pri:0, instance:com.backroads.atlas.testcases.UI.AtlasLeaderOnlyUSTest005@6b2fad11]" name="main" duration-ms="11194" started-at="2017-07-28T15:37:00Z" finished-at="2017-07-28T15:37:11Z">
          <params>
            <param index="0">
              <value>
                <![CDATA[windows]]>
              </value>
            </param>
          </params>
          <exception class="org.openqa.selenium.TimeoutException">
            <message>
              <![CDATA[Timed out after 10 seconds waiting for visibility of Proxy element for: DefaultElementLocator 'By.id: txtPartyID'
Build info: version: '2.52.0', revision: '4c2593cfc3689a7fcd7be52549167e5ccc93ad28', time: '2016-02-11 11:22:43'
System info: host: 'BRPC444', ip: '10.1.10.28', os.name: 'Windows 7', os.arch: 'amd64', os.version: '6.1', java.version: '1.8.0_131'
Driver info: org.openqa.selenium.remote.RemoteWebDriver
Capabilities [{applicationCacheEnabled=false, rotatable=false, mobileEmulationEnabled=false, networkConnectionEnabled=false, chrome={chromedriverVersion=2.30.477700 (0057494ad8732195794a7b32078424f92a5fce41), userDataDir=C:\Windows\proxy\scoped_dir2496_8312}, takesHeapSnapshot=true, pageLoadStrategy=normal, databaseEnabled=false, handlesAlerts=true, hasTouchScreen=false, version=59.0.3071.86, platform=WINDOWS, browserConnectionEnabled=false, nativeEvents=true, acceptSslCerts=true, webdriver.remote.sessionid=d0087041317960785a130c3418d96648f02b141e, locationContextEnabled=true, webStorageEnabled=true, browserName=chrome, takesScreenshot=true, javascriptEnabled=true, cssSelectorsEnabled=true, unexpectedAlertBehaviour=}]
Session ID: d0087041317960785a130c3418d96648f02b141e]]>
            </message>
            <full-stacktrace>
              <![CDATA[org.openqa.selenium.TimeoutException: Timed out after 10 seconds waiting for visibility of Proxy element for: DefaultElementLocator 'By.id: txtPartyID'
Build info: version: '2.52.0', revision: '4c2593cfc3689a7fcd7be52549167e5ccc93ad28', time: '2016-02-11 11:22:43'
System info: host: 'BRPC444', ip: '10.1.10.28', os.name: 'Windows 7', os.arch: 'amd64', os.version: '6.1', java.version: '1.8.0_131'
Driver info: org.openqa.selenium.remote.RemoteWebDriver
Capabilities [{applicationCacheEnabled=false, rotatable=false, mobileEmulationEnabled=false, networkConnectionEnabled=false, chrome={chromedriverVersion=2.30.477700 (0057494ad8732195794a7b32078424f92a5fce41), userDataDir=C:\Windows\proxy\scoped_dir2496_8312}, takesHeapSnapshot=true, pageLoadStrategy=normal, databaseEnabled=false, handlesAlerts=true, hasTouchScreen=false, version=59.0.3071.86, platform=WINDOWS, browserConnectionEnabled=false, nativeEvents=true, acceptSslCerts=true, webdriver.remote.sessionid=d0087041317960785a130c3418d96648f02b141e, locationContextEnabled=true, webStorageEnabled=true, browserName=chrome, takesScreenshot=true, javascriptEnabled=true, cssSelectorsEnabled=true, unexpectedAlertBehaviour=}]
Session ID: d0087041317960785a130c3418d96648f02b141e
	at org.openqa.selenium.support.ui.WebDriverWait.timeoutException(WebDriverWait.java:80)
	at org.openqa.selenium.support.ui.FluentWait.until(FluentWait.java:261)
	at com.backroads.webdriver.pageobjectsfactory.pageobject.LogInPage.setPartyId(LogInPage.java:31)
	at com.backroads.webdriver.pageobjectsfactory.pageobject.LogInPage.loginToAtlas(LogInPage.java:45)
	at com.backroads.atlas.testcases.UI.AtlasLeaderOnlyUSTest005.main(AtlasLeaderOnlyUSTest005.java:34)
	at sun.reflect.NativeMethodAccessorImpl.invoke0(Native Method)
	at sun.reflect.NativeMethodAccessorImpl.invoke(NativeMethodAccessorImpl.java:62)
	at sun.reflect.DelegatingMethodAccessorImpl.invoke(DelegatingMethodAccessorImpl.java:43)
	at java.lang.reflect.Method.invoke(Method.java:498)
	at org.testng.internal.MethodInvocationHelper.invokeMethod(MethodInvocationHelper.java:86)
	at org.testng.internal.Invoker.invokeMethod(Invoker.java:643)
	at org.testng.internal.Invoker.invokeTestMethod(Invoker.java:820)
	at org.testng.internal.Invoker.invokeTestMethods(Invoker.java:1128)
	at org.testng.internal.TestMethodWorker.invokeTestMethods(TestMethodWorker.java:129)
	at org.testng.internal.TestMethodWorker.run(TestMethodWorker.java:112)
	at org.testng.TestRunner.privateRun(TestRunner.java:782)
	at org.testng.TestRunner.run(TestRunner.java:632)
	at org.testng.SuiteRunner.runTest(SuiteRunner.java:366)
	at org.testng.SuiteRunner.access$000(SuiteRunner.java:39)
	at org.testng.SuiteRunner$SuiteWorker.run(SuiteRunner.java:400)
	at org.testng.internal.thread.ThreadUtil$2.call(ThreadUtil.java:64)
	at java.util.concurrent.FutureTask.run(FutureTask.java:266)
	at java.util.concurrent.ThreadPoolExecutor.runWorker(ThreadPoolExecutor.java:1142)
	at java.util.concurrent.ThreadPoolExecutor$Worker.run(ThreadPoolExecutor.java:617)
	at java.lang.Thread.run(Thread.java:748)
Caused by: org.openqa.selenium.NoSuchElementException: no such element: Unable to locate element: {"method":"id","selector":"txtPartyID"}
  (Session info: chrome=59.0.3071.86)
  (Driver info: chromedriver=2.30.477700 (0057494ad8732195794a7b32078424f92a5fce41),platform=Windows NT 6.1.7601 SP1 x86_64) (WARNING: The server did not provide any stacktrace information)
Command duration or timeout: 10 milliseconds
For documentation on this error, please visit: http://seleniumhq.org/exceptions/no_such_element.html
Build info: version: '2.53.0', revision: '35ae25b', time: '2016-03-15 17:00:58'
System info: host: '207-254-57-131', ip: '207.254.57.131', os.name: 'windows', os.arch: 'x86', os.version: '6.1', java.version: '1.8.0_121'
Driver info: org.openqa.selenium.chrome.ChromeDriver
Capabilities [{applicationCacheEnabled=false, rotatable=false, mobileEmulationEnabled=false, networkConnectionEnabled=false, chrome={chromedriverVersion=2.30.477700 (0057494ad8732195794a7b32078424f92a5fce41), userDataDir=C:\Windows\proxy\scoped_dir2496_8312}, takesHeapSnapshot=true, pageLoadStrategy=normal, databaseEnabled=false, handlesAlerts=true, hasTouchScreen=false, version=59.0.3071.86, platform=XP, browserConnectionEnabled=false, nativeEvents=true, acceptSslCerts=true, locationContextEnabled=true, webStorageEnabled=true, browserName=chrome, takesScreenshot=true, javascriptEnabled=true, cssSelectorsEnabled=true, unexpectedAlertBehaviour=}]
Session ID: eeb99aa9a2ac51b6da8b657a23f166f6
*** Element info: {Using=id, value=txtPartyID}
Command duration or timeout: 317 milliseconds
For documentation on this error, please visit: http://seleniumhq.org/exceptions/no_such_element.html
Build info: version: '2.52.0', revision: '4c2593cfc3689a7fcd7be52549167e5ccc93ad28', time: '2016-02-11 11:22:43'
System info: host: 'BRPC444', ip: '10.1.10.28', os.name: 'Windows 7', os.arch: 'amd64', os.version: '6.1', java.version: '1.8.0_131'
Driver info: org.openqa.selenium.remote.RemoteWebDriver
Capabilities [{applicationCacheEnabled=false, rotatable=false, mobileEmulationEnabled=false, networkConnectionEnabled=false, chrome={chromedriverVersion=2.30.477700 (0057494ad8732195794a7b32078424f92a5fce41), userDataDir=C:\Windows\proxy\scoped_dir2496_8312}, takesHeapSnapshot=true, pageLoadStrategy=normal, databaseEnabled=false, handlesAlerts=true, hasTouchScreen=false, version=59.0.3071.86, platform=WINDOWS, browserConnectionEnabled=false, nativeEvents=true, acceptSslCerts=true, webdriver.remote.sessionid=d0087041317960785a130c3418d96648f02b141e, locationContextEnabled=true, webStorageEnabled=true, browserName=chrome, takesScreenshot=true, javascriptEnabled=true, cssSelectorsEnabled=true, unexpectedAlertBehaviour=}]
Session ID: d0087041317960785a130c3418d96648f02b141e
*** Element info: {Using=id, value=txtPartyID}
	at sun.reflect.NativeConstructorAccessorImpl.newInstance0(Native Method)
	at sun.reflect.NativeConstructorAccessorImpl.newInstance(NativeConstructorAccessorImpl.java:62)
	at sun.reflect.DelegatingConstructorAccessorImpl.newInstance(DelegatingConstructorAccessorImpl.java:45)
	at java.lang.reflect.Constructor.newInstance(Constructor.java:423)
	at org.openqa.selenium.remote.ErrorHandler.createThrowable(ErrorHandler.java:206)
	at org.openqa.selenium.remote.ErrorHandler.throwIfResponseFailed(ErrorHandler.java:158)
	at org.openqa.selenium.remote.RemoteWebDriver.execute(RemoteWebDriver.java:678)
	at org.openqa.selenium.remote.RemoteWebDriver.findElement(RemoteWebDriver.java:363)
	at org.openqa.selenium.remote.RemoteWebDriver.findElementById(RemoteWebDriver.java:413)
	at org.openqa.selenium.By$ById.findElement(By.java:218)
	at org.openqa.selenium.remote.RemoteWebDriver.findElement(RemoteWebDriver.java:355)
	at org.openqa.selenium.support.pagefactory.DefaultElementLocator.findElement(DefaultElementLocator.java:69)
	at org.openqa.selenium.support.pagefactory.internal.LocatingElementHandler.invoke(LocatingElementHandler.java:38)
	at com.sun.proxy.$Proxy6.isDisplayed(Unknown Source)
	at org.openqa.selenium.support.ui.ExpectedConditions.elementIfVisible(ExpectedConditions.java:302)
	at org.openqa.selenium.support.ui.ExpectedConditions.access$100(ExpectedConditions.java:41)
	at org.openqa.selenium.support.ui.ExpectedConditions$10.apply(ExpectedConditions.java:288)
	at org.openqa.selenium.support.ui.ExpectedConditions$10.apply(ExpectedConditions.java:285)
	at org.openqa.selenium.support.ui.FluentWait.until(FluentWait.java:238)
	... 23 more
Caused by: org.openqa.selenium.remote.ScreenshotException: Screen shot has been taken
Build info: version: '2.52.0', revision: '4c2593cfc3689a7fcd7be52549167e5ccc93ad28', time: '2016-02-11 11:22:43'
System info: host: 'BRPC444', ip: '10.1.10.28', os.name: 'Windows 7', os.arch: 'amd64', os.version: '6.1', java.version: '1.8.0_131'
Driver info: driver.version: RemoteWebDriver
	at org.openqa.selenium.remote.ErrorHandler.throwIfResponseFailed(ErrorHandler.java:138)
	... 36 more
Caused by: org.openqa.selenium.NoSuchElementException: no such element: Unable to locate element: {"method":"id","selector":"txtPartyID"}
  (Session info: chrome=59.0.3071.86)
  (Driver info: chromedriver=2.30.477700 (0057494ad8732195794a7b32078424f92a5fce41),platform=Windows NT 6.1.7601 SP1 x86_64) (WARNING: The server did not provide any stacktrace information)
Command duration or timeout: 10 milliseconds
For documentation on this error, please visit: http://seleniumhq.org/exceptions/no_such_element.html
Build info: version: '2.53.0', revision: '35ae25b', time: '2016-03-15 17:00:58'
System info: host: '207-254-57-131', ip: '207.254.57.131', os.name: 'windows', os.arch: 'x86', os.version: '6.1', java.version: '1.8.0_121'
Driver info: org.openqa.selenium.chrome.ChromeDriver
Capabilities [{applicationCacheEnabled=false, rotatable=false, mobileEmulationEnabled=false, networkConnectionEnabled=false, chrome={chromedriverVersion=2.30.477700 (0057494ad8732195794a7b32078424f92a5fce41), userDataDir=C:\Windows\proxy\scoped_dir2496_8312}, takesHeapSnapshot=true, pageLoadStrategy=normal, databaseEnabled=false, handlesAlerts=true, hasTouchScreen=false, version=59.0.3071.86, platform=XP, browserConnectionEnabled=false, nativeEvents=true, acceptSslCerts=true, locationContextEnabled=true, webStorageEnabled=true, browserName=chrome, takesScreenshot=true, javascriptEnabled=true, cssSelectorsEnabled=true, unexpectedAlertBehaviour=}]
Session ID: eeb99aa9a2ac51b6da8b657a23f166f6
*** Element info: {Using=id, value=txtPartyID}
For documentation on this error, please visit: http://seleniumhq.org/exceptions/no_such_element.html
Build info: version: '2.52.0', revision: '4c2593cfc3689a7fcd7be52549167e5ccc93ad28', time: '2016-02-11 11:22:43'
System info: host: 'BRPC444', ip: '10.1.10.28', os.name: 'Windows 7', os.arch: 'amd64', os.version: '6.1', java.version: '1.8.0_131'
Driver info: driver.version: EventFiringWebDriver
	at sun.reflect.NativeConstructorAccessorImpl.newInstance0(Native Method)
	at sun.reflect.NativeConstructorAccessorImpl.newInstance(Unknown Source)
	at sun.reflect.DelegatingConstructorAccessorImpl.newInstance(Unknown Source)
	at java.lang.reflect.Constructor.newInstance(Unknown Source)
	at org.openqa.selenium.remote.ErrorHandler.createThrowable(ErrorHandler.java:206)
	at org.openqa.selenium.remote.ErrorHandler.throwIfResponseFailed(ErrorHandler.java:158)
	at org.openqa.selenium.remote.RemoteWebDriver.execute(RemoteWebDriver.java:678)
	at org.openqa.selenium.remote.RemoteWebDriver.findElement(RemoteWebDriver.java:363)
	at org.openqa.selenium.remote.RemoteWebDriver.findElementById(RemoteWebDriver.java:413)
	at org.openqa.selenium.By$ById.findElement(By.java:218)
	at org.openqa.selenium.remote.RemoteWebDriver.findElement(RemoteWebDriver.java:355)
	at sun.reflect.NativeMethodAccessorImpl.invoke0(Native Method)
	at sun.reflect.NativeMethodAccessorImpl.invoke(Unknown Source)
	at sun.reflect.DelegatingMethodAccessorImpl.invoke(Unknown Source)
	at java.lang.reflect.Method.invoke(Unknown Source)
	at org.openqa.selenium.support.events.EventFiringWebDriver$2.invoke(EventFiringWebDriver.java:103)
	at com.sun.proxy.$Proxy1.findElement(Unknown Source)
	at org.openqa.selenium.support.events.EventFiringWebDriver.findElement(EventFiringWebDriver.java:188)
	at org.openqa.selenium.remote.server.handler.FindElement.call(FindElement.java:48)
	at org.openqa.selenium.remote.server.handler.FindElement.call(FindElement.java:1)
	at java.util.concurrent.FutureTask.run(Unknown Source)
	at org.openqa.selenium.remote.server.DefaultSession$1.run(DefaultSession.java:176)
	at java.util.concurrent.ThreadPoolExecutor.runWorker(Unknown Source)
	at java.util.concurrent.ThreadPoolExecutor$Worker.run(Unknown Source)
	at java.lang.Thread.run(Unknown Source)
]]>
            </full-stacktrace>
          </exception> <!-- org.openqa.selenium.TimeoutException -->
          <reporter-output>
          </reporter-output>
        </test-method> <!-- main -->
        <test-method status="PASS" signature="tearDown()[pri:0, instance:com.backroads.atlas.testcases.UI.AtlasLeaderOnlyUSTest005@6b2fad11]" name="tearDown" is-config="true" duration-ms="14204" started-at="2017-07-28T15:37:11Z" finished-at="2017-07-28T15:37:25Z">
          <reporter-output>
          </reporter-output>
        </test-method> <!-- tearDown -->
      </class> <!-- com.backroads.atlas.testcases.UI.AtlasLeaderOnlyUSTest005 -->
    </test> <!-- atlas_ChromeTest -->
    <test name="atlas_iPhone6Test" duration-ms="69488" started-at="2017-07-28T22:36:55Z" finished-at="2017-07-28T22:38:04Z">
      <class name="com.backroads.atlas.testcases.UI.AtlasLeaderOnlyUSTest005">
        <test-method status="PASS" signature="setUp(java.lang.String, java.lang.String)[pri:0, instance:com.backroads.atlas.testcases.UI.AtlasLeaderOnlyUSTest005@60addb54]" name="setUp" is-config="true" duration-ms="38000" started-at="2017-07-28T15:36:55Z" finished-at="2017-07-28T15:37:33Z">
          <params>
            <param index="0">
              <value>
                <![CDATA[parallel.conf.json]]>
              </value>
            </param>
            <param index="1">
              <value>
                <![CDATA[iPhone6]]>
              </value>
            </param>
          </params>
          <reporter-output>
          </reporter-output>
        </test-method> <!-- setUp -->
        <test-method status="FAIL" signature="main(java.lang.String)[pri:0, instance:com.backroads.atlas.testcases.UI.AtlasLeaderOnlyUSTest005@60addb54]" name="main" duration-ms="11184" started-at="2017-07-28T15:37:33Z" finished-at="2017-07-28T15:37:44Z">
          <params>
            <param index="0">
              <value>
                <![CDATA[ios]]>
              </value>
            </param>
          </params>
          <exception class="org.openqa.selenium.TimeoutException">
            <message>
              <![CDATA[Timed out after 10 seconds waiting for visibility of Proxy element for: DefaultElementLocator 'By.id: txtPartyID'
Build info: version: '2.52.0', revision: '4c2593cfc3689a7fcd7be52549167e5ccc93ad28', time: '2016-02-11 11:22:43'
System info: host: 'BRPC444', ip: '10.1.10.28', os.name: 'Windows 7', os.arch: 'amd64', os.version: '6.1', java.version: '1.8.0_131'
Driver info: org.openqa.selenium.remote.RemoteWebDriver
Capabilities [{noReset=true, safari=true, browserstack.tunnelIdentifier=, browserstack.asyncStop=true, language=Apache-HttpClient/4.5.1 (Java/1.8.0_131), deviceName==iPhone 6 (8.3 Simulator) [4A5F3893-FADE-437D-A2F3-D0B5CCDFFE32], platform=MAC, browserstack.video.disableWaterMark=true, desired={noReset=true, browserstack.tunnelIdentifier=, browserstack.asyncStop=true, language=Apache-HttpClient/4.5.1 (Java/1.8.0_131), deviceName==iPhone 6 (8.3 Simulator) [4A5F3893-FADE-437D-A2F3-D0B5CCDFFE32], platform=MAC, browserstack.video.disableWaterMark=true, acceptSslCerts=false, newCommandTimeout=300, browser=iphone, platformVersion=8.3, acceptSslCert=false, browserName=safari, platformName=iOS, 64bit=false, browserstack.debug=true, orientation=portrait, browserstack.ie.noFlash=false, os_version=, mobile={"browser":"mobile","version":"iPhone 6-8.3"}, version=, browserstack.video=true, safariIgnoreFraudWarning=true, orig_os=macyos, realMobile=false, deviceOrientation=PORTRAIT, device=iPhone 6, proxy_type=node}, acceptSslCerts=false, newCommandTimeout=300, browser=iphone, platformVersion=8.3, webStorageEnabled=false, acceptSslCert=false, browserName=safari, takesScreenshot=true, javascriptEnabled=true, platformName=iOS, 64bit=false, browserstack.debug=true, networkConnectionEnabled=false, orientation=portrait, browserstack.ie.noFlash=false, warnings={}, os_version=, mobile={"browser":"mobile","version":"iPhone 6-8.3"}, databaseEnabled=false, version=, browserstack.video=true, safariIgnoreFraudWarning=true, orig_os=macyos, realMobile=false, locationContextEnabled=false, deviceOrientation=PORTRAIT, device=iPhone 6, proxy_type=node}]
Session ID: e5139a80fc983269f7ed724d07d499db7eac054c]]>
            </message>
            <full-stacktrace>
              <![CDATA[org.openqa.selenium.TimeoutException: Timed out after 10 seconds waiting for visibility of Proxy element for: DefaultElementLocator 'By.id: txtPartyID'
Build info: version: '2.52.0', revision: '4c2593cfc3689a7fcd7be52549167e5ccc93ad28', time: '2016-02-11 11:22:43'
System info: host: 'BRPC444', ip: '10.1.10.28', os.name: 'Windows 7', os.arch: 'amd64', os.version: '6.1', java.version: '1.8.0_131'
Driver info: org.openqa.selenium.remote.RemoteWebDriver
Capabilities [{noReset=true, safari=true, browserstack.tunnelIdentifier=, browserstack.asyncStop=true, language=Apache-HttpClient/4.5.1 (Java/1.8.0_131), deviceName==iPhone 6 (8.3 Simulator) [4A5F3893-FADE-437D-A2F3-D0B5CCDFFE32], platform=MAC, browserstack.video.disableWaterMark=true, desired={noReset=true, browserstack.tunnelIdentifier=, browserstack.asyncStop=true, language=Apache-HttpClient/4.5.1 (Java/1.8.0_131), deviceName==iPhone 6 (8.3 Simulator) [4A5F3893-FADE-437D-A2F3-D0B5CCDFFE32], platform=MAC, browserstack.video.disableWaterMark=true, acceptSslCerts=false, newCommandTimeout=300, browser=iphone, platformVersion=8.3, acceptSslCert=false, browserName=safari, platformName=iOS, 64bit=false, browserstack.debug=true, orientation=portrait, browserstack.ie.noFlash=false, os_version=, mobile={"browser":"mobile","version":"iPhone 6-8.3"}, version=, browserstack.video=true, safariIgnoreFraudWarning=true, orig_os=macyos, realMobile=false, deviceOrientation=PORTRAIT, device=iPhone 6, proxy_type=node}, acceptSslCerts=false, newCommandTimeout=300, browser=iphone, platformVersion=8.3, webStorageEnabled=false, acceptSslCert=false, browserName=safari, takesScreenshot=true, javascriptEnabled=true, platformName=iOS, 64bit=false, browserstack.debug=true, networkConnectionEnabled=false, orientation=portrait, browserstack.ie.noFlash=false, warnings={}, os_version=, mobile={"browser":"mobile","version":"iPhone 6-8.3"}, databaseEnabled=false, version=, browserstack.video=true, safariIgnoreFraudWarning=true, orig_os=macyos, realMobile=false, locationContextEnabled=false, deviceOrientation=PORTRAIT, device=iPhone 6, proxy_type=node}]
Session ID: e5139a80fc983269f7ed724d07d499db7eac054c
	at org.openqa.selenium.support.ui.WebDriverWait.timeoutException(WebDriverWait.java:80)
	at org.openqa.selenium.support.ui.FluentWait.until(FluentWait.java:261)
	at com.backroads.webdriver.pageobjectsfactory.pageobject.LogInPage.setPartyId(LogInPage.java:31)
	at com.backroads.webdriver.pageobjectsfactory.pageobject.LogInPage.loginToAtlas(LogInPage.java:45)
	at com.backroads.atlas.testcases.UI.AtlasLeaderOnlyUSTest005.main(AtlasLeaderOnlyUSTest005.java:34)
	at sun.reflect.NativeMethodAccessorImpl.invoke0(Native Method)
	at sun.reflect.NativeMethodAccessorImpl.invoke(NativeMethodAccessorImpl.java:62)
	at sun.reflect.DelegatingMethodAccessorImpl.invoke(DelegatingMethodAccessorImpl.java:43)
	at java.lang.reflect.Method.invoke(Method.java:498)
	at org.testng.internal.MethodInvocationHelper.invokeMethod(MethodInvocationHelper.java:86)
	at org.testng.internal.Invoker.invokeMethod(Invoker.java:643)
	at org.testng.internal.Invoker.invokeTestMethod(Invoker.java:820)
	at org.testng.internal.Invoker.invokeTestMethods(Invoker.java:1128)
	at org.testng.internal.TestMethodWorker.invokeTestMethods(TestMethodWorker.java:129)
	at org.testng.internal.TestMethodWorker.run(TestMethodWorker.java:112)
	at org.testng.TestRunner.privateRun(TestRunner.java:782)
	at org.testng.TestRunner.run(TestRunner.java:632)
	at org.testng.SuiteRunner.runTest(SuiteRunner.java:366)
	at org.testng.SuiteRunner.access$000(SuiteRunner.java:39)
	at org.testng.SuiteRunner$SuiteWorker.run(SuiteRunner.java:400)
	at org.testng.internal.thread.ThreadUtil$2.call(ThreadUtil.java:64)
	at java.util.concurrent.FutureTask.run(FutureTask.java:266)
	at java.util.concurrent.ThreadPoolExecutor.runWorker(ThreadPoolExecutor.java:1142)
	at java.util.concurrent.ThreadPoolExecutor$Worker.run(ThreadPoolExecutor.java:617)
	at java.lang.Thread.run(Thread.java:748)
Caused by: org.openqa.selenium.NoSuchElementException: An element could not be located on the page using the given search parameters. (WARNING: The server did not provide any stacktrace information)
Command duration or timeout: 61 milliseconds
For documentation on this error, please visit: http://seleniumhq.org/exceptions/no_such_element.html
Build info: version: '2.52.0', revision: '4c2593cfc3689a7fcd7be52549167e5ccc93ad28', time: '2016-02-11 11:22:43'
System info: host: 'BRPC444', ip: '10.1.10.28', os.name: 'Windows 7', os.arch: 'amd64', os.version: '6.1', java.version: '1.8.0_131'
Driver info: org.openqa.selenium.remote.RemoteWebDriver
Capabilities [{noReset=true, safari=true, browserstack.tunnelIdentifier=, browserstack.asyncStop=true, language=Apache-HttpClient/4.5.1 (Java/1.8.0_131), deviceName==iPhone 6 (8.3 Simulator) [4A5F3893-FADE-437D-A2F3-D0B5CCDFFE32], platform=MAC, browserstack.video.disableWaterMark=true, desired={noReset=true, browserstack.tunnelIdentifier=, browserstack.asyncStop=true, language=Apache-HttpClient/4.5.1 (Java/1.8.0_131), deviceName==iPhone 6 (8.3 Simulator) [4A5F3893-FADE-437D-A2F3-D0B5CCDFFE32], platform=MAC, browserstack.video.disableWaterMark=true, acceptSslCerts=false, newCommandTimeout=300, browser=iphone, platformVersion=8.3, acceptSslCert=false, browserName=safari, platformName=iOS, 64bit=false, browserstack.debug=true, orientation=portrait, browserstack.ie.noFlash=false, os_version=, mobile={"browser":"mobile","version":"iPhone 6-8.3"}, version=, browserstack.video=true, safariIgnoreFraudWarning=true, orig_os=macyos, realMobile=false, deviceOrientation=PORTRAIT, device=iPhone 6, proxy_type=node}, acceptSslCerts=false, newCommandTimeout=300, browser=iphone, platformVersion=8.3, webStorageEnabled=false, acceptSslCert=false, browserName=safari, takesScreenshot=true, javascriptEnabled=true, platformName=iOS, 64bit=false, browserstack.debug=true, networkConnectionEnabled=false, orientation=portrait, browserstack.ie.noFlash=false, warnings={}, os_version=, mobile={"browser":"mobile","version":"iPhone 6-8.3"}, databaseEnabled=false, version=, browserstack.video=true, safariIgnoreFraudWarning=true, orig_os=macyos, realMobile=false, locationContextEnabled=false, deviceOrientation=PORTRAIT, device=iPhone 6, proxy_type=node}]
Session ID: e5139a80fc983269f7ed724d07d499db7eac054c
*** Element info: {Using=id, value=txtPartyID}
	at sun.reflect.GeneratedConstructorAccessor9.newInstance(Unknown Source)
	at sun.reflect.DelegatingConstructorAccessorImpl.newInstance(DelegatingConstructorAccessorImpl.java:45)
	at java.lang.reflect.Constructor.newInstance(Constructor.java:423)
	at org.openqa.selenium.remote.ErrorHandler.createThrowable(ErrorHandler.java:206)
	at org.openqa.selenium.remote.ErrorHandler.throwIfResponseFailed(ErrorHandler.java:158)
	at org.openqa.selenium.remote.RemoteWebDriver.execute(RemoteWebDriver.java:678)
	at org.openqa.selenium.remote.RemoteWebDriver.findElement(RemoteWebDriver.java:363)
	at org.openqa.selenium.remote.RemoteWebDriver.findElementById(RemoteWebDriver.java:413)
	at org.openqa.selenium.By$ById.findElement(By.java:218)
	at org.openqa.selenium.remote.RemoteWebDriver.findElement(RemoteWebDriver.java:355)
	at org.openqa.selenium.support.pagefactory.DefaultElementLocator.findElement(DefaultElementLocator.java:69)
	at org.openqa.selenium.support.pagefactory.internal.LocatingElementHandler.invoke(LocatingElementHandler.java:38)
	at com.sun.proxy.$Proxy6.isDisplayed(Unknown Source)
	at org.openqa.selenium.support.ui.ExpectedConditions.elementIfVisible(ExpectedConditions.java:302)
	at org.openqa.selenium.support.ui.ExpectedConditions.access$100(ExpectedConditions.java:41)
	at org.openqa.selenium.support.ui.ExpectedConditions$10.apply(ExpectedConditions.java:288)
	at org.openqa.selenium.support.ui.ExpectedConditions$10.apply(ExpectedConditions.java:285)
	at org.openqa.selenium.support.ui.FluentWait.until(FluentWait.java:238)
	... 23 more
]]>
            </full-stacktrace>
          </exception> <!-- org.openqa.selenium.TimeoutException -->
          <reporter-output>
          </reporter-output>
        </test-method> <!-- main -->
        <test-method status="PASS" signature="tearDown()[pri:0, instance:com.backroads.atlas.testcases.UI.AtlasLeaderOnlyUSTest005@60addb54]" name="tearDown" is-config="true" duration-ms="20288" started-at="2017-07-28T15:37:44Z" finished-at="2017-07-28T15:38:04Z">
          <reporter-output>
          </reporter-output>
        </test-method> <!-- tearDown -->
      </class> <!-- com.backroads.atlas.testcases.UI.AtlasLeaderOnlyUSTest005 -->
    </test> <!-- atlas_iPhone6Test -->
  </suite> <!-- Parallel -->
</testng-results>
