-------------------------------------------------------------------------------
Test set: TestSuite
-------------------------------------------------------------------------------
Tests run: 30, Failures: 19, Errors: 0, Skipped: 0, Time elapsed: 1,094.299 sec <<< FAILURE! - in TestSuite
main(com.backroads.atlas.testcases.UI.AtlasLeaderOnlyUSTest008)  Time elapsed: 2.322 sec  <<< FAILURE!
org.openqa.selenium.NoSuchElementException: An element could not be located on the page using the given search parameters. (WARNING: The server did not provide any stacktrace information)
Command duration or timeout: 3.13 seconds
For documentation on this error, please visit: http://seleniumhq.org/exceptions/no_such_element.html
Build info: version: '2.52.0', revision: '4c2593cfc3689a7fcd7be52549167e5ccc93ad28', time: '2016-02-11 11:22:43'
System info: host: 'BRPC444', ip: '10.1.10.107', os.name: 'Windows 7', os.arch: 'amd64', os.version: '6.1', java.version: '1.8.0_111'
Driver info: org.openqa.selenium.remote.RemoteWebDriver
Capabilities [{noReset=true, safari=true, browserstack.tunnelIdentifier=, browserstack.asyncStop=true, language=Apache-HttpClient/4.5.1 (Java/1.8.0_111), deviceName==iPhone 6 (8.3 Simulator) [14312C91-A497-469E-89E4-3DEEA2FD7159], platform=MAC, browserstack.video.disableWaterMark=true, desired={noReset=true, browserstack.tunnelIdentifier=, browserstack.asyncStop=true, language=Apache-HttpClient/4.5.1 (Java/1.8.0_111), deviceName==iPhone 6 (8.3 Simulator) [14312C91-A497-469E-89E4-3DEEA2FD7159], platform=MAC, browserstack.video.disableWaterMark=true, acceptSslCerts=false, newCommandTimeout=300, browser=iphone, platformVersion=8.3, acceptSslCert=false, browserName=safari, platformName=iOS, 64bit=false, browserstack.debug=true, orientation=portrait, browserstack.ie.noFlash=false, os_version=, mobile={"browser":"mobile","version":"iPhone 6-8.3"}, version=, browserstack.video=true, browserstack.ci_plugin=jenkins, safariIgnoreFraudWarning=true, orig_os=macyos, realMobile=false, deviceOrientation=PORTRAIT, device=iPhone 6, proxy_type=node}, acceptSslCerts=false, newCommandTimeout=300, browser=iphone, platformVersion=8.3, webStorageEnabled=false, acceptSslCert=false, browserName=safari, takesScreenshot=true, javascriptEnabled=true, platformName=iOS, 64bit=false, browserstack.debug=true, networkConnectionEnabled=false, orientation=portrait, browserstack.ie.noFlash=false, warnings={}, os_version=, mobile={"browser":"mobile","version":"iPhone 6-8.3"}, databaseEnabled=false, version=, browserstack.video=true, browserstack.ci_plugin=jenkins, safariIgnoreFraudWarning=true, orig_os=macyos, realMobile=false, locationContextEnabled=false, deviceOrientation=PORTRAIT, device=iPhone 6, proxy_type=node}]
Session ID: e8d711ce86ba89c1127db2dd1cc87be37ea4b481
*** Element info: {Using=css selector, value=body > h1}
	at sun.reflect.GeneratedConstructorAccessor12.newInstance(Unknown Source)
	at sun.reflect.DelegatingConstructorAccessorImpl.newInstance(DelegatingConstructorAccessorImpl.java:45)
	at java.lang.reflect.Constructor.newInstance(Constructor.java:423)
	at org.openqa.selenium.remote.ErrorHandler.createThrowable(ErrorHandler.java:206)
	at org.openqa.selenium.remote.ErrorHandler.throwIfResponseFailed(ErrorHandler.java:158)
	at org.openqa.selenium.remote.RemoteWebDriver.execute(RemoteWebDriver.java:678)
	at org.openqa.selenium.remote.RemoteWebDriver.findElement(RemoteWebDriver.java:363)
	at org.openqa.selenium.remote.RemoteWebDriver.findElementByCssSelector(RemoteWebDriver.java:492)
	at org.openqa.selenium.By$ByCssSelector.findElement(By.java:430)
	at org.openqa.selenium.remote.RemoteWebDriver.findElement(RemoteWebDriver.java:355)
	at org.openqa.selenium.support.pagefactory.DefaultElementLocator.findElement(DefaultElementLocator.java:69)
	at org.openqa.selenium.support.pagefactory.internal.LocatingElementHandler.invoke(LocatingElementHandler.java:38)
	at com.sun.proxy.$Proxy6.getText(Unknown Source)
	at com.backroads.webdriver.pageobjectsfactory.pageobject.TimesheetPage.getTermsWindowTextsFromWindow(TimesheetPage.java:123)
	at com.backroads.atlas.testcases.UI.AtlasLeaderOnlyUSTest008.main(AtlasLeaderOnlyUSTest008.java:38)

main(com.backroads.atlas.testcases.UI.AtlasLeaderOnlyUSTest008)  Time elapsed: 12.803 sec  <<< FAILURE!
org.openqa.selenium.NoSuchElementException: An element could not be located on the page using the given search parameters. (WARNING: The server did not provide any stacktrace information)
Command duration or timeout: 3.10 seconds
For documentation on this error, please visit: http://seleniumhq.org/exceptions/no_such_element.html
Build info: version: '2.52.0', revision: '4c2593cfc3689a7fcd7be52549167e5ccc93ad28', time: '2016-02-11 11:22:43'
System info: host: 'BRPC444', ip: '10.1.10.107', os.name: 'Windows 7', os.arch: 'amd64', os.version: '6.1', java.version: '1.8.0_111'
Driver info: org.openqa.selenium.remote.RemoteWebDriver
Capabilities [{noReset=true, safari=true, browserstack.tunnelIdentifier=, browserstack.asyncStop=true, language=Apache-HttpClient/4.5.1 (Java/1.8.0_111), deviceName==iPhone 6s (9.1) [E1969FD4-93B0-4B54-A0CA-1C1B168A9827], platform=MAC, browserstack.video.disableWaterMark=true, desired={noReset=true, browserstack.tunnelIdentifier=, browserstack.asyncStop=true, language=Apache-HttpClient/4.5.1 (Java/1.8.0_111), deviceName==iPhone 6s (9.1) [E1969FD4-93B0-4B54-A0CA-1C1B168A9827], platform=MAC, browserstack.video.disableWaterMark=true, acceptSslCerts=false, newCommandTimeout=300, browser=iphone, platformVersion=9.1, acceptSslCert=false, browserName=safari, platformName=iOS, 64bit=false, browserstack.debug=true, orientation=portrait, browserstack.ie.noFlash=false, os_version=, mobile={"browser":"mobile","version":"iPhone 6S-9.1"}, version=, browserstack.video=true, browserstack.ci_plugin=jenkins, safariIgnoreFraudWarning=true, orig_os=macelc, realMobile=false, deviceOrientation=PORTRAIT, device=iPhone 6S, proxy_type=node}, acceptSslCerts=false, newCommandTimeout=300, browser=iphone, platformVersion=9.1, webStorageEnabled=false, acceptSslCert=false, browserName=safari, takesScreenshot=true, javascriptEnabled=true, platformName=iOS, 64bit=false, browserstack.debug=true, networkConnectionEnabled=false, orientation=portrait, browserstack.ie.noFlash=false, warnings={}, os_version=, mobile={"browser":"mobile","version":"iPhone 6S-9.1"}, databaseEnabled=false, version=, browserstack.video=true, browserstack.ci_plugin=jenkins, safariIgnoreFraudWarning=true, orig_os=macelc, realMobile=false, locationContextEnabled=false, deviceOrientation=PORTRAIT, device=iPhone 6S, proxy_type=node}]
Session ID: 8096fd7f5494c7d73b2aee0d7119d0f12ad4084b
*** Element info: {Using=css selector, value=body > h1}
	at sun.reflect.GeneratedConstructorAccessor12.newInstance(Unknown Source)
	at sun.reflect.DelegatingConstructorAccessorImpl.newInstance(DelegatingConstructorAccessorImpl.java:45)
	at java.lang.reflect.Constructor.newInstance(Constructor.java:423)
	at org.openqa.selenium.remote.ErrorHandler.createThrowable(ErrorHandler.java:206)
	at org.openqa.selenium.remote.ErrorHandler.throwIfResponseFailed(ErrorHandler.java:158)
	at org.openqa.selenium.remote.RemoteWebDriver.execute(RemoteWebDriver.java:678)
	at org.openqa.selenium.remote.RemoteWebDriver.findElement(RemoteWebDriver.java:363)
	at org.openqa.selenium.remote.RemoteWebDriver.findElementByCssSelector(RemoteWebDriver.java:492)
	at org.openqa.selenium.By$ByCssSelector.findElement(By.java:430)
	at org.openqa.selenium.remote.RemoteWebDriver.findElement(RemoteWebDriver.java:355)
	at org.openqa.selenium.support.pagefactory.DefaultElementLocator.findElement(DefaultElementLocator.java:69)
	at org.openqa.selenium.support.pagefactory.internal.LocatingElementHandler.invoke(LocatingElementHandler.java:38)
	at com.sun.proxy.$Proxy6.getText(Unknown Source)
	at com.backroads.webdriver.pageobjectsfactory.pageobject.TimesheetPage.getTermsWindowTextsFromWindow(TimesheetPage.java:123)
	at com.backroads.atlas.testcases.UI.AtlasLeaderOnlyUSTest008.main(AtlasLeaderOnlyUSTest008.java:38)

main(com.backroads.atlas.testcases.UI.AtlasLeaderOnlyUSTest008)  Time elapsed: 6.889 sec  <<< FAILURE!
java.lang.AssertionError: expected [I have reviewed my time records for the week/pay period noted. The time records accurately reflect the total hours worked in the work week, and, for work done in the State of California, for the date noted. For work outside of California, I understand that as long as the total time I worked for the week is accurate, I need not make adjustments that would otherwise cancel each other out in that workweek although I can if I want (e.g., add 1 hour to Wednesday and subtract 1 hour from Thursday).
Where necessary to conform to the actual hours worked, I have adjusted the estimated times up or down to reflect those hours I actually worked.
I have recorded all time worked, and I understand that it is against the policy of Backroads Utah to work off the clock; and I have not done so.
I am familiar with Backroads Utah's meal and rest period policy. I have been provided meal and rest periods on a daily basis in this pay period that are consistent with that policy. I understand the procedure for reporting when I did not receive a meal or rest period, and I have utilized that procedure to report any such situation on any particular day.] but found [I have reviewed my time records for the week/pay period noted. The time records accurately reflect the total hours worked in the work week, and, for work done in the State of California, for the date noted. For work outside of California, I understand that as long as the total time I worked for the week is accurate, I need not make adjustments that would otherwise cancel each other out in that workweek although I can if I want (e.g., add 1 hour to Wednesday and subtract 1 hour from Thursday).
Where necessary to conform to the actual hours worked, I have adjusted the estimated times up or down to reflect those hours I actually worked.
I have recorded all time worked, and I understand that it is against the policy of Backroads Utah to work off the clock; and I have not done so.
I am familiar with Backroads Utah’s meal and rest period policy. I have been provided meal and rest periods on a daily basis in this pay period that are consistent with that policy. I understand the procedure for reporting when I did not receive a meal or rest period, and I have utilized that procedure to report any such situation on any particular day.]
	at org.testng.Assert.fail(Assert.java:94)
	at org.testng.Assert.failNotEquals(Assert.java:513)
	at org.testng.Assert.assertEqualsImpl(Assert.java:135)
	at org.testng.Assert.assertEquals(Assert.java:116)
	at org.testng.Assert.assertEquals(Assert.java:190)
	at org.testng.Assert.assertEquals(Assert.java:200)
	at com.backroads.atlas.testcases.UI.AtlasLeaderOnlyUSTest008.main(AtlasLeaderOnlyUSTest008.java:40)

main(com.backroads.atlas.testcases.UI.AtlasLeaderOnlyUSTest009)  Time elapsed: 3.89 sec  <<< FAILURE!
org.openqa.selenium.NoSuchElementException: An element could not be located on the page using the given search parameters. (WARNING: The server did not provide any stacktrace information)
Command duration or timeout: 50 milliseconds
For documentation on this error, please visit: http://seleniumhq.org/exceptions/no_such_element.html
Build info: version: '2.52.0', revision: '4c2593cfc3689a7fcd7be52549167e5ccc93ad28', time: '2016-02-11 11:22:43'
System info: host: 'BRPC444', ip: '10.1.10.107', os.name: 'Windows 7', os.arch: 'amd64', os.version: '6.1', java.version: '1.8.0_111'
Driver info: org.openqa.selenium.remote.RemoteWebDriver
Capabilities [{noReset=true, safari=true, browserstack.tunnelIdentifier=, browserstack.asyncStop=true, language=Apache-HttpClient/4.5.1 (Java/1.8.0_111), deviceName==iPhone 6 (8.3 Simulator) [9C93DC61-8C50-4FF5-B9C6-F0AA82572C71], platform=MAC, browserstack.video.disableWaterMark=true, desired={noReset=true, browserstack.tunnelIdentifier=, browserstack.asyncStop=true, language=Apache-HttpClient/4.5.1 (Java/1.8.0_111), deviceName==iPhone 6 (8.3 Simulator) [9C93DC61-8C50-4FF5-B9C6-F0AA82572C71], platform=MAC, browserstack.video.disableWaterMark=true, acceptSslCerts=false, newCommandTimeout=300, browser=iphone, platformVersion=8.3, acceptSslCert=false, browserName=safari, platformName=iOS, 64bit=false, browserstack.debug=true, orientation=portrait, browserstack.ie.noFlash=false, os_version=, mobile={"browser":"mobile","version":"iPhone 6-8.3"}, version=, browserstack.video=true, browserstack.ci_plugin=jenkins, safariIgnoreFraudWarning=true, orig_os=macyos, realMobile=false, deviceOrientation=PORTRAIT, device=iPhone 6, proxy_type=node}, acceptSslCerts=false, newCommandTimeout=300, browser=iphone, platformVersion=8.3, webStorageEnabled=false, acceptSslCert=false, browserName=safari, takesScreenshot=true, javascriptEnabled=true, platformName=iOS, 64bit=false, browserstack.debug=true, networkConnectionEnabled=false, orientation=portrait, browserstack.ie.noFlash=false, warnings={}, os_version=, mobile={"browser":"mobile","version":"iPhone 6-8.3"}, databaseEnabled=false, version=, browserstack.video=true, browserstack.ci_plugin=jenkins, safariIgnoreFraudWarning=true, orig_os=macyos, realMobile=false, locationContextEnabled=false, deviceOrientation=PORTRAIT, device=iPhone 6, proxy_type=node}]
Session ID: 8fcfcaf397e364577386c63dd42290337bd41959
*** Element info: {Using=css selector, value=#grdPayroll > tbody}
	at sun.reflect.GeneratedConstructorAccessor12.newInstance(Unknown Source)
	at sun.reflect.DelegatingConstructorAccessorImpl.newInstance(DelegatingConstructorAccessorImpl.java:45)
	at java.lang.reflect.Constructor.newInstance(Constructor.java:423)
	at org.openqa.selenium.remote.ErrorHandler.createThrowable(ErrorHandler.java:206)
	at org.openqa.selenium.remote.ErrorHandler.throwIfResponseFailed(ErrorHandler.java:158)
	at org.openqa.selenium.remote.RemoteWebDriver.execute(RemoteWebDriver.java:678)
	at org.openqa.selenium.remote.RemoteWebDriver.findElement(RemoteWebDriver.java:363)
	at org.openqa.selenium.remote.RemoteWebDriver.findElementByCssSelector(RemoteWebDriver.java:492)
	at org.openqa.selenium.By$ByCssSelector.findElement(By.java:430)
	at org.openqa.selenium.remote.RemoteWebDriver.findElement(RemoteWebDriver.java:355)
	at org.openqa.selenium.support.pagefactory.DefaultElementLocator.findElement(DefaultElementLocator.java:69)
	at org.openqa.selenium.support.pagefactory.internal.LocatingElementHandler.invoke(LocatingElementHandler.java:38)
	at com.sun.proxy.$Proxy6.findElements(Unknown Source)
	at com.backroads.webdriver.common.util.TableHandler.getColumnsAsList(TableHandler.java:38)
	at com.backroads.webdriver.pageobjectsfactory.pageobject.TimesheetPage.isLeaderActDatesAsc(TimesheetPage.java:168)
	at com.backroads.atlas.testcases.UI.AtlasLeaderOnlyUSTest009.main(AtlasLeaderOnlyUSTest009.java:37)

main(com.backroads.atlas.testcases.UI.AtlasLeaderOnlyUSTest011_Dinner)  Time elapsed: 3.905 sec  <<< FAILURE!
org.openqa.selenium.NoSuchElementException: An element could not be located on the page using the given search parameters. (WARNING: The server did not provide any stacktrace information)
Command duration or timeout: 52 milliseconds
For documentation on this error, please visit: http://seleniumhq.org/exceptions/no_such_element.html
Build info: version: '2.52.0', revision: '4c2593cfc3689a7fcd7be52549167e5ccc93ad28', time: '2016-02-11 11:22:43'
System info: host: 'BRPC444', ip: '10.1.10.107', os.name: 'Windows 7', os.arch: 'amd64', os.version: '6.1', java.version: '1.8.0_111'
Driver info: org.openqa.selenium.remote.RemoteWebDriver
Capabilities [{noReset=true, safari=true, browserstack.tunnelIdentifier=, browserstack.asyncStop=true, language=Apache-HttpClient/4.5.1 (Java/1.8.0_111), deviceName==iPhone 6 (8.3 Simulator) [D7BC1B4A-A9C0-425C-9156-CBA3701FFB4A], platform=MAC, browserstack.video.disableWaterMark=true, desired={noReset=true, browserstack.tunnelIdentifier=, browserstack.asyncStop=true, language=Apache-HttpClient/4.5.1 (Java/1.8.0_111), deviceName==iPhone 6 (8.3 Simulator) [D7BC1B4A-A9C0-425C-9156-CBA3701FFB4A], platform=MAC, browserstack.video.disableWaterMark=true, acceptSslCerts=false, newCommandTimeout=300, browser=iphone, platformVersion=8.3, acceptSslCert=false, browserName=safari, platformName=iOS, 64bit=false, browserstack.debug=true, orientation=portrait, browserstack.ie.noFlash=false, os_version=, mobile={"browser":"mobile","version":"iPhone 6-8.3"}, version=, browserstack.video=true, browserstack.ci_plugin=jenkins, safariIgnoreFraudWarning=true, orig_os=macyos, realMobile=false, deviceOrientation=PORTRAIT, device=iPhone 6, proxy_type=node}, acceptSslCerts=false, newCommandTimeout=300, browser=iphone, platformVersion=8.3, webStorageEnabled=false, acceptSslCert=false, browserName=safari, takesScreenshot=true, javascriptEnabled=true, platformName=iOS, 64bit=false, browserstack.debug=true, networkConnectionEnabled=false, orientation=portrait, browserstack.ie.noFlash=false, warnings={}, os_version=, mobile={"browser":"mobile","version":"iPhone 6-8.3"}, databaseEnabled=false, version=, browserstack.video=true, browserstack.ci_plugin=jenkins, safariIgnoreFraudWarning=true, orig_os=macyos, realMobile=false, locationContextEnabled=false, deviceOrientation=PORTRAIT, device=iPhone 6, proxy_type=node}]
Session ID: 20bc32ab56b35a34dc27a9e8dbd6a9a33bd8fb13
*** Element info: {Using=css selector, value=#grdPayroll > tbody}
	at sun.reflect.GeneratedConstructorAccessor12.newInstance(Unknown Source)
	at sun.reflect.DelegatingConstructorAccessorImpl.newInstance(DelegatingConstructorAccessorImpl.java:45)
	at java.lang.reflect.Constructor.newInstance(Constructor.java:423)
	at org.openqa.selenium.remote.ErrorHandler.createThrowable(ErrorHandler.java:206)
	at org.openqa.selenium.remote.ErrorHandler.throwIfResponseFailed(ErrorHandler.java:158)
	at org.openqa.selenium.remote.RemoteWebDriver.execute(RemoteWebDriver.java:678)
	at org.openqa.selenium.remote.RemoteWebDriver.findElement(RemoteWebDriver.java:363)
	at org.openqa.selenium.remote.RemoteWebDriver.findElementByCssSelector(RemoteWebDriver.java:492)
	at org.openqa.selenium.By$ByCssSelector.findElement(By.java:430)
	at org.openqa.selenium.remote.RemoteWebDriver.findElement(RemoteWebDriver.java:355)
	at org.openqa.selenium.support.pagefactory.DefaultElementLocator.findElement(DefaultElementLocator.java:69)
	at org.openqa.selenium.support.pagefactory.internal.LocatingElementHandler.invoke(LocatingElementHandler.java:38)
	at com.sun.proxy.$Proxy6.findElements(Unknown Source)
	at com.backroads.webdriver.common.util.TableHandler.getColumnsAsList(TableHandler.java:38)
	at com.backroads.webdriver.pageobjectsfactory.pageobject.TimesheetPage.isDayColRepresentExpHoursColmn(TimesheetPage.java:186)
	at com.backroads.atlas.testcases.UI.AtlasLeaderOnlyUSTest011_Dinner.main(AtlasLeaderOnlyUSTest011_Dinner.java:37)

main(com.backroads.atlas.testcases.UI.AtlasLeaderOnlyUSTest009)  Time elapsed: 6.537 sec  <<< FAILURE!
org.openqa.selenium.NoSuchElementException: An element could not be located on the page using the given search parameters. (WARNING: The server did not provide any stacktrace information)
Command duration or timeout: 63 milliseconds
For documentation on this error, please visit: http://seleniumhq.org/exceptions/no_such_element.html
Build info: version: '2.52.0', revision: '4c2593cfc3689a7fcd7be52549167e5ccc93ad28', time: '2016-02-11 11:22:43'
System info: host: 'BRPC444', ip: '10.1.10.107', os.name: 'Windows 7', os.arch: 'amd64', os.version: '6.1', java.version: '1.8.0_111'
Driver info: org.openqa.selenium.remote.RemoteWebDriver
Capabilities [{noReset=true, safari=true, browserstack.tunnelIdentifier=, browserstack.asyncStop=true, language=Apache-HttpClient/4.5.1 (Java/1.8.0_111), deviceName==iPhone 6s (9.1) [1176F80A-B8F9-4F5B-B9FE-E5051B2F69BC], platform=MAC, browserstack.video.disableWaterMark=true, desired={noReset=true, browserstack.tunnelIdentifier=, browserstack.asyncStop=true, language=Apache-HttpClient/4.5.1 (Java/1.8.0_111), deviceName==iPhone 6s (9.1) [1176F80A-B8F9-4F5B-B9FE-E5051B2F69BC], platform=MAC, browserstack.video.disableWaterMark=true, acceptSslCerts=false, newCommandTimeout=300, browser=iphone, platformVersion=9.1, acceptSslCert=false, browserName=safari, platformName=iOS, 64bit=false, browserstack.debug=true, orientation=portrait, browserstack.ie.noFlash=false, os_version=, mobile={"browser":"mobile","version":"iPhone 6S-9.1"}, version=, browserstack.video=true, browserstack.ci_plugin=jenkins, safariIgnoreFraudWarning=true, orig_os=macelc, realMobile=false, deviceOrientation=PORTRAIT, device=iPhone 6S, proxy_type=node}, acceptSslCerts=false, newCommandTimeout=300, browser=iphone, platformVersion=9.1, webStorageEnabled=false, acceptSslCert=false, browserName=safari, takesScreenshot=true, javascriptEnabled=true, platformName=iOS, 64bit=false, browserstack.debug=true, networkConnectionEnabled=false, orientation=portrait, browserstack.ie.noFlash=false, warnings={}, os_version=, mobile={"browser":"mobile","version":"iPhone 6S-9.1"}, databaseEnabled=false, version=, browserstack.video=true, browserstack.ci_plugin=jenkins, safariIgnoreFraudWarning=true, orig_os=macelc, realMobile=false, locationContextEnabled=false, deviceOrientation=PORTRAIT, device=iPhone 6S, proxy_type=node}]
Session ID: 3858df1cea6a1e80d8467de6df22ada3fbbb2aae
*** Element info: {Using=css selector, value=#grdPayroll > tbody}
	at sun.reflect.GeneratedConstructorAccessor12.newInstance(Unknown Source)
	at sun.reflect.DelegatingConstructorAccessorImpl.newInstance(DelegatingConstructorAccessorImpl.java:45)
	at java.lang.reflect.Constructor.newInstance(Constructor.java:423)
	at org.openqa.selenium.remote.ErrorHandler.createThrowable(ErrorHandler.java:206)
	at org.openqa.selenium.remote.ErrorHandler.throwIfResponseFailed(ErrorHandler.java:158)
	at org.openqa.selenium.remote.RemoteWebDriver.execute(RemoteWebDriver.java:678)
	at org.openqa.selenium.remote.RemoteWebDriver.findElement(RemoteWebDriver.java:363)
	at org.openqa.selenium.remote.RemoteWebDriver.findElementByCssSelector(RemoteWebDriver.java:492)
	at org.openqa.selenium.By$ByCssSelector.findElement(By.java:430)
	at org.openqa.selenium.remote.RemoteWebDriver.findElement(RemoteWebDriver.java:355)
	at org.openqa.selenium.support.pagefactory.DefaultElementLocator.findElement(DefaultElementLocator.java:69)
	at org.openqa.selenium.support.pagefactory.internal.LocatingElementHandler.invoke(LocatingElementHandler.java:38)
	at com.sun.proxy.$Proxy6.findElements(Unknown Source)
	at com.backroads.webdriver.common.util.TableHandler.getColumnsAsList(TableHandler.java:38)
	at com.backroads.webdriver.pageobjectsfactory.pageobject.TimesheetPage.isLeaderActDatesAsc(TimesheetPage.java:168)
	at com.backroads.atlas.testcases.UI.AtlasLeaderOnlyUSTest009.main(AtlasLeaderOnlyUSTest009.java:37)

main(com.backroads.atlas.testcases.UI.AtlasLeaderOnlyUSTest011_Dinner)  Time elapsed: 6.587 sec  <<< FAILURE!
org.openqa.selenium.NoSuchElementException: An element could not be located on the page using the given search parameters. (WARNING: The server did not provide any stacktrace information)
Command duration or timeout: 63 milliseconds
For documentation on this error, please visit: http://seleniumhq.org/exceptions/no_such_element.html
Build info: version: '2.52.0', revision: '4c2593cfc3689a7fcd7be52549167e5ccc93ad28', time: '2016-02-11 11:22:43'
System info: host: 'BRPC444', ip: '10.1.10.107', os.name: 'Windows 7', os.arch: 'amd64', os.version: '6.1', java.version: '1.8.0_111'
Driver info: org.openqa.selenium.remote.RemoteWebDriver
Capabilities [{noReset=true, safari=true, browserstack.tunnelIdentifier=, browserstack.asyncStop=true, language=Apache-HttpClient/4.5.1 (Java/1.8.0_111), deviceName==iPhone 6s (9.1) [224BA81B-8DFC-4BFC-A76B-88E508C4168E], platform=MAC, browserstack.video.disableWaterMark=true, desired={noReset=true, browserstack.tunnelIdentifier=, browserstack.asyncStop=true, language=Apache-HttpClient/4.5.1 (Java/1.8.0_111), deviceName==iPhone 6s (9.1) [224BA81B-8DFC-4BFC-A76B-88E508C4168E], platform=MAC, browserstack.video.disableWaterMark=true, acceptSslCerts=false, newCommandTimeout=300, browser=iphone, platformVersion=9.1, acceptSslCert=false, browserName=safari, platformName=iOS, 64bit=false, browserstack.debug=true, orientation=portrait, browserstack.ie.noFlash=false, os_version=, mobile={"browser":"mobile","version":"iPhone 6S-9.1"}, version=, browserstack.video=true, browserstack.ci_plugin=jenkins, safariIgnoreFraudWarning=true, orig_os=macelc, realMobile=false, deviceOrientation=PORTRAIT, device=iPhone 6S, proxy_type=node}, acceptSslCerts=false, newCommandTimeout=300, browser=iphone, platformVersion=9.1, webStorageEnabled=false, acceptSslCert=false, browserName=safari, takesScreenshot=true, javascriptEnabled=true, platformName=iOS, 64bit=false, browserstack.debug=true, networkConnectionEnabled=false, orientation=portrait, browserstack.ie.noFlash=false, warnings={}, os_version=, mobile={"browser":"mobile","version":"iPhone 6S-9.1"}, databaseEnabled=false, version=, browserstack.video=true, browserstack.ci_plugin=jenkins, safariIgnoreFraudWarning=true, orig_os=macelc, realMobile=false, locationContextEnabled=false, deviceOrientation=PORTRAIT, device=iPhone 6S, proxy_type=node}]
Session ID: 9f0181330e6c4707421a6e012c294c37a8c52881
*** Element info: {Using=css selector, value=#grdPayroll > tbody}
	at sun.reflect.GeneratedConstructorAccessor12.newInstance(Unknown Source)
	at sun.reflect.DelegatingConstructorAccessorImpl.newInstance(DelegatingConstructorAccessorImpl.java:45)
	at java.lang.reflect.Constructor.newInstance(Constructor.java:423)
	at org.openqa.selenium.remote.ErrorHandler.createThrowable(ErrorHandler.java:206)
	at org.openqa.selenium.remote.ErrorHandler.throwIfResponseFailed(ErrorHandler.java:158)
	at org.openqa.selenium.remote.RemoteWebDriver.execute(RemoteWebDriver.java:678)
	at org.openqa.selenium.remote.RemoteWebDriver.findElement(RemoteWebDriver.java:363)
	at org.openqa.selenium.remote.RemoteWebDriver.findElementByCssSelector(RemoteWebDriver.java:492)
	at org.openqa.selenium.By$ByCssSelector.findElement(By.java:430)
	at org.openqa.selenium.remote.RemoteWebDriver.findElement(RemoteWebDriver.java:355)
	at org.openqa.selenium.support.pagefactory.DefaultElementLocator.findElement(DefaultElementLocator.java:69)
	at org.openqa.selenium.support.pagefactory.internal.LocatingElementHandler.invoke(LocatingElementHandler.java:38)
	at com.sun.proxy.$Proxy6.findElements(Unknown Source)
	at com.backroads.webdriver.common.util.TableHandler.getColumnsAsList(TableHandler.java:38)
	at com.backroads.webdriver.pageobjectsfactory.pageobject.TimesheetPage.isDayColRepresentExpHoursColmn(TimesheetPage.java:186)
	at com.backroads.atlas.testcases.UI.AtlasLeaderOnlyUSTest011_Dinner.main(AtlasLeaderOnlyUSTest011_Dinner.java:37)

main(com.backroads.atlas.testcases.UI.AtlasLeaderOnlyUSTest012)  Time elapsed: 28.84 sec  <<< FAILURE!
org.testng.TestNGException: 
The data provider is trying to pass 11 parameters but the method com.backroads.atlas.testcases.UI.AtlasLeaderOnlyUSTest012#main takes 2
	at org.testng.internal.Invoker.injectParameters(Invoker.java:1229)
	at org.testng.internal.Invoker.invokeTestMethods(Invoker.java:1122)
	at org.testng.internal.TestMethodWorker.invokeTestMethods(TestMethodWorker.java:129)
	at org.testng.internal.TestMethodWorker.run(TestMethodWorker.java:112)
	at org.testng.TestRunner.privateRun(TestRunner.java:782)
	at org.testng.TestRunner.run(TestRunner.java:632)
	at org.testng.SuiteRunner.runTest(SuiteRunner.java:366)
	at org.testng.SuiteRunner.access$000(SuiteRunner.java:39)
	at org.testng.SuiteRunner$SuiteWorker.run(SuiteRunner.java:400)
	at org.testng.internal.thread.ThreadUtil$2.call(ThreadUtil.java:64)
	at java.util.concurrent.FutureTask.run(FutureTask.java:266)
	at java.util.concurrent.ThreadPoolExecutor.runWorker(ThreadPoolExecutor.java:1142)
	at java.util.concurrent.ThreadPoolExecutor$Worker.run(ThreadPoolExecutor.java:617)
	at java.lang.Thread.run(Thread.java:745)

main(com.backroads.atlas.testcases.UI.AtlasLeaderOnlyUSTest014)  Time elapsed: 28.842 sec  <<< FAILURE!
org.testng.TestNGException: 
The data provider is trying to pass 1 parameters but the method com.backroads.atlas.testcases.UI.AtlasLeaderOnlyUSTest014#main takes 2 and TestNG is unable in inject a suitable object
	at org.testng.internal.Invoker.injectParameters(Invoker.java:1253)
	at org.testng.internal.Invoker.invokeTestMethods(Invoker.java:1122)
	at org.testng.internal.TestMethodWorker.invokeTestMethods(TestMethodWorker.java:129)
	at org.testng.internal.TestMethodWorker.run(TestMethodWorker.java:112)
	at org.testng.TestRunner.privateRun(TestRunner.java:782)
	at org.testng.TestRunner.run(TestRunner.java:632)
	at org.testng.SuiteRunner.runTest(SuiteRunner.java:366)
	at org.testng.SuiteRunner.access$000(SuiteRunner.java:39)
	at org.testng.SuiteRunner$SuiteWorker.run(SuiteRunner.java:400)
	at org.testng.internal.thread.ThreadUtil$2.call(ThreadUtil.java:64)
	at java.util.concurrent.FutureTask.run(FutureTask.java:266)
	at java.util.concurrent.ThreadPoolExecutor.runWorker(ThreadPoolExecutor.java:1142)
	at java.util.concurrent.ThreadPoolExecutor$Worker.run(ThreadPoolExecutor.java:617)
	at java.lang.Thread.run(Thread.java:745)
Caused by: java.lang.ArrayIndexOutOfBoundsException: 1
	at org.testng.internal.Invoker.injectParameters(Invoker.java:1249)
	at org.testng.internal.Invoker.invokeTestMethods(Invoker.java:1122)
	at org.testng.internal.TestMethodWorker.invokeTestMethods(TestMethodWorker.java:129)
	at org.testng.internal.TestMethodWorker.run(TestMethodWorker.java:112)
	at org.testng.TestRunner.privateRun(TestRunner.java:782)
	at org.testng.TestRunner.run(TestRunner.java:632)
	at org.testng.SuiteRunner.runTest(SuiteRunner.java:366)
	at org.testng.SuiteRunner.access$000(SuiteRunner.java:39)
	at org.testng.SuiteRunner$SuiteWorker.run(SuiteRunner.java:400)
	at org.testng.internal.thread.ThreadUtil$2.call(ThreadUtil.java:64)
	at java.util.concurrent.FutureTask.run(FutureTask.java:266)
	at java.util.concurrent.ThreadPoolExecutor.runWorker(ThreadPoolExecutor.java:1142)
	at java.util.concurrent.ThreadPoolExecutor$Worker.run(ThreadPoolExecutor.java:617)
	at java.lang.Thread.run(Thread.java:745)

main(com.backroads.atlas.testcases.UI.AtlasLeaderOnlyUSTest011_Regular)  Time elapsed: 6.589 sec  <<< FAILURE!
org.openqa.selenium.NoSuchElementException: An element could not be located on the page using the given search parameters. (WARNING: The server did not provide any stacktrace information)
Command duration or timeout: 55 milliseconds
For documentation on this error, please visit: http://seleniumhq.org/exceptions/no_such_element.html
Build info: version: '2.52.0', revision: '4c2593cfc3689a7fcd7be52549167e5ccc93ad28', time: '2016-02-11 11:22:43'
System info: host: 'BRPC444', ip: '10.1.10.107', os.name: 'Windows 7', os.arch: 'amd64', os.version: '6.1', java.version: '1.8.0_111'
Driver info: org.openqa.selenium.remote.RemoteWebDriver
Capabilities [{noReset=true, safari=true, browserstack.tunnelIdentifier=, browserstack.asyncStop=true, language=Apache-HttpClient/4.5.1 (Java/1.8.0_111), deviceName==iPhone 6s (9.1) [71C5E511-E11C-4524-AC17-CA50A08D41E9], platform=MAC, browserstack.video.disableWaterMark=true, desired={noReset=true, browserstack.tunnelIdentifier=, browserstack.asyncStop=true, language=Apache-HttpClient/4.5.1 (Java/1.8.0_111), deviceName==iPhone 6s (9.1) [71C5E511-E11C-4524-AC17-CA50A08D41E9], platform=MAC, browserstack.video.disableWaterMark=true, acceptSslCerts=false, newCommandTimeout=300, browser=iphone, platformVersion=9.1, acceptSslCert=false, browserName=safari, platformName=iOS, 64bit=false, browserstack.debug=true, orientation=portrait, browserstack.ie.noFlash=false, os_version=, mobile={"browser":"mobile","version":"iPhone 6S-9.1"}, version=, browserstack.video=true, browserstack.ci_plugin=jenkins, safariIgnoreFraudWarning=true, orig_os=macelc, realMobile=false, deviceOrientation=PORTRAIT, device=iPhone 6S, proxy_type=node}, acceptSslCerts=false, newCommandTimeout=300, browser=iphone, platformVersion=9.1, webStorageEnabled=false, acceptSslCert=false, browserName=safari, takesScreenshot=true, javascriptEnabled=true, platformName=iOS, 64bit=false, browserstack.debug=true, networkConnectionEnabled=false, orientation=portrait, browserstack.ie.noFlash=false, warnings={}, os_version=, mobile={"browser":"mobile","version":"iPhone 6S-9.1"}, databaseEnabled=false, version=, browserstack.video=true, browserstack.ci_plugin=jenkins, safariIgnoreFraudWarning=true, orig_os=macelc, realMobile=false, locationContextEnabled=false, deviceOrientation=PORTRAIT, device=iPhone 6S, proxy_type=node}]
Session ID: f403f78265b7635fda5beec995293d0df70830b6
*** Element info: {Using=css selector, value=#grdPayroll > tbody}
	at sun.reflect.GeneratedConstructorAccessor12.newInstance(Unknown Source)
	at sun.reflect.DelegatingConstructorAccessorImpl.newInstance(DelegatingConstructorAccessorImpl.java:45)
	at java.lang.reflect.Constructor.newInstance(Constructor.java:423)
	at org.openqa.selenium.remote.ErrorHandler.createThrowable(ErrorHandler.java:206)
	at org.openqa.selenium.remote.ErrorHandler.throwIfResponseFailed(ErrorHandler.java:158)
	at org.openqa.selenium.remote.RemoteWebDriver.execute(RemoteWebDriver.java:678)
	at org.openqa.selenium.remote.RemoteWebDriver.findElement(RemoteWebDriver.java:363)
	at org.openqa.selenium.remote.RemoteWebDriver.findElementByCssSelector(RemoteWebDriver.java:492)
	at org.openqa.selenium.By$ByCssSelector.findElement(By.java:430)
	at org.openqa.selenium.remote.RemoteWebDriver.findElement(RemoteWebDriver.java:355)
	at org.openqa.selenium.support.pagefactory.DefaultElementLocator.findElement(DefaultElementLocator.java:69)
	at org.openqa.selenium.support.pagefactory.internal.LocatingElementHandler.invoke(LocatingElementHandler.java:38)
	at com.sun.proxy.$Proxy6.findElements(Unknown Source)
	at com.backroads.webdriver.common.util.TableHandler.getColumnsAsList(TableHandler.java:38)
	at com.backroads.webdriver.pageobjectsfactory.pageobject.TimesheetPage.isDayColRepresentExpHoursColmn(TimesheetPage.java:186)
	at com.backroads.atlas.testcases.UI.AtlasLeaderOnlyUSTest011_Regular.main(AtlasLeaderOnlyUSTest011_Regular.java:37)

main(com.backroads.atlas.testcases.UI.AtlasLeaderOnlyUSTest012)  Time elapsed: 34.361 sec  <<< FAILURE!
org.testng.TestNGException: 
The data provider is trying to pass 11 parameters but the method com.backroads.atlas.testcases.UI.AtlasLeaderOnlyUSTest012#main takes 2
	at org.testng.internal.Invoker.injectParameters(Invoker.java:1229)
	at org.testng.internal.Invoker.invokeTestMethods(Invoker.java:1122)
	at org.testng.internal.TestMethodWorker.invokeTestMethods(TestMethodWorker.java:129)
	at org.testng.internal.TestMethodWorker.run(TestMethodWorker.java:112)
	at org.testng.TestRunner.privateRun(TestRunner.java:782)
	at org.testng.TestRunner.run(TestRunner.java:632)
	at org.testng.SuiteRunner.runTest(SuiteRunner.java:366)
	at org.testng.SuiteRunner.access$000(SuiteRunner.java:39)
	at org.testng.SuiteRunner$SuiteWorker.run(SuiteRunner.java:400)
	at org.testng.internal.thread.ThreadUtil$2.call(ThreadUtil.java:64)
	at java.util.concurrent.FutureTask.run(FutureTask.java:266)
	at java.util.concurrent.ThreadPoolExecutor.runWorker(ThreadPoolExecutor.java:1142)
	at java.util.concurrent.ThreadPoolExecutor$Worker.run(ThreadPoolExecutor.java:617)
	at java.lang.Thread.run(Thread.java:745)

main(com.backroads.atlas.testcases.UI.AtlasLeaderOnlyUSTest014)  Time elapsed: 34.362 sec  <<< FAILURE!
org.testng.TestNGException: 
The data provider is trying to pass 1 parameters but the method com.backroads.atlas.testcases.UI.AtlasLeaderOnlyUSTest014#main takes 2 and TestNG is unable in inject a suitable object
	at org.testng.internal.Invoker.injectParameters(Invoker.java:1253)
	at org.testng.internal.Invoker.invokeTestMethods(Invoker.java:1122)
	at org.testng.internal.TestMethodWorker.invokeTestMethods(TestMethodWorker.java:129)
	at org.testng.internal.TestMethodWorker.run(TestMethodWorker.java:112)
	at org.testng.TestRunner.privateRun(TestRunner.java:782)
	at org.testng.TestRunner.run(TestRunner.java:632)
	at org.testng.SuiteRunner.runTest(SuiteRunner.java:366)
	at org.testng.SuiteRunner.access$000(SuiteRunner.java:39)
	at org.testng.SuiteRunner$SuiteWorker.run(SuiteRunner.java:400)
	at org.testng.internal.thread.ThreadUtil$2.call(ThreadUtil.java:64)
	at java.util.concurrent.FutureTask.run(FutureTask.java:266)
	at java.util.concurrent.ThreadPoolExecutor.runWorker(ThreadPoolExecutor.java:1142)
	at java.util.concurrent.ThreadPoolExecutor$Worker.run(ThreadPoolExecutor.java:617)
	at java.lang.Thread.run(Thread.java:745)
Caused by: java.lang.ArrayIndexOutOfBoundsException: 1
	at org.testng.internal.Invoker.injectParameters(Invoker.java:1249)
	at org.testng.internal.Invoker.invokeTestMethods(Invoker.java:1122)
	at org.testng.internal.TestMethodWorker.invokeTestMethods(TestMethodWorker.java:129)
	at org.testng.internal.TestMethodWorker.run(TestMethodWorker.java:112)
	at org.testng.TestRunner.privateRun(TestRunner.java:782)
	at org.testng.TestRunner.run(TestRunner.java:632)
	at org.testng.SuiteRunner.runTest(SuiteRunner.java:366)
	at org.testng.SuiteRunner.access$000(SuiteRunner.java:39)
	at org.testng.SuiteRunner$SuiteWorker.run(SuiteRunner.java:400)
	at org.testng.internal.thread.ThreadUtil$2.call(ThreadUtil.java:64)
	at java.util.concurrent.FutureTask.run(FutureTask.java:266)
	at java.util.concurrent.ThreadPoolExecutor.runWorker(ThreadPoolExecutor.java:1142)
	at java.util.concurrent.ThreadPoolExecutor$Worker.run(ThreadPoolExecutor.java:617)
	at java.lang.Thread.run(Thread.java:745)

main(com.backroads.atlas.testcases.UI.AtlasLeaderOnlyUSTest011_Regular)  Time elapsed: 4.34 sec  <<< FAILURE!
org.openqa.selenium.NoSuchElementException: An element could not be located on the page using the given search parameters. (WARNING: The server did not provide any stacktrace information)
Command duration or timeout: 56 milliseconds
For documentation on this error, please visit: http://seleniumhq.org/exceptions/no_such_element.html
Build info: version: '2.52.0', revision: '4c2593cfc3689a7fcd7be52549167e5ccc93ad28', time: '2016-02-11 11:22:43'
System info: host: 'BRPC444', ip: '10.1.10.107', os.name: 'Windows 7', os.arch: 'amd64', os.version: '6.1', java.version: '1.8.0_111'
Driver info: org.openqa.selenium.remote.RemoteWebDriver
Capabilities [{noReset=true, safari=true, browserstack.tunnelIdentifier=, browserstack.asyncStop=true, language=Apache-HttpClient/4.5.1 (Java/1.8.0_111), deviceName==iPhone 6 (8.3 Simulator) [AF97AB4B-97BA-4F20-AE0D-2B2B124D0E15], platform=MAC, browserstack.video.disableWaterMark=true, desired={noReset=true, browserstack.tunnelIdentifier=, browserstack.asyncStop=true, language=Apache-HttpClient/4.5.1 (Java/1.8.0_111), deviceName==iPhone 6 (8.3 Simulator) [AF97AB4B-97BA-4F20-AE0D-2B2B124D0E15], platform=MAC, browserstack.video.disableWaterMark=true, acceptSslCerts=false, newCommandTimeout=300, browser=iphone, platformVersion=8.3, acceptSslCert=false, browserName=safari, platformName=iOS, 64bit=false, browserstack.debug=true, orientation=portrait, browserstack.ie.noFlash=false, os_version=, mobile={"browser":"mobile","version":"iPhone 6-8.3"}, version=, browserstack.video=true, browserstack.ci_plugin=jenkins, safariIgnoreFraudWarning=true, orig_os=macyos, realMobile=false, deviceOrientation=PORTRAIT, device=iPhone 6, proxy_type=node}, acceptSslCerts=false, newCommandTimeout=300, browser=iphone, platformVersion=8.3, webStorageEnabled=false, acceptSslCert=false, browserName=safari, takesScreenshot=true, javascriptEnabled=true, platformName=iOS, 64bit=false, browserstack.debug=true, networkConnectionEnabled=false, orientation=portrait, browserstack.ie.noFlash=false, warnings={}, os_version=, mobile={"browser":"mobile","version":"iPhone 6-8.3"}, databaseEnabled=false, version=, browserstack.video=true, browserstack.ci_plugin=jenkins, safariIgnoreFraudWarning=true, orig_os=macyos, realMobile=false, locationContextEnabled=false, deviceOrientation=PORTRAIT, device=iPhone 6, proxy_type=node}]
Session ID: cee6ee4baf017af59b2d0f6124f404a5948dc558
*** Element info: {Using=css selector, value=#grdPayroll > tbody}
	at sun.reflect.GeneratedConstructorAccessor12.newInstance(Unknown Source)
	at sun.reflect.DelegatingConstructorAccessorImpl.newInstance(DelegatingConstructorAccessorImpl.java:45)
	at java.lang.reflect.Constructor.newInstance(Constructor.java:423)
	at org.openqa.selenium.remote.ErrorHandler.createThrowable(ErrorHandler.java:206)
	at org.openqa.selenium.remote.ErrorHandler.throwIfResponseFailed(ErrorHandler.java:158)
	at org.openqa.selenium.remote.RemoteWebDriver.execute(RemoteWebDriver.java:678)
	at org.openqa.selenium.remote.RemoteWebDriver.findElement(RemoteWebDriver.java:363)
	at org.openqa.selenium.remote.RemoteWebDriver.findElementByCssSelector(RemoteWebDriver.java:492)
	at org.openqa.selenium.By$ByCssSelector.findElement(By.java:430)
	at org.openqa.selenium.remote.RemoteWebDriver.findElement(RemoteWebDriver.java:355)
	at org.openqa.selenium.support.pagefactory.DefaultElementLocator.findElement(DefaultElementLocator.java:69)
	at org.openqa.selenium.support.pagefactory.internal.LocatingElementHandler.invoke(LocatingElementHandler.java:38)
	at com.sun.proxy.$Proxy6.findElements(Unknown Source)
	at com.backroads.webdriver.common.util.TableHandler.getColumnsAsList(TableHandler.java:38)
	at com.backroads.webdriver.pageobjectsfactory.pageobject.TimesheetPage.isDayColRepresentExpHoursColmn(TimesheetPage.java:186)
	at com.backroads.atlas.testcases.UI.AtlasLeaderOnlyUSTest011_Regular.main(AtlasLeaderOnlyUSTest011_Regular.java:37)

main(com.backroads.atlas.testcases.UI.AtlasLeaderOnlyUSTest012)  Time elapsed: 4.685 sec  <<< FAILURE!
org.testng.TestNGException: 
The data provider is trying to pass 11 parameters but the method com.backroads.atlas.testcases.UI.AtlasLeaderOnlyUSTest012#main takes 2
	at org.testng.internal.Invoker.injectParameters(Invoker.java:1229)
	at org.testng.internal.Invoker.invokeTestMethods(Invoker.java:1122)
	at org.testng.internal.TestMethodWorker.invokeTestMethods(TestMethodWorker.java:129)
	at org.testng.internal.TestMethodWorker.run(TestMethodWorker.java:112)
	at org.testng.TestRunner.privateRun(TestRunner.java:782)
	at org.testng.TestRunner.run(TestRunner.java:632)
	at org.testng.SuiteRunner.runTest(SuiteRunner.java:366)
	at org.testng.SuiteRunner.access$000(SuiteRunner.java:39)
	at org.testng.SuiteRunner$SuiteWorker.run(SuiteRunner.java:400)
	at org.testng.internal.thread.ThreadUtil$2.call(ThreadUtil.java:64)
	at java.util.concurrent.FutureTask.run(FutureTask.java:266)
	at java.util.concurrent.ThreadPoolExecutor.runWorker(ThreadPoolExecutor.java:1142)
	at java.util.concurrent.ThreadPoolExecutor$Worker.run(ThreadPoolExecutor.java:617)
	at java.lang.Thread.run(Thread.java:745)

main(com.backroads.atlas.testcases.UI.AtlasLeaderOnlyUSTest014)  Time elapsed: 4.685 sec  <<< FAILURE!
org.testng.TestNGException: 
The data provider is trying to pass 1 parameters but the method com.backroads.atlas.testcases.UI.AtlasLeaderOnlyUSTest014#main takes 2 and TestNG is unable in inject a suitable object
	at org.testng.internal.Invoker.injectParameters(Invoker.java:1253)
	at org.testng.internal.Invoker.invokeTestMethods(Invoker.java:1122)
	at org.testng.internal.TestMethodWorker.invokeTestMethods(TestMethodWorker.java:129)
	at org.testng.internal.TestMethodWorker.run(TestMethodWorker.java:112)
	at org.testng.TestRunner.privateRun(TestRunner.java:782)
	at org.testng.TestRunner.run(TestRunner.java:632)
	at org.testng.SuiteRunner.runTest(SuiteRunner.java:366)
	at org.testng.SuiteRunner.access$000(SuiteRunner.java:39)
	at org.testng.SuiteRunner$SuiteWorker.run(SuiteRunner.java:400)
	at org.testng.internal.thread.ThreadUtil$2.call(ThreadUtil.java:64)
	at java.util.concurrent.FutureTask.run(FutureTask.java:266)
	at java.util.concurrent.ThreadPoolExecutor.runWorker(ThreadPoolExecutor.java:1142)
	at java.util.concurrent.ThreadPoolExecutor$Worker.run(ThreadPoolExecutor.java:617)
	at java.lang.Thread.run(Thread.java:745)
Caused by: java.lang.ArrayIndexOutOfBoundsException: 1
	at org.testng.internal.Invoker.injectParameters(Invoker.java:1249)
	at org.testng.internal.Invoker.invokeTestMethods(Invoker.java:1122)
	at org.testng.internal.TestMethodWorker.invokeTestMethods(TestMethodWorker.java:129)
	at org.testng.internal.TestMethodWorker.run(TestMethodWorker.java:112)
	at org.testng.TestRunner.privateRun(TestRunner.java:782)
	at org.testng.TestRunner.run(TestRunner.java:632)
	at org.testng.SuiteRunner.runTest(SuiteRunner.java:366)
	at org.testng.SuiteRunner.access$000(SuiteRunner.java:39)
	at org.testng.SuiteRunner$SuiteWorker.run(SuiteRunner.java:400)
	at org.testng.internal.thread.ThreadUtil$2.call(ThreadUtil.java:64)
	at java.util.concurrent.FutureTask.run(FutureTask.java:266)
	at java.util.concurrent.ThreadPoolExecutor.runWorker(ThreadPoolExecutor.java:1142)
	at java.util.concurrent.ThreadPoolExecutor$Worker.run(ThreadPoolExecutor.java:617)
	at java.lang.Thread.run(Thread.java:745)

main(com.backroads.atlas.testcases.UI.AtlasLeaderOnlyUSTest017)  Time elapsed: 6.609 sec  <<< FAILURE!
org.openqa.selenium.NoSuchElementException: An element could not be located on the page using the given search parameters. (WARNING: The server did not provide any stacktrace information)
Command duration or timeout: 98 milliseconds
For documentation on this error, please visit: http://seleniumhq.org/exceptions/no_such_element.html
Build info: version: '2.52.0', revision: '4c2593cfc3689a7fcd7be52549167e5ccc93ad28', time: '2016-02-11 11:22:43'
System info: host: 'BRPC444', ip: '10.1.10.107', os.name: 'Windows 7', os.arch: 'amd64', os.version: '6.1', java.version: '1.8.0_111'
Driver info: org.openqa.selenium.remote.RemoteWebDriver
Capabilities [{noReset=true, safari=true, browserstack.tunnelIdentifier=, browserstack.asyncStop=true, language=Apache-HttpClient/4.5.1 (Java/1.8.0_111), deviceName==iPhone 6s (9.1) [2AB8EC54-3A55-424B-B648-B2CC0E2CA58B], platform=MAC, browserstack.video.disableWaterMark=true, desired={noReset=true, browserstack.tunnelIdentifier=, browserstack.asyncStop=true, language=Apache-HttpClient/4.5.1 (Java/1.8.0_111), deviceName==iPhone 6s (9.1) [2AB8EC54-3A55-424B-B648-B2CC0E2CA58B], platform=MAC, browserstack.video.disableWaterMark=true, acceptSslCerts=false, newCommandTimeout=300, browser=iphone, platformVersion=9.1, acceptSslCert=false, browserName=safari, platformName=iOS, 64bit=false, browserstack.debug=true, orientation=portrait, browserstack.ie.noFlash=false, os_version=, mobile={"browser":"mobile","version":"iPhone 6S-9.1"}, version=, browserstack.video=true, browserstack.ci_plugin=jenkins, safariIgnoreFraudWarning=true, orig_os=macelc, realMobile=false, deviceOrientation=PORTRAIT, device=iPhone 6S, proxy_type=node}, acceptSslCerts=false, newCommandTimeout=300, browser=iphone, platformVersion=9.1, webStorageEnabled=false, acceptSslCert=false, browserName=safari, takesScreenshot=true, javascriptEnabled=true, platformName=iOS, 64bit=false, browserstack.debug=true, networkConnectionEnabled=false, orientation=portrait, browserstack.ie.noFlash=false, warnings={}, os_version=, mobile={"browser":"mobile","version":"iPhone 6S-9.1"}, databaseEnabled=false, version=, browserstack.video=true, browserstack.ci_plugin=jenkins, safariIgnoreFraudWarning=true, orig_os=macelc, realMobile=false, locationContextEnabled=false, deviceOrientation=PORTRAIT, device=iPhone 6S, proxy_type=node}]
Session ID: af419931a7039676ea6b1969d66059c69dd7176a
*** Element info: {Using=css selector, value=#grdPayroll > tbody}
	at sun.reflect.GeneratedConstructorAccessor12.newInstance(Unknown Source)
	at sun.reflect.DelegatingConstructorAccessorImpl.newInstance(DelegatingConstructorAccessorImpl.java:45)
	at java.lang.reflect.Constructor.newInstance(Constructor.java:423)
	at org.openqa.selenium.remote.ErrorHandler.createThrowable(ErrorHandler.java:206)
	at org.openqa.selenium.remote.ErrorHandler.throwIfResponseFailed(ErrorHandler.java:158)
	at org.openqa.selenium.remote.RemoteWebDriver.execute(RemoteWebDriver.java:678)
	at org.openqa.selenium.remote.RemoteWebDriver.findElement(RemoteWebDriver.java:363)
	at org.openqa.selenium.remote.RemoteWebDriver.findElementByCssSelector(RemoteWebDriver.java:492)
	at org.openqa.selenium.By$ByCssSelector.findElement(By.java:430)
	at org.openqa.selenium.remote.RemoteWebDriver.findElement(RemoteWebDriver.java:355)
	at org.openqa.selenium.support.pagefactory.DefaultElementLocator.findElement(DefaultElementLocator.java:69)
	at org.openqa.selenium.support.pagefactory.internal.LocatingElementHandler.invoke(LocatingElementHandler.java:38)
	at com.sun.proxy.$Proxy6.findElements(Unknown Source)
	at com.backroads.webdriver.common.util.TableHandler.getColumnsAsList(TableHandler.java:38)
	at com.backroads.webdriver.pageobjectsfactory.pageobject.TimesheetPage.isRadioWorking(TimesheetPage.java:234)
	at com.backroads.atlas.testcases.UI.AtlasLeaderOnlyUSTest017.main(AtlasLeaderOnlyUSTest017.java:38)

main(com.backroads.atlas.testcases.UI.AtlasLeaderOnlyUSTest024)  Time elapsed: 6.52 sec  <<< FAILURE!
org.openqa.selenium.NoSuchElementException: An element could not be located on the page using the given search parameters. (WARNING: The server did not provide any stacktrace information)
Command duration or timeout: 48 milliseconds
For documentation on this error, please visit: http://seleniumhq.org/exceptions/no_such_element.html
Build info: version: '2.52.0', revision: '4c2593cfc3689a7fcd7be52549167e5ccc93ad28', time: '2016-02-11 11:22:43'
System info: host: 'BRPC444', ip: '10.1.10.107', os.name: 'Windows 7', os.arch: 'amd64', os.version: '6.1', java.version: '1.8.0_111'
Driver info: org.openqa.selenium.remote.RemoteWebDriver
Capabilities [{noReset=true, safari=true, browserstack.tunnelIdentifier=, browserstack.asyncStop=true, language=Apache-HttpClient/4.5.1 (Java/1.8.0_111), deviceName==iPhone 6s (9.1) [AE611014-A7F5-4CAA-9A7D-C678D6C32785], platform=MAC, browserstack.video.disableWaterMark=true, desired={noReset=true, browserstack.tunnelIdentifier=, browserstack.asyncStop=true, language=Apache-HttpClient/4.5.1 (Java/1.8.0_111), deviceName==iPhone 6s (9.1) [AE611014-A7F5-4CAA-9A7D-C678D6C32785], platform=MAC, browserstack.video.disableWaterMark=true, acceptSslCerts=false, newCommandTimeout=300, browser=iphone, platformVersion=9.1, acceptSslCert=false, browserName=safari, platformName=iOS, 64bit=false, browserstack.debug=true, orientation=portrait, browserstack.ie.noFlash=false, os_version=, mobile={"browser":"mobile","version":"iPhone 6S-9.1"}, version=, browserstack.video=true, browserstack.ci_plugin=jenkins, safariIgnoreFraudWarning=true, orig_os=macelc, realMobile=false, deviceOrientation=PORTRAIT, device=iPhone 6S, proxy_type=node}, acceptSslCerts=false, newCommandTimeout=300, browser=iphone, platformVersion=9.1, webStorageEnabled=false, acceptSslCert=false, browserName=safari, takesScreenshot=true, javascriptEnabled=true, platformName=iOS, 64bit=false, browserstack.debug=true, networkConnectionEnabled=false, orientation=portrait, browserstack.ie.noFlash=false, warnings={}, os_version=, mobile={"browser":"mobile","version":"iPhone 6S-9.1"}, databaseEnabled=false, version=, browserstack.video=true, browserstack.ci_plugin=jenkins, safariIgnoreFraudWarning=true, orig_os=macelc, realMobile=false, locationContextEnabled=false, deviceOrientation=PORTRAIT, device=iPhone 6S, proxy_type=node}]
Session ID: e0d5ede3316cfed87668436509e21ae68cb65348
*** Element info: {Using=css selector, value=#GridViewOther > tbody > tr:nth-child(1)}
	at sun.reflect.GeneratedConstructorAccessor12.newInstance(Unknown Source)
	at sun.reflect.DelegatingConstructorAccessorImpl.newInstance(DelegatingConstructorAccessorImpl.java:45)
	at java.lang.reflect.Constructor.newInstance(Constructor.java:423)
	at org.openqa.selenium.remote.ErrorHandler.createThrowable(ErrorHandler.java:206)
	at org.openqa.selenium.remote.ErrorHandler.throwIfResponseFailed(ErrorHandler.java:158)
	at org.openqa.selenium.remote.RemoteWebDriver.execute(RemoteWebDriver.java:678)
	at org.openqa.selenium.remote.RemoteWebDriver.findElement(RemoteWebDriver.java:363)
	at org.openqa.selenium.remote.RemoteWebDriver.findElementByCssSelector(RemoteWebDriver.java:492)
	at org.openqa.selenium.By$ByCssSelector.findElement(By.java:430)
	at org.openqa.selenium.remote.RemoteWebDriver.findElement(RemoteWebDriver.java:355)
	at org.openqa.selenium.support.pagefactory.DefaultElementLocator.findElement(DefaultElementLocator.java:69)
	at org.openqa.selenium.support.pagefactory.internal.LocatingElementHandler.invoke(LocatingElementHandler.java:38)
	at com.sun.proxy.$Proxy6.findElements(Unknown Source)
	at com.backroads.webdriver.common.util.TableHandler.getHiddenColRemovedList(TableHandler.java:14)
	at com.backroads.webdriver.pageobjectsfactory.pageobject.TimesheetPage.getOtherActHeaderTexts(TimesheetPage.java:139)
	at com.backroads.atlas.testcases.UI.AtlasLeaderOnlyUSTest024.main(AtlasLeaderOnlyUSTest024.java:39)

main(com.backroads.atlas.testcases.UI.AtlasLeaderOnlyUSTest017)  Time elapsed: 3.812 sec  <<< FAILURE!
org.openqa.selenium.NoSuchElementException: An element could not be located on the page using the given search parameters. (WARNING: The server did not provide any stacktrace information)
Command duration or timeout: 63 milliseconds
For documentation on this error, please visit: http://seleniumhq.org/exceptions/no_such_element.html
Build info: version: '2.52.0', revision: '4c2593cfc3689a7fcd7be52549167e5ccc93ad28', time: '2016-02-11 11:22:43'
System info: host: 'BRPC444', ip: '10.1.10.107', os.name: 'Windows 7', os.arch: 'amd64', os.version: '6.1', java.version: '1.8.0_111'
Driver info: org.openqa.selenium.remote.RemoteWebDriver
Capabilities [{noReset=true, safari=true, browserstack.tunnelIdentifier=, browserstack.asyncStop=true, language=Apache-HttpClient/4.5.1 (Java/1.8.0_111), deviceName==iPhone 6 (8.3 Simulator) [204E6999-D7DF-460E-AC12-D1F88FBB51A5], platform=MAC, browserstack.video.disableWaterMark=true, desired={noReset=true, browserstack.tunnelIdentifier=, browserstack.asyncStop=true, language=Apache-HttpClient/4.5.1 (Java/1.8.0_111), deviceName==iPhone 6 (8.3 Simulator) [204E6999-D7DF-460E-AC12-D1F88FBB51A5], platform=MAC, browserstack.video.disableWaterMark=true, acceptSslCerts=false, newCommandTimeout=300, browser=iphone, platformVersion=8.3, acceptSslCert=false, browserName=safari, platformName=iOS, 64bit=false, browserstack.debug=true, orientation=portrait, browserstack.ie.noFlash=false, os_version=, mobile={"browser":"mobile","version":"iPhone 6-8.3"}, version=, browserstack.video=true, browserstack.ci_plugin=jenkins, safariIgnoreFraudWarning=true, orig_os=macyos, realMobile=false, deviceOrientation=PORTRAIT, device=iPhone 6, proxy_type=node}, acceptSslCerts=false, newCommandTimeout=300, browser=iphone, platformVersion=8.3, webStorageEnabled=false, acceptSslCert=false, browserName=safari, takesScreenshot=true, javascriptEnabled=true, platformName=iOS, 64bit=false, browserstack.debug=true, networkConnectionEnabled=false, orientation=portrait, browserstack.ie.noFlash=false, warnings={}, os_version=, mobile={"browser":"mobile","version":"iPhone 6-8.3"}, databaseEnabled=false, version=, browserstack.video=true, browserstack.ci_plugin=jenkins, safariIgnoreFraudWarning=true, orig_os=macyos, realMobile=false, locationContextEnabled=false, deviceOrientation=PORTRAIT, device=iPhone 6, proxy_type=node}]
Session ID: a931bbeaa63bd9b42e370f04cf0d29f26333cf74
*** Element info: {Using=css selector, value=#grdPayroll > tbody}
	at sun.reflect.GeneratedConstructorAccessor12.newInstance(Unknown Source)
	at sun.reflect.DelegatingConstructorAccessorImpl.newInstance(DelegatingConstructorAccessorImpl.java:45)
	at java.lang.reflect.Constructor.newInstance(Constructor.java:423)
	at org.openqa.selenium.remote.ErrorHandler.createThrowable(ErrorHandler.java:206)
	at org.openqa.selenium.remote.ErrorHandler.throwIfResponseFailed(ErrorHandler.java:158)
	at org.openqa.selenium.remote.RemoteWebDriver.execute(RemoteWebDriver.java:678)
	at org.openqa.selenium.remote.RemoteWebDriver.findElement(RemoteWebDriver.java:363)
	at org.openqa.selenium.remote.RemoteWebDriver.findElementByCssSelector(RemoteWebDriver.java:492)
	at org.openqa.selenium.By$ByCssSelector.findElement(By.java:430)
	at org.openqa.selenium.remote.RemoteWebDriver.findElement(RemoteWebDriver.java:355)
	at org.openqa.selenium.support.pagefactory.DefaultElementLocator.findElement(DefaultElementLocator.java:69)
	at org.openqa.selenium.support.pagefactory.internal.LocatingElementHandler.invoke(LocatingElementHandler.java:38)
	at com.sun.proxy.$Proxy6.findElements(Unknown Source)
	at com.backroads.webdriver.common.util.TableHandler.getColumnsAsList(TableHandler.java:38)
	at com.backroads.webdriver.pageobjectsfactory.pageobject.TimesheetPage.isRadioWorking(TimesheetPage.java:234)
	at com.backroads.atlas.testcases.UI.AtlasLeaderOnlyUSTest017.main(AtlasLeaderOnlyUSTest017.java:38)

main(com.backroads.atlas.testcases.UI.AtlasLeaderOnlyUSTest024)  Time elapsed: 3.875 sec  <<< FAILURE!
org.openqa.selenium.NoSuchElementException: An element could not be located on the page using the given search parameters. (WARNING: The server did not provide any stacktrace information)
Command duration or timeout: 48 milliseconds
For documentation on this error, please visit: http://seleniumhq.org/exceptions/no_such_element.html
Build info: version: '2.52.0', revision: '4c2593cfc3689a7fcd7be52549167e5ccc93ad28', time: '2016-02-11 11:22:43'
System info: host: 'BRPC444', ip: '10.1.10.107', os.name: 'Windows 7', os.arch: 'amd64', os.version: '6.1', java.version: '1.8.0_111'
Driver info: org.openqa.selenium.remote.RemoteWebDriver
Capabilities [{noReset=true, safari=true, browserstack.tunnelIdentifier=, browserstack.asyncStop=true, language=Apache-HttpClient/4.5.1 (Java/1.8.0_111), deviceName==iPhone 6 (8.3 Simulator) [A61D6166-F180-4BCF-9BBA-B70C751B6C95], platform=MAC, browserstack.video.disableWaterMark=true, desired={noReset=true, browserstack.tunnelIdentifier=, browserstack.asyncStop=true, language=Apache-HttpClient/4.5.1 (Java/1.8.0_111), deviceName==iPhone 6 (8.3 Simulator) [A61D6166-F180-4BCF-9BBA-B70C751B6C95], platform=MAC, browserstack.video.disableWaterMark=true, acceptSslCerts=false, newCommandTimeout=300, browser=iphone, platformVersion=8.3, acceptSslCert=false, browserName=safari, platformName=iOS, 64bit=false, browserstack.debug=true, orientation=portrait, browserstack.ie.noFlash=false, os_version=, mobile={"browser":"mobile","version":"iPhone 6-8.3"}, version=, browserstack.video=true, browserstack.ci_plugin=jenkins, safariIgnoreFraudWarning=true, orig_os=macyos, realMobile=false, deviceOrientation=PORTRAIT, device=iPhone 6, proxy_type=node}, acceptSslCerts=false, newCommandTimeout=300, browser=iphone, platformVersion=8.3, webStorageEnabled=false, acceptSslCert=false, browserName=safari, takesScreenshot=true, javascriptEnabled=true, platformName=iOS, 64bit=false, browserstack.debug=true, networkConnectionEnabled=false, orientation=portrait, browserstack.ie.noFlash=false, warnings={}, os_version=, mobile={"browser":"mobile","version":"iPhone 6-8.3"}, databaseEnabled=false, version=, browserstack.video=true, browserstack.ci_plugin=jenkins, safariIgnoreFraudWarning=true, orig_os=macyos, realMobile=false, locationContextEnabled=false, deviceOrientation=PORTRAIT, device=iPhone 6, proxy_type=node}]
Session ID: 45d4949c9755dfb21ea6759d08f4cbd8c7dd2737
*** Element info: {Using=css selector, value=#GridViewOther > tbody > tr:nth-child(1)}
	at sun.reflect.GeneratedConstructorAccessor12.newInstance(Unknown Source)
	at sun.reflect.DelegatingConstructorAccessorImpl.newInstance(DelegatingConstructorAccessorImpl.java:45)
	at java.lang.reflect.Constructor.newInstance(Constructor.java:423)
	at org.openqa.selenium.remote.ErrorHandler.createThrowable(ErrorHandler.java:206)
	at org.openqa.selenium.remote.ErrorHandler.throwIfResponseFailed(ErrorHandler.java:158)
	at org.openqa.selenium.remote.RemoteWebDriver.execute(RemoteWebDriver.java:678)
	at org.openqa.selenium.remote.RemoteWebDriver.findElement(RemoteWebDriver.java:363)
	at org.openqa.selenium.remote.RemoteWebDriver.findElementByCssSelector(RemoteWebDriver.java:492)
	at org.openqa.selenium.By$ByCssSelector.findElement(By.java:430)
	at org.openqa.selenium.remote.RemoteWebDriver.findElement(RemoteWebDriver.java:355)
	at org.openqa.selenium.support.pagefactory.DefaultElementLocator.findElement(DefaultElementLocator.java:69)
	at org.openqa.selenium.support.pagefactory.internal.LocatingElementHandler.invoke(LocatingElementHandler.java:38)
	at com.sun.proxy.$Proxy6.findElements(Unknown Source)
	at com.backroads.webdriver.common.util.TableHandler.getHiddenColRemovedList(TableHandler.java:14)
	at com.backroads.webdriver.pageobjectsfactory.pageobject.TimesheetPage.getOtherActHeaderTexts(TimesheetPage.java:139)
	at com.backroads.atlas.testcases.UI.AtlasLeaderOnlyUSTest024.main(AtlasLeaderOnlyUSTest024.java:39)

