<?xml version="1.0" encoding="UTF-8"?>
<testng-results skipped="34" failed="42" total="77" passed="1">
  <reporter-output>
  </reporter-output>
  <suite name="Parallel" duration-ms="2723453" started-at="2017-07-20T00:01:30Z" finished-at="2017-07-20T00:46:53Z">
    <groups>
    </groups>
    <test name="atlas_sGalaxyS7Test" duration-ms="6370" started-at="2017-07-20T00:01:30Z" finished-at="2017-07-20T00:01:36Z">
      <class name="com.backroads.atlas.testcases.UI.AtlasLeaderOnlyUSTest011_Regular">
        <test-method status="PASS" signature="setUp(java.lang.String, java.lang.String)[pri:0, instance:com.backroads.atlas.testcases.UI.AtlasLeaderOnlyUSTest011_Regular@3532ec19]" name="setUp" is-config="true" duration-ms="491" started-at="2017-07-19T17:01:34Z" finished-at="2017-07-19T17:01:34Z">
          <params>
            <param index="0">
              <value>
                <![CDATA[parallel.conf.json]]>
              </value>
            </param>
            <param index="1">
              <value>
                <![CDATA[sGalaxyS7]]>
              </value>
            </param>
          </params>
          <reporter-output>
          </reporter-output>
        </test-method> <!-- setUp -->
        <test-method status="FAIL" signature="tearDown()[pri:0, instance:com.backroads.atlas.testcases.UI.AtlasLeaderOnlyUSTest011_Regular@3532ec19]" name="tearDown" is-config="true" duration-ms="0" started-at="2017-07-19T17:01:34Z" finished-at="2017-07-19T17:01:34Z">
          <exception class="org.openqa.selenium.WebDriverException">
            <message>
              <![CDATA[Session not started or terminated (WARNING: The server did not provide any stacktrace information)
Command duration or timeout: 27 milliseconds
Build info: version: '3.0.1', revision: '1969d75', time: '2016-10-18 09:49:13 -0700'
System info: host: 'BRPC444', ip: '10.1.10.28', os.name: 'Windows 7', os.arch: 'amd64', os.version: '6.1', java.version: '1.8.0_111'
Driver info: org.openqa.selenium.remote.RemoteWebDriver
Capabilities [{message=Could not find device: Samsung Galaxy S7, platform=ANY}]
Session ID: ]]>
            </message>
            <full-stacktrace>
              <![CDATA[org.openqa.selenium.WebDriverException: Session not started or terminated (WARNING: The server did not provide any stacktrace information)
Command duration or timeout: 27 milliseconds
Build info: version: '3.0.1', revision: '1969d75', time: '2016-10-18 09:49:13 -0700'
System info: host: 'BRPC444', ip: '10.1.10.28', os.name: 'Windows 7', os.arch: 'amd64', os.version: '6.1', java.version: '1.8.0_111'
Driver info: org.openqa.selenium.remote.RemoteWebDriver
Capabilities [{message=Could not find device: Samsung Galaxy S7, platform=ANY}]
Session ID: 
	at sun.reflect.NativeConstructorAccessorImpl.newInstance0(Native Method)
	at sun.reflect.NativeConstructorAccessorImpl.newInstance(NativeConstructorAccessorImpl.java:62)
	at sun.reflect.DelegatingConstructorAccessorImpl.newInstance(DelegatingConstructorAccessorImpl.java:45)
	at java.lang.reflect.Constructor.newInstance(Constructor.java:423)
	at org.openqa.selenium.remote.ErrorHandler.createThrowable(ErrorHandler.java:216)
	at org.openqa.selenium.remote.ErrorHandler.throwIfResponseFailed(ErrorHandler.java:168)
	at org.openqa.selenium.remote.RemoteWebDriver.execute(RemoteWebDriver.java:635)
	at org.openqa.selenium.remote.RemoteWebDriver.execute(RemoteWebDriver.java:658)
	at org.openqa.selenium.remote.RemoteWebDriver.quit(RemoteWebDriver.java:497)
	at com.backroads.atlas_browserstack.BrowserStackTestNGTest.tearDown(BrowserStackTestNGTest.java:85)
	at sun.reflect.NativeMethodAccessorImpl.invoke0(Native Method)
	at sun.reflect.NativeMethodAccessorImpl.invoke(NativeMethodAccessorImpl.java:62)
	at sun.reflect.DelegatingMethodAccessorImpl.invoke(DelegatingMethodAccessorImpl.java:43)
	at java.lang.reflect.Method.invoke(Method.java:498)
	at org.testng.internal.MethodInvocationHelper.invokeMethod(MethodInvocationHelper.java:86)
	at org.testng.internal.Invoker.invokeConfigurationMethod(Invoker.java:514)
	at org.testng.internal.Invoker.invokeConfigurations(Invoker.java:215)
	at org.testng.internal.Invoker.invokeMethod(Invoker.java:707)
	at org.testng.internal.Invoker.invokeTestMethod(Invoker.java:820)
	at org.testng.internal.Invoker.invokeTestMethods(Invoker.java:1128)
	at org.testng.internal.TestMethodWorker.invokeTestMethods(TestMethodWorker.java:129)
	at org.testng.internal.TestMethodWorker.run(TestMethodWorker.java:112)
	at org.testng.TestRunner.privateRun(TestRunner.java:782)
	at org.testng.TestRunner.run(TestRunner.java:632)
	at org.testng.SuiteRunner.runTest(SuiteRunner.java:366)
	at org.testng.SuiteRunner.access$000(SuiteRunner.java:39)
	at org.testng.SuiteRunner$SuiteWorker.run(SuiteRunner.java:400)
	at org.testng.internal.thread.ThreadUtil$2.call(ThreadUtil.java:64)
	at java.util.concurrent.FutureTask.run(FutureTask.java:266)
	at java.util.concurrent.ThreadPoolExecutor.runWorker(ThreadPoolExecutor.java:1142)
	at java.util.concurrent.ThreadPoolExecutor$Worker.run(ThreadPoolExecutor.java:617)
	at java.lang.Thread.run(Thread.java:745)
]]>
            </full-stacktrace>
          </exception> <!-- org.openqa.selenium.WebDriverException -->
          <reporter-output>
          </reporter-output>
        </test-method> <!-- tearDown -->
        <test-method status="SKIP" signature="main()[pri:0, instance:com.backroads.atlas.testcases.UI.AtlasLeaderOnlyUSTest011_Regular@3532ec19]" name="main" duration-ms="0" started-at="2017-07-19T17:01:34Z" finished-at="2017-07-19T17:01:34Z">
          <reporter-output>
          </reporter-output>
        </test-method> <!-- main -->
      </class> <!-- com.backroads.atlas.testcases.UI.AtlasLeaderOnlyUSTest011_Regular -->
      <class name="com.backroads.atlas.testcases.UI.AtlasLeaderOnlyUSTest014">
        <test-method status="PASS" signature="setUp(java.lang.String, java.lang.String)[pri:0, instance:com.backroads.atlas.testcases.UI.AtlasLeaderOnlyUSTest014@ae45eb6]" name="setUp" is-config="true" duration-ms="408" started-at="2017-07-19T17:01:34Z" finished-at="2017-07-19T17:01:35Z">
          <params>
            <param index="0">
              <value>
                <![CDATA[parallel.conf.json]]>
              </value>
            </param>
            <param index="1">
              <value>
                <![CDATA[sGalaxyS7]]>
              </value>
            </param>
          </params>
          <reporter-output>
          </reporter-output>
        </test-method> <!-- setUp -->
        <test-method status="FAIL" signature="tearDown()[pri:0, instance:com.backroads.atlas.testcases.UI.AtlasLeaderOnlyUSTest014@ae45eb6]" name="tearDown" is-config="true" duration-ms="0" started-at="2017-07-19T17:01:35Z" finished-at="2017-07-19T17:01:35Z">
          <exception class="org.openqa.selenium.WebDriverException">
            <message>
              <![CDATA[Session not started or terminated (WARNING: The server did not provide any stacktrace information)
Command duration or timeout: 25 milliseconds
Build info: version: '3.0.1', revision: '1969d75', time: '2016-10-18 09:49:13 -0700'
System info: host: 'BRPC444', ip: '10.1.10.28', os.name: 'Windows 7', os.arch: 'amd64', os.version: '6.1', java.version: '1.8.0_111'
Driver info: org.openqa.selenium.remote.RemoteWebDriver
Capabilities [{message=Could not find device: Samsung Galaxy S7, platform=ANY}]
Session ID: ]]>
            </message>
            <full-stacktrace>
              <![CDATA[org.openqa.selenium.WebDriverException: Session not started or terminated (WARNING: The server did not provide any stacktrace information)
Command duration or timeout: 25 milliseconds
Build info: version: '3.0.1', revision: '1969d75', time: '2016-10-18 09:49:13 -0700'
System info: host: 'BRPC444', ip: '10.1.10.28', os.name: 'Windows 7', os.arch: 'amd64', os.version: '6.1', java.version: '1.8.0_111'
Driver info: org.openqa.selenium.remote.RemoteWebDriver
Capabilities [{message=Could not find device: Samsung Galaxy S7, platform=ANY}]
Session ID: 
	at sun.reflect.NativeConstructorAccessorImpl.newInstance0(Native Method)
	at sun.reflect.NativeConstructorAccessorImpl.newInstance(NativeConstructorAccessorImpl.java:62)
	at sun.reflect.DelegatingConstructorAccessorImpl.newInstance(DelegatingConstructorAccessorImpl.java:45)
	at java.lang.reflect.Constructor.newInstance(Constructor.java:423)
	at org.openqa.selenium.remote.ErrorHandler.createThrowable(ErrorHandler.java:216)
	at org.openqa.selenium.remote.ErrorHandler.throwIfResponseFailed(ErrorHandler.java:168)
	at org.openqa.selenium.remote.RemoteWebDriver.execute(RemoteWebDriver.java:635)
	at org.openqa.selenium.remote.RemoteWebDriver.execute(RemoteWebDriver.java:658)
	at org.openqa.selenium.remote.RemoteWebDriver.quit(RemoteWebDriver.java:497)
	at com.backroads.atlas_browserstack.BrowserStackTestNGTest.tearDown(BrowserStackTestNGTest.java:85)
	at sun.reflect.NativeMethodAccessorImpl.invoke0(Native Method)
	at sun.reflect.NativeMethodAccessorImpl.invoke(NativeMethodAccessorImpl.java:62)
	at sun.reflect.DelegatingMethodAccessorImpl.invoke(DelegatingMethodAccessorImpl.java:43)
	at java.lang.reflect.Method.invoke(Method.java:498)
	at org.testng.internal.MethodInvocationHelper.invokeMethod(MethodInvocationHelper.java:86)
	at org.testng.internal.Invoker.invokeConfigurationMethod(Invoker.java:514)
	at org.testng.internal.Invoker.invokeConfigurations(Invoker.java:215)
	at org.testng.internal.Invoker.invokeMethod(Invoker.java:707)
	at org.testng.internal.Invoker.invokeTestMethod(Invoker.java:820)
	at org.testng.internal.Invoker.invokeTestMethods(Invoker.java:1128)
	at org.testng.internal.TestMethodWorker.invokeTestMethods(TestMethodWorker.java:129)
	at org.testng.internal.TestMethodWorker.run(TestMethodWorker.java:112)
	at org.testng.TestRunner.privateRun(TestRunner.java:782)
	at org.testng.TestRunner.run(TestRunner.java:632)
	at org.testng.SuiteRunner.runTest(SuiteRunner.java:366)
	at org.testng.SuiteRunner.access$000(SuiteRunner.java:39)
	at org.testng.SuiteRunner$SuiteWorker.run(SuiteRunner.java:400)
	at org.testng.internal.thread.ThreadUtil$2.call(ThreadUtil.java:64)
	at java.util.concurrent.FutureTask.run(FutureTask.java:266)
	at java.util.concurrent.ThreadPoolExecutor.runWorker(ThreadPoolExecutor.java:1142)
	at java.util.concurrent.ThreadPoolExecutor$Worker.run(ThreadPoolExecutor.java:617)
	at java.lang.Thread.run(Thread.java:745)
]]>
            </full-stacktrace>
          </exception> <!-- org.openqa.selenium.WebDriverException -->
          <reporter-output>
          </reporter-output>
        </test-method> <!-- tearDown -->
        <test-method status="SKIP" signature="main(double)[pri:0, instance:com.backroads.atlas.testcases.UI.AtlasLeaderOnlyUSTest014@ae45eb6]" name="main" duration-ms="0" started-at="2017-07-19T17:01:35Z" data-provider="forAtlasLeaderOnlyUSTest014" finished-at="2017-07-19T17:01:35Z">
          <params>
            <param index="0">
              <value>
                <![CDATA[0.5]]>
              </value>
            </param>
          </params>
          <reporter-output>
          </reporter-output>
        </test-method> <!-- main -->
        <test-method status="PASS" signature="setUp(java.lang.String, java.lang.String)[pri:0, instance:com.backroads.atlas.testcases.UI.AtlasLeaderOnlyUSTest014@ae45eb6]" name="setUp" is-config="true" duration-ms="416" started-at="2017-07-19T17:01:35Z" finished-at="2017-07-19T17:01:35Z">
          <params>
            <param index="0">
              <value>
                <![CDATA[parallel.conf.json]]>
              </value>
            </param>
            <param index="1">
              <value>
                <![CDATA[sGalaxyS7]]>
              </value>
            </param>
          </params>
          <reporter-output>
          </reporter-output>
        </test-method> <!-- setUp -->
        <test-method status="FAIL" signature="tearDown()[pri:0, instance:com.backroads.atlas.testcases.UI.AtlasLeaderOnlyUSTest014@ae45eb6]" name="tearDown" is-config="true" duration-ms="0" started-at="2017-07-19T17:01:35Z" finished-at="2017-07-19T17:01:35Z">
          <exception class="org.openqa.selenium.WebDriverException">
            <message>
              <![CDATA[Session not started or terminated (WARNING: The server did not provide any stacktrace information)
Command duration or timeout: 28 milliseconds
Build info: version: '3.0.1', revision: '1969d75', time: '2016-10-18 09:49:13 -0700'
System info: host: 'BRPC444', ip: '10.1.10.28', os.name: 'Windows 7', os.arch: 'amd64', os.version: '6.1', java.version: '1.8.0_111'
Driver info: org.openqa.selenium.remote.RemoteWebDriver
Capabilities [{message=Could not find device: Samsung Galaxy S7, platform=ANY}]
Session ID: ]]>
            </message>
            <full-stacktrace>
              <![CDATA[org.openqa.selenium.WebDriverException: Session not started or terminated (WARNING: The server did not provide any stacktrace information)
Command duration or timeout: 28 milliseconds
Build info: version: '3.0.1', revision: '1969d75', time: '2016-10-18 09:49:13 -0700'
System info: host: 'BRPC444', ip: '10.1.10.28', os.name: 'Windows 7', os.arch: 'amd64', os.version: '6.1', java.version: '1.8.0_111'
Driver info: org.openqa.selenium.remote.RemoteWebDriver
Capabilities [{message=Could not find device: Samsung Galaxy S7, platform=ANY}]
Session ID: 
	at sun.reflect.NativeConstructorAccessorImpl.newInstance0(Native Method)
	at sun.reflect.NativeConstructorAccessorImpl.newInstance(NativeConstructorAccessorImpl.java:62)
	at sun.reflect.DelegatingConstructorAccessorImpl.newInstance(DelegatingConstructorAccessorImpl.java:45)
	at java.lang.reflect.Constructor.newInstance(Constructor.java:423)
	at org.openqa.selenium.remote.ErrorHandler.createThrowable(ErrorHandler.java:216)
	at org.openqa.selenium.remote.ErrorHandler.throwIfResponseFailed(ErrorHandler.java:168)
	at org.openqa.selenium.remote.RemoteWebDriver.execute(RemoteWebDriver.java:635)
	at org.openqa.selenium.remote.RemoteWebDriver.execute(RemoteWebDriver.java:658)
	at org.openqa.selenium.remote.RemoteWebDriver.quit(RemoteWebDriver.java:497)
	at com.backroads.atlas_browserstack.BrowserStackTestNGTest.tearDown(BrowserStackTestNGTest.java:85)
	at sun.reflect.NativeMethodAccessorImpl.invoke0(Native Method)
	at sun.reflect.NativeMethodAccessorImpl.invoke(NativeMethodAccessorImpl.java:62)
	at sun.reflect.DelegatingMethodAccessorImpl.invoke(DelegatingMethodAccessorImpl.java:43)
	at java.lang.reflect.Method.invoke(Method.java:498)
	at org.testng.internal.MethodInvocationHelper.invokeMethod(MethodInvocationHelper.java:86)
	at org.testng.internal.Invoker.invokeConfigurationMethod(Invoker.java:514)
	at org.testng.internal.Invoker.invokeConfigurations(Invoker.java:215)
	at org.testng.internal.Invoker.invokeMethod(Invoker.java:707)
	at org.testng.internal.Invoker.invokeTestMethod(Invoker.java:820)
	at org.testng.internal.Invoker.invokeTestMethods(Invoker.java:1128)
	at org.testng.internal.TestMethodWorker.invokeTestMethods(TestMethodWorker.java:129)
	at org.testng.internal.TestMethodWorker.run(TestMethodWorker.java:112)
	at org.testng.TestRunner.privateRun(TestRunner.java:782)
	at org.testng.TestRunner.run(TestRunner.java:632)
	at org.testng.SuiteRunner.runTest(SuiteRunner.java:366)
	at org.testng.SuiteRunner.access$000(SuiteRunner.java:39)
	at org.testng.SuiteRunner$SuiteWorker.run(SuiteRunner.java:400)
	at org.testng.internal.thread.ThreadUtil$2.call(ThreadUtil.java:64)
	at java.util.concurrent.FutureTask.run(FutureTask.java:266)
	at java.util.concurrent.ThreadPoolExecutor.runWorker(ThreadPoolExecutor.java:1142)
	at java.util.concurrent.ThreadPoolExecutor$Worker.run(ThreadPoolExecutor.java:617)
	at java.lang.Thread.run(Thread.java:745)
]]>
            </full-stacktrace>
          </exception> <!-- org.openqa.selenium.WebDriverException -->
          <reporter-output>
          </reporter-output>
        </test-method> <!-- tearDown -->
        <test-method status="SKIP" signature="main(double)[pri:0, instance:com.backroads.atlas.testcases.UI.AtlasLeaderOnlyUSTest014@ae45eb6]" name="main" duration-ms="0" started-at="2017-07-19T17:01:35Z" data-provider="forAtlasLeaderOnlyUSTest014" finished-at="2017-07-19T17:01:35Z">
          <params>
            <param index="0">
              <value>
                <![CDATA[-0.5]]>
              </value>
            </param>
          </params>
          <reporter-output>
          </reporter-output>
        </test-method> <!-- main -->
      </class> <!-- com.backroads.atlas.testcases.UI.AtlasLeaderOnlyUSTest014 -->
      <class name="com.backroads.atlas.testcases.UI.AtlasLeaderOnlyUSTest024">
        <test-method status="PASS" signature="setUp(java.lang.String, java.lang.String)[pri:0, instance:com.backroads.atlas.testcases.UI.AtlasLeaderOnlyUSTest024@27efef64]" name="setUp" is-config="true" duration-ms="406" started-at="2017-07-19T17:01:36Z" finished-at="2017-07-19T17:01:36Z">
          <params>
            <param index="0">
              <value>
                <![CDATA[parallel.conf.json]]>
              </value>
            </param>
            <param index="1">
              <value>
                <![CDATA[sGalaxyS7]]>
              </value>
            </param>
          </params>
          <reporter-output>
          </reporter-output>
        </test-method> <!-- setUp -->
        <test-method status="FAIL" signature="tearDown()[pri:0, instance:com.backroads.atlas.testcases.UI.AtlasLeaderOnlyUSTest024@27efef64]" name="tearDown" is-config="true" duration-ms="0" started-at="2017-07-19T17:01:36Z" finished-at="2017-07-19T17:01:36Z">
          <exception class="org.openqa.selenium.WebDriverException">
            <message>
              <![CDATA[Session not started or terminated (WARNING: The server did not provide any stacktrace information)
Command duration or timeout: 24 milliseconds
Build info: version: '3.0.1', revision: '1969d75', time: '2016-10-18 09:49:13 -0700'
System info: host: 'BRPC444', ip: '10.1.10.28', os.name: 'Windows 7', os.arch: 'amd64', os.version: '6.1', java.version: '1.8.0_111'
Driver info: org.openqa.selenium.remote.RemoteWebDriver
Capabilities [{message=Could not find device: Samsung Galaxy S7, platform=ANY}]
Session ID: ]]>
            </message>
            <full-stacktrace>
              <![CDATA[org.openqa.selenium.WebDriverException: Session not started or terminated (WARNING: The server did not provide any stacktrace information)
Command duration or timeout: 24 milliseconds
Build info: version: '3.0.1', revision: '1969d75', time: '2016-10-18 09:49:13 -0700'
System info: host: 'BRPC444', ip: '10.1.10.28', os.name: 'Windows 7', os.arch: 'amd64', os.version: '6.1', java.version: '1.8.0_111'
Driver info: org.openqa.selenium.remote.RemoteWebDriver
Capabilities [{message=Could not find device: Samsung Galaxy S7, platform=ANY}]
Session ID: 
	at sun.reflect.NativeConstructorAccessorImpl.newInstance0(Native Method)
	at sun.reflect.NativeConstructorAccessorImpl.newInstance(NativeConstructorAccessorImpl.java:62)
	at sun.reflect.DelegatingConstructorAccessorImpl.newInstance(DelegatingConstructorAccessorImpl.java:45)
	at java.lang.reflect.Constructor.newInstance(Constructor.java:423)
	at org.openqa.selenium.remote.ErrorHandler.createThrowable(ErrorHandler.java:216)
	at org.openqa.selenium.remote.ErrorHandler.throwIfResponseFailed(ErrorHandler.java:168)
	at org.openqa.selenium.remote.RemoteWebDriver.execute(RemoteWebDriver.java:635)
	at org.openqa.selenium.remote.RemoteWebDriver.execute(RemoteWebDriver.java:658)
	at org.openqa.selenium.remote.RemoteWebDriver.quit(RemoteWebDriver.java:497)
	at com.backroads.atlas_browserstack.BrowserStackTestNGTest.tearDown(BrowserStackTestNGTest.java:85)
	at sun.reflect.NativeMethodAccessorImpl.invoke0(Native Method)
	at sun.reflect.NativeMethodAccessorImpl.invoke(NativeMethodAccessorImpl.java:62)
	at sun.reflect.DelegatingMethodAccessorImpl.invoke(DelegatingMethodAccessorImpl.java:43)
	at java.lang.reflect.Method.invoke(Method.java:498)
	at org.testng.internal.MethodInvocationHelper.invokeMethod(MethodInvocationHelper.java:86)
	at org.testng.internal.Invoker.invokeConfigurationMethod(Invoker.java:514)
	at org.testng.internal.Invoker.invokeConfigurations(Invoker.java:215)
	at org.testng.internal.Invoker.invokeMethod(Invoker.java:707)
	at org.testng.internal.Invoker.invokeTestMethod(Invoker.java:820)
	at org.testng.internal.Invoker.invokeTestMethods(Invoker.java:1128)
	at org.testng.internal.TestMethodWorker.invokeTestMethods(TestMethodWorker.java:129)
	at org.testng.internal.TestMethodWorker.run(TestMethodWorker.java:112)
	at org.testng.TestRunner.privateRun(TestRunner.java:782)
	at org.testng.TestRunner.run(TestRunner.java:632)
	at org.testng.SuiteRunner.runTest(SuiteRunner.java:366)
	at org.testng.SuiteRunner.access$000(SuiteRunner.java:39)
	at org.testng.SuiteRunner$SuiteWorker.run(SuiteRunner.java:400)
	at org.testng.internal.thread.ThreadUtil$2.call(ThreadUtil.java:64)
	at java.util.concurrent.FutureTask.run(FutureTask.java:266)
	at java.util.concurrent.ThreadPoolExecutor.runWorker(ThreadPoolExecutor.java:1142)
	at java.util.concurrent.ThreadPoolExecutor$Worker.run(ThreadPoolExecutor.java:617)
	at java.lang.Thread.run(Thread.java:745)
]]>
            </full-stacktrace>
          </exception> <!-- org.openqa.selenium.WebDriverException -->
          <reporter-output>
          </reporter-output>
        </test-method> <!-- tearDown -->
        <test-method status="SKIP" signature="main()[pri:0, instance:com.backroads.atlas.testcases.UI.AtlasLeaderOnlyUSTest024@27efef64]" name="main" duration-ms="0" started-at="2017-07-19T17:01:36Z" finished-at="2017-07-19T17:01:36Z">
          <reporter-output>
          </reporter-output>
        </test-method> <!-- main -->
      </class> <!-- com.backroads.atlas.testcases.UI.AtlasLeaderOnlyUSTest024 -->
      <class name="com.backroads.atlas.testcases.UI.AtlasLeaderOnlyUSTest012">
        <test-method status="FAIL" signature="main([Ljava.lang.String;)[pri:0, instance:com.backroads.atlas.testcases.UI.AtlasLeaderOnlyUSTest012@68c4039c]" name="main" duration-ms="7" started-at="2017-07-19T17:01:34Z" data-provider="forAtlasLeaderOnlyUSTest012_13" finished-at="2017-07-19T17:01:34Z">
          <exception class="org.testng.TestNGException">
            <message>
              <![CDATA[
The data provider is trying to pass 11 parameters but the method com.backroads.atlas.testcases.UI.AtlasLeaderOnlyUSTest012#main takes 1]]>
            </message>
            <full-stacktrace>
              <![CDATA[org.testng.TestNGException: 
The data provider is trying to pass 11 parameters but the method com.backroads.atlas.testcases.UI.AtlasLeaderOnlyUSTest012#main takes 1
	at org.testng.internal.Invoker.injectParameters(Invoker.java:1229)
	at org.testng.internal.Invoker.invokeTestMethods(Invoker.java:1122)
	at org.testng.internal.TestMethodWorker.invokeTestMethods(TestMethodWorker.java:129)
	at org.testng.internal.TestMethodWorker.run(TestMethodWorker.java:112)
	at org.testng.TestRunner.privateRun(TestRunner.java:782)
	at org.testng.TestRunner.run(TestRunner.java:632)
	at org.testng.SuiteRunner.runTest(SuiteRunner.java:366)
	at org.testng.SuiteRunner.access$000(SuiteRunner.java:39)
	at org.testng.SuiteRunner$SuiteWorker.run(SuiteRunner.java:400)
	at org.testng.internal.thread.ThreadUtil$2.call(ThreadUtil.java:64)
	at java.util.concurrent.FutureTask.run(FutureTask.java:266)
	at java.util.concurrent.ThreadPoolExecutor.runWorker(ThreadPoolExecutor.java:1142)
	at java.util.concurrent.ThreadPoolExecutor$Worker.run(ThreadPoolExecutor.java:617)
	at java.lang.Thread.run(Thread.java:745)
]]>
            </full-stacktrace>
          </exception> <!-- org.testng.TestNGException -->
          <reporter-output>
          </reporter-output>
        </test-method> <!-- main -->
      </class> <!-- com.backroads.atlas.testcases.UI.AtlasLeaderOnlyUSTest012 -->
      <class name="com.backroads.atlas.testcases.UI.AtlasLeaderOnlyUSTest008">
        <test-method status="PASS" signature="setUp(java.lang.String, java.lang.String)[pri:0, instance:com.backroads.atlas.testcases.UI.AtlasLeaderOnlyUSTest008@3ffc5af1]" name="setUp" is-config="true" duration-ms="412" started-at="2017-07-19T17:01:32Z" finished-at="2017-07-19T17:01:32Z">
          <params>
            <param index="0">
              <value>
                <![CDATA[parallel.conf.json]]>
              </value>
            </param>
            <param index="1">
              <value>
                <![CDATA[sGalaxyS7]]>
              </value>
            </param>
          </params>
          <reporter-output>
          </reporter-output>
        </test-method> <!-- setUp -->
        <test-method status="SKIP" signature="main()[pri:0, instance:com.backroads.atlas.testcases.UI.AtlasLeaderOnlyUSTest008@3ffc5af1]" name="main" duration-ms="0" started-at="2017-07-19T17:01:32Z" finished-at="2017-07-19T17:01:32Z">
          <reporter-output>
          </reporter-output>
        </test-method> <!-- main -->
        <test-method status="FAIL" signature="tearDown()[pri:0, instance:com.backroads.atlas.testcases.UI.AtlasLeaderOnlyUSTest008@3ffc5af1]" name="tearDown" is-config="true" duration-ms="0" started-at="2017-07-19T17:01:32Z" finished-at="2017-07-19T17:01:32Z">
          <exception class="org.openqa.selenium.WebDriverException">
            <message>
              <![CDATA[Session not started or terminated (WARNING: The server did not provide any stacktrace information)
Command duration or timeout: 27 milliseconds
Build info: version: '3.0.1', revision: '1969d75', time: '2016-10-18 09:49:13 -0700'
System info: host: 'BRPC444', ip: '10.1.10.28', os.name: 'Windows 7', os.arch: 'amd64', os.version: '6.1', java.version: '1.8.0_111'
Driver info: org.openqa.selenium.remote.RemoteWebDriver
Capabilities [{message=Could not find device: Samsung Galaxy S7, platform=ANY}]
Session ID: ]]>
            </message>
            <full-stacktrace>
              <![CDATA[org.openqa.selenium.WebDriverException: Session not started or terminated (WARNING: The server did not provide any stacktrace information)
Command duration or timeout: 27 milliseconds
Build info: version: '3.0.1', revision: '1969d75', time: '2016-10-18 09:49:13 -0700'
System info: host: 'BRPC444', ip: '10.1.10.28', os.name: 'Windows 7', os.arch: 'amd64', os.version: '6.1', java.version: '1.8.0_111'
Driver info: org.openqa.selenium.remote.RemoteWebDriver
Capabilities [{message=Could not find device: Samsung Galaxy S7, platform=ANY}]
Session ID: 
	at sun.reflect.NativeConstructorAccessorImpl.newInstance0(Native Method)
	at sun.reflect.NativeConstructorAccessorImpl.newInstance(NativeConstructorAccessorImpl.java:62)
	at sun.reflect.DelegatingConstructorAccessorImpl.newInstance(DelegatingConstructorAccessorImpl.java:45)
	at java.lang.reflect.Constructor.newInstance(Constructor.java:423)
	at org.openqa.selenium.remote.ErrorHandler.createThrowable(ErrorHandler.java:216)
	at org.openqa.selenium.remote.ErrorHandler.throwIfResponseFailed(ErrorHandler.java:168)
	at org.openqa.selenium.remote.RemoteWebDriver.execute(RemoteWebDriver.java:635)
	at org.openqa.selenium.remote.RemoteWebDriver.execute(RemoteWebDriver.java:658)
	at org.openqa.selenium.remote.RemoteWebDriver.quit(RemoteWebDriver.java:497)
	at com.backroads.atlas_browserstack.BrowserStackTestNGTest.tearDown(BrowserStackTestNGTest.java:85)
	at sun.reflect.NativeMethodAccessorImpl.invoke0(Native Method)
	at sun.reflect.NativeMethodAccessorImpl.invoke(NativeMethodAccessorImpl.java:62)
	at sun.reflect.DelegatingMethodAccessorImpl.invoke(DelegatingMethodAccessorImpl.java:43)
	at java.lang.reflect.Method.invoke(Method.java:498)
	at org.testng.internal.MethodInvocationHelper.invokeMethod(MethodInvocationHelper.java:86)
	at org.testng.internal.Invoker.invokeConfigurationMethod(Invoker.java:514)
	at org.testng.internal.Invoker.invokeConfigurations(Invoker.java:215)
	at org.testng.internal.Invoker.invokeMethod(Invoker.java:707)
	at org.testng.internal.Invoker.invokeTestMethod(Invoker.java:820)
	at org.testng.internal.Invoker.invokeTestMethods(Invoker.java:1128)
	at org.testng.internal.TestMethodWorker.invokeTestMethods(TestMethodWorker.java:129)
	at org.testng.internal.TestMethodWorker.run(TestMethodWorker.java:112)
	at org.testng.TestRunner.privateRun(TestRunner.java:782)
	at org.testng.TestRunner.run(TestRunner.java:632)
	at org.testng.SuiteRunner.runTest(SuiteRunner.java:366)
	at org.testng.SuiteRunner.access$000(SuiteRunner.java:39)
	at org.testng.SuiteRunner$SuiteWorker.run(SuiteRunner.java:400)
	at org.testng.internal.thread.ThreadUtil$2.call(ThreadUtil.java:64)
	at java.util.concurrent.FutureTask.run(FutureTask.java:266)
	at java.util.concurrent.ThreadPoolExecutor.runWorker(ThreadPoolExecutor.java:1142)
	at java.util.concurrent.ThreadPoolExecutor$Worker.run(ThreadPoolExecutor.java:617)
	at java.lang.Thread.run(Thread.java:745)
]]>
            </full-stacktrace>
          </exception> <!-- org.openqa.selenium.WebDriverException -->
          <reporter-output>
          </reporter-output>
        </test-method> <!-- tearDown -->
      </class> <!-- com.backroads.atlas.testcases.UI.AtlasLeaderOnlyUSTest008 -->
      <class name="com.backroads.atlas.testcases.UI.AtlasLeaderOnlyUSTest007">
        <test-method status="PASS" signature="setUp(java.lang.String, java.lang.String)[pri:0, instance:com.backroads.atlas.testcases.UI.AtlasLeaderOnlyUSTest007@29774679]" name="setUp" is-config="true" duration-ms="413" started-at="2017-07-19T17:01:32Z" finished-at="2017-07-19T17:01:32Z">
          <params>
            <param index="0">
              <value>
                <![CDATA[parallel.conf.json]]>
              </value>
            </param>
            <param index="1">
              <value>
                <![CDATA[sGalaxyS7]]>
              </value>
            </param>
          </params>
          <reporter-output>
          </reporter-output>
        </test-method> <!-- setUp -->
        <test-method status="SKIP" signature="main()[pri:0, instance:com.backroads.atlas.testcases.UI.AtlasLeaderOnlyUSTest007@29774679]" name="main" duration-ms="0" started-at="2017-07-19T17:01:32Z" finished-at="2017-07-19T17:01:32Z">
          <reporter-output>
          </reporter-output>
        </test-method> <!-- main -->
        <test-method status="FAIL" signature="tearDown()[pri:0, instance:com.backroads.atlas.testcases.UI.AtlasLeaderOnlyUSTest007@29774679]" name="tearDown" is-config="true" duration-ms="0" started-at="2017-07-19T17:01:32Z" finished-at="2017-07-19T17:01:32Z">
          <exception class="org.openqa.selenium.WebDriverException">
            <message>
              <![CDATA[Session not started or terminated (WARNING: The server did not provide any stacktrace information)
Command duration or timeout: 28 milliseconds
Build info: version: '3.0.1', revision: '1969d75', time: '2016-10-18 09:49:13 -0700'
System info: host: 'BRPC444', ip: '10.1.10.28', os.name: 'Windows 7', os.arch: 'amd64', os.version: '6.1', java.version: '1.8.0_111'
Driver info: org.openqa.selenium.remote.RemoteWebDriver
Capabilities [{message=Could not find device: Samsung Galaxy S7, platform=ANY}]
Session ID: ]]>
            </message>
            <full-stacktrace>
              <![CDATA[org.openqa.selenium.WebDriverException: Session not started or terminated (WARNING: The server did not provide any stacktrace information)
Command duration or timeout: 28 milliseconds
Build info: version: '3.0.1', revision: '1969d75', time: '2016-10-18 09:49:13 -0700'
System info: host: 'BRPC444', ip: '10.1.10.28', os.name: 'Windows 7', os.arch: 'amd64', os.version: '6.1', java.version: '1.8.0_111'
Driver info: org.openqa.selenium.remote.RemoteWebDriver
Capabilities [{message=Could not find device: Samsung Galaxy S7, platform=ANY}]
Session ID: 
	at sun.reflect.NativeConstructorAccessorImpl.newInstance0(Native Method)
	at sun.reflect.NativeConstructorAccessorImpl.newInstance(NativeConstructorAccessorImpl.java:62)
	at sun.reflect.DelegatingConstructorAccessorImpl.newInstance(DelegatingConstructorAccessorImpl.java:45)
	at java.lang.reflect.Constructor.newInstance(Constructor.java:423)
	at org.openqa.selenium.remote.ErrorHandler.createThrowable(ErrorHandler.java:216)
	at org.openqa.selenium.remote.ErrorHandler.throwIfResponseFailed(ErrorHandler.java:168)
	at org.openqa.selenium.remote.RemoteWebDriver.execute(RemoteWebDriver.java:635)
	at org.openqa.selenium.remote.RemoteWebDriver.execute(RemoteWebDriver.java:658)
	at org.openqa.selenium.remote.RemoteWebDriver.quit(RemoteWebDriver.java:497)
	at com.backroads.atlas_browserstack.BrowserStackTestNGTest.tearDown(BrowserStackTestNGTest.java:85)
	at sun.reflect.NativeMethodAccessorImpl.invoke0(Native Method)
	at sun.reflect.NativeMethodAccessorImpl.invoke(NativeMethodAccessorImpl.java:62)
	at sun.reflect.DelegatingMethodAccessorImpl.invoke(DelegatingMethodAccessorImpl.java:43)
	at java.lang.reflect.Method.invoke(Method.java:498)
	at org.testng.internal.MethodInvocationHelper.invokeMethod(MethodInvocationHelper.java:86)
	at org.testng.internal.Invoker.invokeConfigurationMethod(Invoker.java:514)
	at org.testng.internal.Invoker.invokeConfigurations(Invoker.java:215)
	at org.testng.internal.Invoker.invokeMethod(Invoker.java:707)
	at org.testng.internal.Invoker.invokeTestMethod(Invoker.java:820)
	at org.testng.internal.Invoker.invokeTestMethods(Invoker.java:1128)
	at org.testng.internal.TestMethodWorker.invokeTestMethods(TestMethodWorker.java:129)
	at org.testng.internal.TestMethodWorker.run(TestMethodWorker.java:112)
	at org.testng.TestRunner.privateRun(TestRunner.java:782)
	at org.testng.TestRunner.run(TestRunner.java:632)
	at org.testng.SuiteRunner.runTest(SuiteRunner.java:366)
	at org.testng.SuiteRunner.access$000(SuiteRunner.java:39)
	at org.testng.SuiteRunner$SuiteWorker.run(SuiteRunner.java:400)
	at org.testng.internal.thread.ThreadUtil$2.call(ThreadUtil.java:64)
	at java.util.concurrent.FutureTask.run(FutureTask.java:266)
	at java.util.concurrent.ThreadPoolExecutor.runWorker(ThreadPoolExecutor.java:1142)
	at java.util.concurrent.ThreadPoolExecutor$Worker.run(ThreadPoolExecutor.java:617)
	at java.lang.Thread.run(Thread.java:745)
]]>
            </full-stacktrace>
          </exception> <!-- org.openqa.selenium.WebDriverException -->
          <reporter-output>
          </reporter-output>
        </test-method> <!-- tearDown -->
      </class> <!-- com.backroads.atlas.testcases.UI.AtlasLeaderOnlyUSTest007 -->
      <class name="com.backroads.atlas.testcases.UI.AtlasLeaderOnlyUSTest017">
        <test-method status="PASS" signature="setUp(java.lang.String, java.lang.String)[pri:0, instance:com.backroads.atlas.testcases.UI.AtlasLeaderOnlyUSTest017@59f99ea]" name="setUp" is-config="true" duration-ms="403" started-at="2017-07-19T17:01:35Z" finished-at="2017-07-19T17:01:36Z">
          <params>
            <param index="0">
              <value>
                <![CDATA[parallel.conf.json]]>
              </value>
            </param>
            <param index="1">
              <value>
                <![CDATA[sGalaxyS7]]>
              </value>
            </param>
          </params>
          <reporter-output>
          </reporter-output>
        </test-method> <!-- setUp -->
        <test-method status="FAIL" signature="tearDown()[pri:0, instance:com.backroads.atlas.testcases.UI.AtlasLeaderOnlyUSTest017@59f99ea]" name="tearDown" is-config="true" duration-ms="0" started-at="2017-07-19T17:01:36Z" finished-at="2017-07-19T17:01:36Z">
          <exception class="org.openqa.selenium.WebDriverException">
            <message>
              <![CDATA[Session not started or terminated (WARNING: The server did not provide any stacktrace information)
Command duration or timeout: 28 milliseconds
Build info: version: '3.0.1', revision: '1969d75', time: '2016-10-18 09:49:13 -0700'
System info: host: 'BRPC444', ip: '10.1.10.28', os.name: 'Windows 7', os.arch: 'amd64', os.version: '6.1', java.version: '1.8.0_111'
Driver info: org.openqa.selenium.remote.RemoteWebDriver
Capabilities [{message=Could not find device: Samsung Galaxy S7, platform=ANY}]
Session ID: ]]>
            </message>
            <full-stacktrace>
              <![CDATA[org.openqa.selenium.WebDriverException: Session not started or terminated (WARNING: The server did not provide any stacktrace information)
Command duration or timeout: 28 milliseconds
Build info: version: '3.0.1', revision: '1969d75', time: '2016-10-18 09:49:13 -0700'
System info: host: 'BRPC444', ip: '10.1.10.28', os.name: 'Windows 7', os.arch: 'amd64', os.version: '6.1', java.version: '1.8.0_111'
Driver info: org.openqa.selenium.remote.RemoteWebDriver
Capabilities [{message=Could not find device: Samsung Galaxy S7, platform=ANY}]
Session ID: 
	at sun.reflect.NativeConstructorAccessorImpl.newInstance0(Native Method)
	at sun.reflect.NativeConstructorAccessorImpl.newInstance(NativeConstructorAccessorImpl.java:62)
	at sun.reflect.DelegatingConstructorAccessorImpl.newInstance(DelegatingConstructorAccessorImpl.java:45)
	at java.lang.reflect.Constructor.newInstance(Constructor.java:423)
	at org.openqa.selenium.remote.ErrorHandler.createThrowable(ErrorHandler.java:216)
	at org.openqa.selenium.remote.ErrorHandler.throwIfResponseFailed(ErrorHandler.java:168)
	at org.openqa.selenium.remote.RemoteWebDriver.execute(RemoteWebDriver.java:635)
	at org.openqa.selenium.remote.RemoteWebDriver.execute(RemoteWebDriver.java:658)
	at org.openqa.selenium.remote.RemoteWebDriver.quit(RemoteWebDriver.java:497)
	at com.backroads.atlas_browserstack.BrowserStackTestNGTest.tearDown(BrowserStackTestNGTest.java:85)
	at sun.reflect.NativeMethodAccessorImpl.invoke0(Native Method)
	at sun.reflect.NativeMethodAccessorImpl.invoke(NativeMethodAccessorImpl.java:62)
	at sun.reflect.DelegatingMethodAccessorImpl.invoke(DelegatingMethodAccessorImpl.java:43)
	at java.lang.reflect.Method.invoke(Method.java:498)
	at org.testng.internal.MethodInvocationHelper.invokeMethod(MethodInvocationHelper.java:86)
	at org.testng.internal.Invoker.invokeConfigurationMethod(Invoker.java:514)
	at org.testng.internal.Invoker.invokeConfigurations(Invoker.java:215)
	at org.testng.internal.Invoker.invokeMethod(Invoker.java:707)
	at org.testng.internal.Invoker.invokeTestMethod(Invoker.java:820)
	at org.testng.internal.Invoker.invokeTestMethods(Invoker.java:1128)
	at org.testng.internal.TestMethodWorker.invokeTestMethods(TestMethodWorker.java:129)
	at org.testng.internal.TestMethodWorker.run(TestMethodWorker.java:112)
	at org.testng.TestRunner.privateRun(TestRunner.java:782)
	at org.testng.TestRunner.run(TestRunner.java:632)
	at org.testng.SuiteRunner.runTest(SuiteRunner.java:366)
	at org.testng.SuiteRunner.access$000(SuiteRunner.java:39)
	at org.testng.SuiteRunner$SuiteWorker.run(SuiteRunner.java:400)
	at org.testng.internal.thread.ThreadUtil$2.call(ThreadUtil.java:64)
	at java.util.concurrent.FutureTask.run(FutureTask.java:266)
	at java.util.concurrent.ThreadPoolExecutor.runWorker(ThreadPoolExecutor.java:1142)
	at java.util.concurrent.ThreadPoolExecutor$Worker.run(ThreadPoolExecutor.java:617)
	at java.lang.Thread.run(Thread.java:745)
]]>
            </full-stacktrace>
          </exception> <!-- org.openqa.selenium.WebDriverException -->
          <reporter-output>
          </reporter-output>
        </test-method> <!-- tearDown -->
        <test-method status="SKIP" signature="main()[pri:0, instance:com.backroads.atlas.testcases.UI.AtlasLeaderOnlyUSTest017@59f99ea]" name="main" duration-ms="0" started-at="2017-07-19T17:01:36Z" finished-at="2017-07-19T17:01:36Z">
          <reporter-output>
          </reporter-output>
        </test-method> <!-- main -->
      </class> <!-- com.backroads.atlas.testcases.UI.AtlasLeaderOnlyUSTest017 -->
      <class name="com.backroads.atlas.testcases.UI.AtlasLeaderOnlyUSTest005">
        <test-method status="PASS" signature="setUp(java.lang.String, java.lang.String)[pri:0, instance:com.backroads.atlas.testcases.UI.AtlasLeaderOnlyUSTest005@61832929]" name="setUp" is-config="true" duration-ms="1631" started-at="2017-07-19T17:01:30Z" finished-at="2017-07-19T17:01:31Z">
          <params>
            <param index="0">
              <value>
                <![CDATA[parallel.conf.json]]>
              </value>
            </param>
            <param index="1">
              <value>
                <![CDATA[sGalaxyS7]]>
              </value>
            </param>
          </params>
          <reporter-output>
          </reporter-output>
        </test-method> <!-- setUp -->
        <test-method status="FAIL" signature="main()[pri:0, instance:com.backroads.atlas.testcases.UI.AtlasLeaderOnlyUSTest005@61832929]" name="main" duration-ms="172" started-at="2017-07-19T17:01:31Z" finished-at="2017-07-19T17:01:32Z">
          <exception class="org.openqa.selenium.WebDriverException">
            <message>
              <![CDATA[Session not started or terminated (WARNING: The server did not provide any stacktrace information)
Command duration or timeout: 83 milliseconds
Build info: version: '3.0.1', revision: '1969d75', time: '2016-10-18 09:49:13 -0700'
System info: host: 'BRPC444', ip: '10.1.10.28', os.name: 'Windows 7', os.arch: 'amd64', os.version: '6.1', java.version: '1.8.0_111'
Driver info: org.openqa.selenium.remote.RemoteWebDriver
Capabilities [{message=Could not find device: Samsung Galaxy S7, platform=ANY}]
Session ID: ]]>
            </message>
            <full-stacktrace>
              <![CDATA[org.openqa.selenium.WebDriverException: Session not started or terminated (WARNING: The server did not provide any stacktrace information)
Command duration or timeout: 83 milliseconds
Build info: version: '3.0.1', revision: '1969d75', time: '2016-10-18 09:49:13 -0700'
System info: host: 'BRPC444', ip: '10.1.10.28', os.name: 'Windows 7', os.arch: 'amd64', os.version: '6.1', java.version: '1.8.0_111'
Driver info: org.openqa.selenium.remote.RemoteWebDriver
Capabilities [{message=Could not find device: Samsung Galaxy S7, platform=ANY}]
Session ID: 
	at sun.reflect.NativeConstructorAccessorImpl.newInstance0(Native Method)
	at sun.reflect.NativeConstructorAccessorImpl.newInstance(NativeConstructorAccessorImpl.java:62)
	at sun.reflect.DelegatingConstructorAccessorImpl.newInstance(DelegatingConstructorAccessorImpl.java:45)
	at java.lang.reflect.Constructor.newInstance(Constructor.java:423)
	at org.openqa.selenium.remote.ErrorHandler.createThrowable(ErrorHandler.java:216)
	at org.openqa.selenium.remote.ErrorHandler.throwIfResponseFailed(ErrorHandler.java:168)
	at org.openqa.selenium.remote.RemoteWebDriver.execute(RemoteWebDriver.java:635)
	at org.openqa.selenium.remote.RemoteWebDriver.get(RemoteWebDriver.java:322)
	at com.backroads.atlas.testcases.UI.AtlasLeaderOnlyUSTest005.main(AtlasLeaderOnlyUSTest005.java:29)
	at sun.reflect.NativeMethodAccessorImpl.invoke0(Native Method)
	at sun.reflect.NativeMethodAccessorImpl.invoke(NativeMethodAccessorImpl.java:62)
	at sun.reflect.DelegatingMethodAccessorImpl.invoke(DelegatingMethodAccessorImpl.java:43)
	at java.lang.reflect.Method.invoke(Method.java:498)
	at org.testng.internal.MethodInvocationHelper.invokeMethod(MethodInvocationHelper.java:86)
	at org.testng.internal.Invoker.invokeMethod(Invoker.java:643)
	at org.testng.internal.Invoker.invokeTestMethod(Invoker.java:820)
	at org.testng.internal.Invoker.invokeTestMethods(Invoker.java:1128)
	at org.testng.internal.TestMethodWorker.invokeTestMethods(TestMethodWorker.java:129)
	at org.testng.internal.TestMethodWorker.run(TestMethodWorker.java:112)
	at org.testng.TestRunner.privateRun(TestRunner.java:782)
	at org.testng.TestRunner.run(TestRunner.java:632)
	at org.testng.SuiteRunner.runTest(SuiteRunner.java:366)
	at org.testng.SuiteRunner.access$000(SuiteRunner.java:39)
	at org.testng.SuiteRunner$SuiteWorker.run(SuiteRunner.java:400)
	at org.testng.internal.thread.ThreadUtil$2.call(ThreadUtil.java:64)
	at java.util.concurrent.FutureTask.run(FutureTask.java:266)
	at java.util.concurrent.ThreadPoolExecutor.runWorker(ThreadPoolExecutor.java:1142)
	at java.util.concurrent.ThreadPoolExecutor$Worker.run(ThreadPoolExecutor.java:617)
	at java.lang.Thread.run(Thread.java:745)
]]>
            </full-stacktrace>
          </exception> <!-- org.openqa.selenium.WebDriverException -->
          <reporter-output>
          </reporter-output>
        </test-method> <!-- main -->
        <test-method status="FAIL" signature="tearDown()[pri:0, instance:com.backroads.atlas.testcases.UI.AtlasLeaderOnlyUSTest005@61832929]" name="tearDown" is-config="true" duration-ms="0" started-at="2017-07-19T17:01:32Z" finished-at="2017-07-19T17:01:32Z">
          <exception class="org.openqa.selenium.WebDriverException">
            <message>
              <![CDATA[Session not started or terminated (WARNING: The server did not provide any stacktrace information)
Command duration or timeout: 30 milliseconds
Build info: version: '3.0.1', revision: '1969d75', time: '2016-10-18 09:49:13 -0700'
System info: host: 'BRPC444', ip: '10.1.10.28', os.name: 'Windows 7', os.arch: 'amd64', os.version: '6.1', java.version: '1.8.0_111'
Driver info: org.openqa.selenium.remote.RemoteWebDriver
Capabilities [{message=Could not find device: Samsung Galaxy S7, platform=ANY}]
Session ID: ]]>
            </message>
            <full-stacktrace>
              <![CDATA[org.openqa.selenium.WebDriverException: Session not started or terminated (WARNING: The server did not provide any stacktrace information)
Command duration or timeout: 30 milliseconds
Build info: version: '3.0.1', revision: '1969d75', time: '2016-10-18 09:49:13 -0700'
System info: host: 'BRPC444', ip: '10.1.10.28', os.name: 'Windows 7', os.arch: 'amd64', os.version: '6.1', java.version: '1.8.0_111'
Driver info: org.openqa.selenium.remote.RemoteWebDriver
Capabilities [{message=Could not find device: Samsung Galaxy S7, platform=ANY}]
Session ID: 
	at sun.reflect.NativeConstructorAccessorImpl.newInstance0(Native Method)
	at sun.reflect.NativeConstructorAccessorImpl.newInstance(NativeConstructorAccessorImpl.java:62)
	at sun.reflect.DelegatingConstructorAccessorImpl.newInstance(DelegatingConstructorAccessorImpl.java:45)
	at java.lang.reflect.Constructor.newInstance(Constructor.java:423)
	at org.openqa.selenium.remote.ErrorHandler.createThrowable(ErrorHandler.java:216)
	at org.openqa.selenium.remote.ErrorHandler.throwIfResponseFailed(ErrorHandler.java:168)
	at org.openqa.selenium.remote.RemoteWebDriver.execute(RemoteWebDriver.java:635)
	at org.openqa.selenium.remote.RemoteWebDriver.execute(RemoteWebDriver.java:658)
	at org.openqa.selenium.remote.RemoteWebDriver.quit(RemoteWebDriver.java:497)
	at com.backroads.atlas_browserstack.BrowserStackTestNGTest.tearDown(BrowserStackTestNGTest.java:85)
	at sun.reflect.NativeMethodAccessorImpl.invoke0(Native Method)
	at sun.reflect.NativeMethodAccessorImpl.invoke(NativeMethodAccessorImpl.java:62)
	at sun.reflect.DelegatingMethodAccessorImpl.invoke(DelegatingMethodAccessorImpl.java:43)
	at java.lang.reflect.Method.invoke(Method.java:498)
	at org.testng.internal.MethodInvocationHelper.invokeMethod(MethodInvocationHelper.java:86)
	at org.testng.internal.Invoker.invokeConfigurationMethod(Invoker.java:514)
	at org.testng.internal.Invoker.invokeConfigurations(Invoker.java:215)
	at org.testng.internal.Invoker.invokeMethod(Invoker.java:707)
	at org.testng.internal.Invoker.invokeTestMethod(Invoker.java:820)
	at org.testng.internal.Invoker.invokeTestMethods(Invoker.java:1128)
	at org.testng.internal.TestMethodWorker.invokeTestMethods(TestMethodWorker.java:129)
	at org.testng.internal.TestMethodWorker.run(TestMethodWorker.java:112)
	at org.testng.TestRunner.privateRun(TestRunner.java:782)
	at org.testng.TestRunner.run(TestRunner.java:632)
	at org.testng.SuiteRunner.runTest(SuiteRunner.java:366)
	at org.testng.SuiteRunner.access$000(SuiteRunner.java:39)
	at org.testng.SuiteRunner$SuiteWorker.run(SuiteRunner.java:400)
	at org.testng.internal.thread.ThreadUtil$2.call(ThreadUtil.java:64)
	at java.util.concurrent.FutureTask.run(FutureTask.java:266)
	at java.util.concurrent.ThreadPoolExecutor.runWorker(ThreadPoolExecutor.java:1142)
	at java.util.concurrent.ThreadPoolExecutor$Worker.run(ThreadPoolExecutor.java:617)
	at java.lang.Thread.run(Thread.java:745)
]]>
            </full-stacktrace>
          </exception> <!-- org.openqa.selenium.WebDriverException -->
          <reporter-output>
          </reporter-output>
        </test-method> <!-- tearDown -->
      </class> <!-- com.backroads.atlas.testcases.UI.AtlasLeaderOnlyUSTest005 -->
      <class name="com.backroads.atlas.testcases.UI.AtlasLeaderOnlyUSTest011_Dinner">
        <test-method status="PASS" signature="setUp(java.lang.String, java.lang.String)[pri:0, instance:com.backroads.atlas.testcases.UI.AtlasLeaderOnlyUSTest011_Dinner@26653222]" name="setUp" is-config="true" duration-ms="835" started-at="2017-07-19T17:01:33Z" finished-at="2017-07-19T17:01:34Z">
          <params>
            <param index="0">
              <value>
                <![CDATA[parallel.conf.json]]>
              </value>
            </param>
            <param index="1">
              <value>
                <![CDATA[sGalaxyS7]]>
              </value>
            </param>
          </params>
          <reporter-output>
          </reporter-output>
        </test-method> <!-- setUp -->
        <test-method status="SKIP" signature="main()[pri:0, instance:com.backroads.atlas.testcases.UI.AtlasLeaderOnlyUSTest011_Dinner@26653222]" name="main" duration-ms="1" started-at="2017-07-19T17:01:34Z" finished-at="2017-07-19T17:01:34Z">
          <reporter-output>
          </reporter-output>
        </test-method> <!-- main -->
        <test-method status="FAIL" signature="tearDown()[pri:0, instance:com.backroads.atlas.testcases.UI.AtlasLeaderOnlyUSTest011_Dinner@26653222]" name="tearDown" is-config="true" duration-ms="0" started-at="2017-07-19T17:01:34Z" finished-at="2017-07-19T17:01:34Z">
          <exception class="org.openqa.selenium.WebDriverException">
            <message>
              <![CDATA[Session not started or terminated (WARNING: The server did not provide any stacktrace information)
Command duration or timeout: 31 milliseconds
Build info: version: '3.0.1', revision: '1969d75', time: '2016-10-18 09:49:13 -0700'
System info: host: 'BRPC444', ip: '10.1.10.28', os.name: 'Windows 7', os.arch: 'amd64', os.version: '6.1', java.version: '1.8.0_111'
Driver info: org.openqa.selenium.remote.RemoteWebDriver
Capabilities [{message=Could not find device: Samsung Galaxy S7, platform=ANY}]
Session ID: ]]>
            </message>
            <full-stacktrace>
              <![CDATA[org.openqa.selenium.WebDriverException: Session not started or terminated (WARNING: The server did not provide any stacktrace information)
Command duration or timeout: 31 milliseconds
Build info: version: '3.0.1', revision: '1969d75', time: '2016-10-18 09:49:13 -0700'
System info: host: 'BRPC444', ip: '10.1.10.28', os.name: 'Windows 7', os.arch: 'amd64', os.version: '6.1', java.version: '1.8.0_111'
Driver info: org.openqa.selenium.remote.RemoteWebDriver
Capabilities [{message=Could not find device: Samsung Galaxy S7, platform=ANY}]
Session ID: 
	at sun.reflect.NativeConstructorAccessorImpl.newInstance0(Native Method)
	at sun.reflect.NativeConstructorAccessorImpl.newInstance(NativeConstructorAccessorImpl.java:62)
	at sun.reflect.DelegatingConstructorAccessorImpl.newInstance(DelegatingConstructorAccessorImpl.java:45)
	at java.lang.reflect.Constructor.newInstance(Constructor.java:423)
	at org.openqa.selenium.remote.ErrorHandler.createThrowable(ErrorHandler.java:216)
	at org.openqa.selenium.remote.ErrorHandler.throwIfResponseFailed(ErrorHandler.java:168)
	at org.openqa.selenium.remote.RemoteWebDriver.execute(RemoteWebDriver.java:635)
	at org.openqa.selenium.remote.RemoteWebDriver.execute(RemoteWebDriver.java:658)
	at org.openqa.selenium.remote.RemoteWebDriver.quit(RemoteWebDriver.java:497)
	at com.backroads.atlas_browserstack.BrowserStackTestNGTest.tearDown(BrowserStackTestNGTest.java:85)
	at sun.reflect.NativeMethodAccessorImpl.invoke0(Native Method)
	at sun.reflect.NativeMethodAccessorImpl.invoke(NativeMethodAccessorImpl.java:62)
	at sun.reflect.DelegatingMethodAccessorImpl.invoke(DelegatingMethodAccessorImpl.java:43)
	at java.lang.reflect.Method.invoke(Method.java:498)
	at org.testng.internal.MethodInvocationHelper.invokeMethod(MethodInvocationHelper.java:86)
	at org.testng.internal.Invoker.invokeConfigurationMethod(Invoker.java:514)
	at org.testng.internal.Invoker.invokeConfigurations(Invoker.java:215)
	at org.testng.internal.Invoker.invokeMethod(Invoker.java:707)
	at org.testng.internal.Invoker.invokeTestMethod(Invoker.java:820)
	at org.testng.internal.Invoker.invokeTestMethods(Invoker.java:1128)
	at org.testng.internal.TestMethodWorker.invokeTestMethods(TestMethodWorker.java:129)
	at org.testng.internal.TestMethodWorker.run(TestMethodWorker.java:112)
	at org.testng.TestRunner.privateRun(TestRunner.java:782)
	at org.testng.TestRunner.run(TestRunner.java:632)
	at org.testng.SuiteRunner.runTest(SuiteRunner.java:366)
	at org.testng.SuiteRunner.access$000(SuiteRunner.java:39)
	at org.testng.SuiteRunner$SuiteWorker.run(SuiteRunner.java:400)
	at org.testng.internal.thread.ThreadUtil$2.call(ThreadUtil.java:64)
	at java.util.concurrent.FutureTask.run(FutureTask.java:266)
	at java.util.concurrent.ThreadPoolExecutor.runWorker(ThreadPoolExecutor.java:1142)
	at java.util.concurrent.ThreadPoolExecutor$Worker.run(ThreadPoolExecutor.java:617)
	at java.lang.Thread.run(Thread.java:745)
]]>
            </full-stacktrace>
          </exception> <!-- org.openqa.selenium.WebDriverException -->
          <reporter-output>
          </reporter-output>
        </test-method> <!-- tearDown -->
      </class> <!-- com.backroads.atlas.testcases.UI.AtlasLeaderOnlyUSTest011_Dinner -->
      <class name="com.backroads.atlas.testcases.UI.AtlasLeaderOnlyUSTest009">
        <test-method status="PASS" signature="setUp(java.lang.String, java.lang.String)[pri:0, instance:com.backroads.atlas.testcases.UI.AtlasLeaderOnlyUSTest009@5e5792a0]" name="setUp" is-config="true" duration-ms="439" started-at="2017-07-19T17:01:32Z" finished-at="2017-07-19T17:01:33Z">
          <params>
            <param index="0">
              <value>
                <![CDATA[parallel.conf.json]]>
              </value>
            </param>
            <param index="1">
              <value>
                <![CDATA[sGalaxyS7]]>
              </value>
            </param>
          </params>
          <reporter-output>
          </reporter-output>
        </test-method> <!-- setUp -->
        <test-method status="SKIP" signature="main()[pri:0, instance:com.backroads.atlas.testcases.UI.AtlasLeaderOnlyUSTest009@5e5792a0]" name="main" duration-ms="0" started-at="2017-07-19T17:01:33Z" finished-at="2017-07-19T17:01:33Z">
          <reporter-output>
          </reporter-output>
        </test-method> <!-- main -->
        <test-method status="FAIL" signature="tearDown()[pri:0, instance:com.backroads.atlas.testcases.UI.AtlasLeaderOnlyUSTest009@5e5792a0]" name="tearDown" is-config="true" duration-ms="0" started-at="2017-07-19T17:01:33Z" finished-at="2017-07-19T17:01:33Z">
          <exception class="org.openqa.selenium.WebDriverException">
            <message>
              <![CDATA[Session not started or terminated (WARNING: The server did not provide any stacktrace information)
Command duration or timeout: 25 milliseconds
Build info: version: '3.0.1', revision: '1969d75', time: '2016-10-18 09:49:13 -0700'
System info: host: 'BRPC444', ip: '10.1.10.28', os.name: 'Windows 7', os.arch: 'amd64', os.version: '6.1', java.version: '1.8.0_111'
Driver info: org.openqa.selenium.remote.RemoteWebDriver
Capabilities [{message=Could not find device: Samsung Galaxy S7, platform=ANY}]
Session ID: ]]>
            </message>
            <full-stacktrace>
              <![CDATA[org.openqa.selenium.WebDriverException: Session not started or terminated (WARNING: The server did not provide any stacktrace information)
Command duration or timeout: 25 milliseconds
Build info: version: '3.0.1', revision: '1969d75', time: '2016-10-18 09:49:13 -0700'
System info: host: 'BRPC444', ip: '10.1.10.28', os.name: 'Windows 7', os.arch: 'amd64', os.version: '6.1', java.version: '1.8.0_111'
Driver info: org.openqa.selenium.remote.RemoteWebDriver
Capabilities [{message=Could not find device: Samsung Galaxy S7, platform=ANY}]
Session ID: 
	at sun.reflect.NativeConstructorAccessorImpl.newInstance0(Native Method)
	at sun.reflect.NativeConstructorAccessorImpl.newInstance(NativeConstructorAccessorImpl.java:62)
	at sun.reflect.DelegatingConstructorAccessorImpl.newInstance(DelegatingConstructorAccessorImpl.java:45)
	at java.lang.reflect.Constructor.newInstance(Constructor.java:423)
	at org.openqa.selenium.remote.ErrorHandler.createThrowable(ErrorHandler.java:216)
	at org.openqa.selenium.remote.ErrorHandler.throwIfResponseFailed(ErrorHandler.java:168)
	at org.openqa.selenium.remote.RemoteWebDriver.execute(RemoteWebDriver.java:635)
	at org.openqa.selenium.remote.RemoteWebDriver.execute(RemoteWebDriver.java:658)
	at org.openqa.selenium.remote.RemoteWebDriver.quit(RemoteWebDriver.java:497)
	at com.backroads.atlas_browserstack.BrowserStackTestNGTest.tearDown(BrowserStackTestNGTest.java:85)
	at sun.reflect.NativeMethodAccessorImpl.invoke0(Native Method)
	at sun.reflect.NativeMethodAccessorImpl.invoke(NativeMethodAccessorImpl.java:62)
	at sun.reflect.DelegatingMethodAccessorImpl.invoke(DelegatingMethodAccessorImpl.java:43)
	at java.lang.reflect.Method.invoke(Method.java:498)
	at org.testng.internal.MethodInvocationHelper.invokeMethod(MethodInvocationHelper.java:86)
	at org.testng.internal.Invoker.invokeConfigurationMethod(Invoker.java:514)
	at org.testng.internal.Invoker.invokeConfigurations(Invoker.java:215)
	at org.testng.internal.Invoker.invokeMethod(Invoker.java:707)
	at org.testng.internal.Invoker.invokeTestMethod(Invoker.java:820)
	at org.testng.internal.Invoker.invokeTestMethods(Invoker.java:1128)
	at org.testng.internal.TestMethodWorker.invokeTestMethods(TestMethodWorker.java:129)
	at org.testng.internal.TestMethodWorker.run(TestMethodWorker.java:112)
	at org.testng.TestRunner.privateRun(TestRunner.java:782)
	at org.testng.TestRunner.run(TestRunner.java:632)
	at org.testng.SuiteRunner.runTest(SuiteRunner.java:366)
	at org.testng.SuiteRunner.access$000(SuiteRunner.java:39)
	at org.testng.SuiteRunner$SuiteWorker.run(SuiteRunner.java:400)
	at org.testng.internal.thread.ThreadUtil$2.call(ThreadUtil.java:64)
	at java.util.concurrent.FutureTask.run(FutureTask.java:266)
	at java.util.concurrent.ThreadPoolExecutor.runWorker(ThreadPoolExecutor.java:1142)
	at java.util.concurrent.ThreadPoolExecutor$Worker.run(ThreadPoolExecutor.java:617)
	at java.lang.Thread.run(Thread.java:745)
]]>
            </full-stacktrace>
          </exception> <!-- org.openqa.selenium.WebDriverException -->
          <reporter-output>
          </reporter-output>
        </test-method> <!-- tearDown -->
      </class> <!-- com.backroads.atlas.testcases.UI.AtlasLeaderOnlyUSTest009 -->
    </test> <!-- atlas_sGalaxyS7Test -->
    <test name="atlas_sGalaxyNote3Test" duration-ms="1844601" started-at="2017-07-20T00:01:36Z" finished-at="2017-07-20T00:32:21Z">
      <class name="com.backroads.atlas.testcases.UI.AtlasLeaderOnlyUSTest011_Regular">
        <test-method status="PASS" signature="setUp(java.lang.String, java.lang.String)[pri:0, instance:com.backroads.atlas.testcases.UI.AtlasLeaderOnlyUSTest011_Regular@57baeedf]" name="setUp" is-config="true" duration-ms="156621" started-at="2017-07-19T17:23:04Z" finished-at="2017-07-19T17:25:41Z">
          <params>
            <param index="0">
              <value>
                <![CDATA[parallel.conf.json]]>
              </value>
            </param>
            <param index="1">
              <value>
                <![CDATA[sGalaxyNote3]]>
              </value>
            </param>
          </params>
          <reporter-output>
          </reporter-output>
        </test-method> <!-- setUp -->
        <test-method status="PASS" signature="tearDown()[pri:0, instance:com.backroads.atlas.testcases.UI.AtlasLeaderOnlyUSTest011_Regular@57baeedf]" name="tearDown" is-config="true" duration-ms="15736" started-at="2017-07-19T17:25:41Z" finished-at="2017-07-19T17:25:57Z">
          <reporter-output>
          </reporter-output>
        </test-method> <!-- tearDown -->
        <test-method status="SKIP" signature="main()[pri:0, instance:com.backroads.atlas.testcases.UI.AtlasLeaderOnlyUSTest011_Regular@57baeedf]" name="main" duration-ms="0" started-at="2017-07-19T17:25:41Z" finished-at="2017-07-19T17:25:41Z">
          <reporter-output>
          </reporter-output>
        </test-method> <!-- main -->
      </class> <!-- com.backroads.atlas.testcases.UI.AtlasLeaderOnlyUSTest011_Regular -->
      <class name="com.backroads.atlas.testcases.UI.AtlasLeaderOnlyUSTest014">
        <test-method status="PASS" signature="setUp(java.lang.String, java.lang.String)[pri:0, instance:com.backroads.atlas.testcases.UI.AtlasLeaderOnlyUSTest014@53b32d7]" name="setUp" is-config="true" duration-ms="71723" started-at="2017-07-19T17:25:57Z" finished-at="2017-07-19T17:27:08Z">
          <params>
            <param index="0">
              <value>
                <![CDATA[parallel.conf.json]]>
              </value>
            </param>
            <param index="1">
              <value>
                <![CDATA[sGalaxyNote3]]>
              </value>
            </param>
          </params>
          <reporter-output>
          </reporter-output>
        </test-method> <!-- setUp -->
        <test-method status="SKIP" signature="main(double)[pri:0, instance:com.backroads.atlas.testcases.UI.AtlasLeaderOnlyUSTest014@53b32d7]" name="main" duration-ms="0" started-at="2017-07-19T17:27:08Z" data-provider="forAtlasLeaderOnlyUSTest014" finished-at="2017-07-19T17:27:08Z">
          <params>
            <param index="0">
              <value>
                <![CDATA[0.5]]>
              </value>
            </param>
          </params>
          <reporter-output>
          </reporter-output>
        </test-method> <!-- main -->
        <test-method status="PASS" signature="tearDown()[pri:0, instance:com.backroads.atlas.testcases.UI.AtlasLeaderOnlyUSTest014@53b32d7]" name="tearDown" is-config="true" duration-ms="15800" started-at="2017-07-19T17:27:08Z" finished-at="2017-07-19T17:27:24Z">
          <reporter-output>
          </reporter-output>
        </test-method> <!-- tearDown -->
        <test-method status="PASS" signature="setUp(java.lang.String, java.lang.String)[pri:0, instance:com.backroads.atlas.testcases.UI.AtlasLeaderOnlyUSTest014@53b32d7]" name="setUp" is-config="true" duration-ms="100933" started-at="2017-07-19T17:27:24Z" finished-at="2017-07-19T17:29:05Z">
          <params>
            <param index="0">
              <value>
                <![CDATA[parallel.conf.json]]>
              </value>
            </param>
            <param index="1">
              <value>
                <![CDATA[sGalaxyNote3]]>
              </value>
            </param>
          </params>
          <reporter-output>
          </reporter-output>
        </test-method> <!-- setUp -->
        <test-method status="SKIP" signature="main(double)[pri:0, instance:com.backroads.atlas.testcases.UI.AtlasLeaderOnlyUSTest014@53b32d7]" name="main" duration-ms="0" started-at="2017-07-19T17:29:05Z" data-provider="forAtlasLeaderOnlyUSTest014" finished-at="2017-07-19T17:29:05Z">
          <params>
            <param index="0">
              <value>
                <![CDATA[-0.5]]>
              </value>
            </param>
          </params>
          <reporter-output>
          </reporter-output>
        </test-method> <!-- main -->
        <test-method status="PASS" signature="tearDown()[pri:0, instance:com.backroads.atlas.testcases.UI.AtlasLeaderOnlyUSTest014@53b32d7]" name="tearDown" is-config="true" duration-ms="16615" started-at="2017-07-19T17:29:05Z" finished-at="2017-07-19T17:29:22Z">
          <reporter-output>
          </reporter-output>
        </test-method> <!-- tearDown -->
      </class> <!-- com.backroads.atlas.testcases.UI.AtlasLeaderOnlyUSTest014 -->
      <class name="com.backroads.atlas.testcases.UI.AtlasLeaderOnlyUSTest024">
        <test-method status="PASS" signature="setUp(java.lang.String, java.lang.String)[pri:0, instance:com.backroads.atlas.testcases.UI.AtlasLeaderOnlyUSTest024@548e7350]" name="setUp" is-config="true" duration-ms="67534" started-at="2017-07-19T17:30:56Z" finished-at="2017-07-19T17:32:04Z">
          <params>
            <param index="0">
              <value>
                <![CDATA[parallel.conf.json]]>
              </value>
            </param>
            <param index="1">
              <value>
                <![CDATA[sGalaxyNote3]]>
              </value>
            </param>
          </params>
          <reporter-output>
          </reporter-output>
        </test-method> <!-- setUp -->
        <test-method status="SKIP" signature="main()[pri:0, instance:com.backroads.atlas.testcases.UI.AtlasLeaderOnlyUSTest024@548e7350]" name="main" duration-ms="0" started-at="2017-07-19T17:32:04Z" finished-at="2017-07-19T17:32:04Z">
          <reporter-output>
          </reporter-output>
        </test-method> <!-- main -->
        <test-method status="PASS" signature="tearDown()[pri:0, instance:com.backroads.atlas.testcases.UI.AtlasLeaderOnlyUSTest024@548e7350]" name="tearDown" is-config="true" duration-ms="17047" started-at="2017-07-19T17:32:04Z" finished-at="2017-07-19T17:32:21Z">
          <reporter-output>
          </reporter-output>
        </test-method> <!-- tearDown -->
      </class> <!-- com.backroads.atlas.testcases.UI.AtlasLeaderOnlyUSTest024 -->
      <class name="com.backroads.atlas.testcases.UI.AtlasLeaderOnlyUSTest012">
        <test-method status="FAIL" signature="main([Ljava.lang.String;)[pri:0, instance:com.backroads.atlas.testcases.UI.AtlasLeaderOnlyUSTest012@343f4d3d]" name="main" duration-ms="0" started-at="2017-07-19T17:25:57Z" data-provider="forAtlasLeaderOnlyUSTest012_13" finished-at="2017-07-19T17:25:57Z">
          <exception class="org.testng.TestNGException">
            <message>
              <![CDATA[
The data provider is trying to pass 11 parameters but the method com.backroads.atlas.testcases.UI.AtlasLeaderOnlyUSTest012#main takes 1]]>
            </message>
            <full-stacktrace>
              <![CDATA[org.testng.TestNGException: 
The data provider is trying to pass 11 parameters but the method com.backroads.atlas.testcases.UI.AtlasLeaderOnlyUSTest012#main takes 1
	at org.testng.internal.Invoker.injectParameters(Invoker.java:1229)
	at org.testng.internal.Invoker.invokeTestMethods(Invoker.java:1122)
	at org.testng.internal.TestMethodWorker.invokeTestMethods(TestMethodWorker.java:129)
	at org.testng.internal.TestMethodWorker.run(TestMethodWorker.java:112)
	at org.testng.TestRunner.privateRun(TestRunner.java:782)
	at org.testng.TestRunner.run(TestRunner.java:632)
	at org.testng.SuiteRunner.runTest(SuiteRunner.java:366)
	at org.testng.SuiteRunner.access$000(SuiteRunner.java:39)
	at org.testng.SuiteRunner$SuiteWorker.run(SuiteRunner.java:400)
	at org.testng.internal.thread.ThreadUtil$2.call(ThreadUtil.java:64)
	at java.util.concurrent.FutureTask.run(FutureTask.java:266)
	at java.util.concurrent.ThreadPoolExecutor.runWorker(ThreadPoolExecutor.java:1142)
	at java.util.concurrent.ThreadPoolExecutor$Worker.run(ThreadPoolExecutor.java:617)
	at java.lang.Thread.run(Thread.java:745)
]]>
            </full-stacktrace>
          </exception> <!-- org.testng.TestNGException -->
          <reporter-output>
          </reporter-output>
        </test-method> <!-- main -->
      </class> <!-- com.backroads.atlas.testcases.UI.AtlasLeaderOnlyUSTest012 -->
      <class name="com.backroads.atlas.testcases.UI.AtlasLeaderOnlyUSTest008">
        <test-method status="PASS" signature="setUp(java.lang.String, java.lang.String)[pri:0, instance:com.backroads.atlas.testcases.UI.AtlasLeaderOnlyUSTest008@39c0f4a]" name="setUp" is-config="true" duration-ms="363683" started-at="2017-07-19T17:09:11Z" finished-at="2017-07-19T17:15:14Z">
          <params>
            <param index="0">
              <value>
                <![CDATA[parallel.conf.json]]>
              </value>
            </param>
            <param index="1">
              <value>
                <![CDATA[sGalaxyNote3]]>
              </value>
            </param>
          </params>
          <reporter-output>
          </reporter-output>
        </test-method> <!-- setUp -->
        <test-method status="FAIL" signature="main()[pri:0, instance:com.backroads.atlas.testcases.UI.AtlasLeaderOnlyUSTest008@39c0f4a]" name="main" duration-ms="10204" started-at="2017-07-19T17:15:14Z" finished-at="2017-07-19T17:15:24Z">
          <exception class="org.openqa.selenium.WebDriverException">
            <message>
              <![CDATA[Underlying driver does not implement advanced user interactions yet.
Command duration or timeout: 46 milliseconds
Build info: version: '3.0.1', revision: '1969d75', time: '2016-10-18 09:49:13 -0700'
System info: host: 'BRPC444', ip: '10.1.10.28', os.name: 'Windows 7', os.arch: 'amd64', os.version: '6.1', java.version: '1.8.0_111'
Driver info: org.openqa.selenium.remote.RemoteWebDriver
Capabilities [{browserstack.tunnelIdentifier=, loggingPrefs={browser=SEVERE}, browserstack.asyncStop=true, language=Apache-HttpClient/4.5.1 (Java/1.8.0_111), platform=ANDROID, browserstack.video.disableWaterMark=true, acceptSslCerts=true, browser=android, acceptSslCert=false, webStorageEnabled=true, browserName=android, takesScreenshot=true, javascriptEnabled=true, 64bit=false, browserstack.debug=true, applicationCacheEnabled=true, rotatable=true, os=android, browserstack.ie.noFlash=false, os_version=, mobile={browser=mobile, version=Samsung Galaxy Note 3-4.3-1080x1920}, handlesAlerts=true, version=18, browserConnectionEnabled=true, browserstack.video=true, webdriver.remote.sessionid=6ebca829079d9288a8d1889625372df08cae663b, browserstack.ci_plugin=jenkins, orig_os=macyos, locationContextEnabled=true, device=Samsung Galaxy Note 3, proxy_type=node}]
Session ID: 6ebca829079d9288a8d1889625372df08cae663b]]>
            </message>
            <full-stacktrace>
              <![CDATA[org.openqa.selenium.WebDriverException: Underlying driver does not implement advanced user interactions yet.
Command duration or timeout: 46 milliseconds
Build info: version: '3.0.1', revision: '1969d75', time: '2016-10-18 09:49:13 -0700'
System info: host: 'BRPC444', ip: '10.1.10.28', os.name: 'Windows 7', os.arch: 'amd64', os.version: '6.1', java.version: '1.8.0_111'
Driver info: org.openqa.selenium.remote.RemoteWebDriver
Capabilities [{browserstack.tunnelIdentifier=, loggingPrefs={browser=SEVERE}, browserstack.asyncStop=true, language=Apache-HttpClient/4.5.1 (Java/1.8.0_111), platform=ANDROID, browserstack.video.disableWaterMark=true, acceptSslCerts=true, browser=android, acceptSslCert=false, webStorageEnabled=true, browserName=android, takesScreenshot=true, javascriptEnabled=true, 64bit=false, browserstack.debug=true, applicationCacheEnabled=true, rotatable=true, os=android, browserstack.ie.noFlash=false, os_version=, mobile={browser=mobile, version=Samsung Galaxy Note 3-4.3-1080x1920}, handlesAlerts=true, version=18, browserConnectionEnabled=true, browserstack.video=true, webdriver.remote.sessionid=6ebca829079d9288a8d1889625372df08cae663b, browserstack.ci_plugin=jenkins, orig_os=macyos, locationContextEnabled=true, device=Samsung Galaxy Note 3, proxy_type=node}]
Session ID: 6ebca829079d9288a8d1889625372df08cae663b
	at sun.reflect.GeneratedConstructorAccessor19.newInstance(Unknown Source)
	at sun.reflect.DelegatingConstructorAccessorImpl.newInstance(DelegatingConstructorAccessorImpl.java:45)
	at java.lang.reflect.Constructor.newInstance(Constructor.java:423)
	at org.openqa.selenium.remote.ErrorHandler.createThrowable(ErrorHandler.java:216)
	at org.openqa.selenium.remote.ErrorHandler.throwIfResponseFailed(ErrorHandler.java:168)
	at org.openqa.selenium.remote.RemoteWebDriver.execute(RemoteWebDriver.java:635)
	at org.openqa.selenium.remote.RemoteExecuteMethod.execute(RemoteExecuteMethod.java:35)
	at org.openqa.selenium.remote.RemoteMouse.mouseMove(RemoteMouse.java:89)
	at org.openqa.selenium.interactions.MoveMouseAction.perform(MoveMouseAction.java:39)
	at org.openqa.selenium.interactions.CompositeAction.perform(CompositeAction.java:50)
	at com.backroads.webdriver.pageobjectsfactory.pageobject.BasePageObject.goToPayroll(BasePageObject.java:57)
	at com.backroads.atlas.testcases.UI.AtlasLeaderOnlyUSTest008.main(AtlasLeaderOnlyUSTest008.java:32)
	at sun.reflect.NativeMethodAccessorImpl.invoke0(Native Method)
	at sun.reflect.NativeMethodAccessorImpl.invoke(NativeMethodAccessorImpl.java:62)
	at sun.reflect.DelegatingMethodAccessorImpl.invoke(DelegatingMethodAccessorImpl.java:43)
	at java.lang.reflect.Method.invoke(Method.java:498)
	at org.testng.internal.MethodInvocationHelper.invokeMethod(MethodInvocationHelper.java:86)
	at org.testng.internal.Invoker.invokeMethod(Invoker.java:643)
	at org.testng.internal.Invoker.invokeTestMethod(Invoker.java:820)
	at org.testng.internal.Invoker.invokeTestMethods(Invoker.java:1128)
	at org.testng.internal.TestMethodWorker.invokeTestMethods(TestMethodWorker.java:129)
	at org.testng.internal.TestMethodWorker.run(TestMethodWorker.java:112)
	at org.testng.TestRunner.privateRun(TestRunner.java:782)
	at org.testng.TestRunner.run(TestRunner.java:632)
	at org.testng.SuiteRunner.runTest(SuiteRunner.java:366)
	at org.testng.SuiteRunner.access$000(SuiteRunner.java:39)
	at org.testng.SuiteRunner$SuiteWorker.run(SuiteRunner.java:400)
	at org.testng.internal.thread.ThreadUtil$2.call(ThreadUtil.java:64)
	at java.util.concurrent.FutureTask.run(FutureTask.java:266)
	at java.util.concurrent.ThreadPoolExecutor.runWorker(ThreadPoolExecutor.java:1142)
	at java.util.concurrent.ThreadPoolExecutor$Worker.run(ThreadPoolExecutor.java:617)
	at java.lang.Thread.run(Thread.java:745)
Caused by: java.lang.UnsupportedOperationException: Underlying driver does not implement advanced user interactions yet.
	at org.openqa.selenium.support.events.EventFiringWebDriver.getMouse(EventFiringWebDriver.java:298)
	at org.openqa.selenium.remote.server.handler.interactions.MouseMoveToLocation.call(MouseMoveToLocation.java:46)
	at org.openqa.selenium.remote.server.handler.interactions.MouseMoveToLocation.call(MouseMoveToLocation.java:1)
	at java.util.concurrent.FutureTask.run(FutureTask.java:234)
	at org.openqa.selenium.remote.server.DefaultSession$1.run(DefaultSession.java:169)
	at java.util.concurrent.ThreadPoolExecutor.runWorker(ThreadPoolExecutor.java:1080)
	at java.util.concurrent.ThreadPoolExecutor$Worker.run(ThreadPoolExecutor.java:573)
	at java.lang.Thread.run(Thread.java:841)
]]>
            </full-stacktrace>
          </exception> <!-- org.openqa.selenium.WebDriverException -->
          <reporter-output>
          </reporter-output>
        </test-method> <!-- main -->
        <test-method status="PASS" signature="tearDown()[pri:0, instance:com.backroads.atlas.testcases.UI.AtlasLeaderOnlyUSTest008@39c0f4a]" name="tearDown" is-config="true" duration-ms="17111" started-at="2017-07-19T17:15:24Z" finished-at="2017-07-19T17:15:42Z">
          <reporter-output>
          </reporter-output>
        </test-method> <!-- tearDown -->
      </class> <!-- com.backroads.atlas.testcases.UI.AtlasLeaderOnlyUSTest008 -->
      <class name="com.backroads.atlas.testcases.UI.AtlasLeaderOnlyUSTest007">
        <test-method status="PASS" signature="setUp(java.lang.String, java.lang.String)[pri:0, instance:com.backroads.atlas.testcases.UI.AtlasLeaderOnlyUSTest007@7d9d1a19]" name="setUp" is-config="true" duration-ms="72425" started-at="2017-07-19T17:07:27Z" finished-at="2017-07-19T17:08:40Z">
          <params>
            <param index="0">
              <value>
                <![CDATA[parallel.conf.json]]>
              </value>
            </param>
            <param index="1">
              <value>
                <![CDATA[sGalaxyNote3]]>
              </value>
            </param>
          </params>
          <reporter-output>
          </reporter-output>
        </test-method> <!-- setUp -->
        <test-method status="FAIL" signature="main()[pri:0, instance:com.backroads.atlas.testcases.UI.AtlasLeaderOnlyUSTest007@7d9d1a19]" name="main" duration-ms="15303" started-at="2017-07-19T17:08:40Z" finished-at="2017-07-19T17:08:55Z">
          <exception class="org.openqa.selenium.WebDriverException">
            <message>
              <![CDATA[Underlying driver does not implement advanced user interactions yet.
Command duration or timeout: 44 milliseconds
Build info: version: '3.0.1', revision: '1969d75', time: '2016-10-18 09:49:13 -0700'
System info: host: 'BRPC444', ip: '10.1.10.28', os.name: 'Windows 7', os.arch: 'amd64', os.version: '6.1', java.version: '1.8.0_111'
Driver info: org.openqa.selenium.remote.RemoteWebDriver
Capabilities [{browserstack.tunnelIdentifier=, loggingPrefs={browser=SEVERE}, browserstack.asyncStop=true, language=Apache-HttpClient/4.5.1 (Java/1.8.0_111), platform=ANDROID, browserstack.video.disableWaterMark=true, acceptSslCerts=true, browser=android, acceptSslCert=false, webStorageEnabled=true, browserName=android, takesScreenshot=true, javascriptEnabled=true, 64bit=false, browserstack.debug=true, applicationCacheEnabled=true, rotatable=true, os=android, browserstack.ie.noFlash=false, os_version=, mobile={browser=mobile, version=Samsung Galaxy Note 3-4.3-1080x1920}, handlesAlerts=true, version=18, browserConnectionEnabled=true, browserstack.video=true, webdriver.remote.sessionid=8b9c21db304f20c57e2d83e47c200d3e2bbfcba5, browserstack.ci_plugin=jenkins, orig_os=macyos, locationContextEnabled=true, device=Samsung Galaxy Note 3, proxy_type=node}]
Session ID: 8b9c21db304f20c57e2d83e47c200d3e2bbfcba5]]>
            </message>
            <full-stacktrace>
              <![CDATA[org.openqa.selenium.WebDriverException: Underlying driver does not implement advanced user interactions yet.
Command duration or timeout: 44 milliseconds
Build info: version: '3.0.1', revision: '1969d75', time: '2016-10-18 09:49:13 -0700'
System info: host: 'BRPC444', ip: '10.1.10.28', os.name: 'Windows 7', os.arch: 'amd64', os.version: '6.1', java.version: '1.8.0_111'
Driver info: org.openqa.selenium.remote.RemoteWebDriver
Capabilities [{browserstack.tunnelIdentifier=, loggingPrefs={browser=SEVERE}, browserstack.asyncStop=true, language=Apache-HttpClient/4.5.1 (Java/1.8.0_111), platform=ANDROID, browserstack.video.disableWaterMark=true, acceptSslCerts=true, browser=android, acceptSslCert=false, webStorageEnabled=true, browserName=android, takesScreenshot=true, javascriptEnabled=true, 64bit=false, browserstack.debug=true, applicationCacheEnabled=true, rotatable=true, os=android, browserstack.ie.noFlash=false, os_version=, mobile={browser=mobile, version=Samsung Galaxy Note 3-4.3-1080x1920}, handlesAlerts=true, version=18, browserConnectionEnabled=true, browserstack.video=true, webdriver.remote.sessionid=8b9c21db304f20c57e2d83e47c200d3e2bbfcba5, browserstack.ci_plugin=jenkins, orig_os=macyos, locationContextEnabled=true, device=Samsung Galaxy Note 3, proxy_type=node}]
Session ID: 8b9c21db304f20c57e2d83e47c200d3e2bbfcba5
	at sun.reflect.NativeConstructorAccessorImpl.newInstance0(Native Method)
	at sun.reflect.NativeConstructorAccessorImpl.newInstance(NativeConstructorAccessorImpl.java:62)
	at sun.reflect.DelegatingConstructorAccessorImpl.newInstance(DelegatingConstructorAccessorImpl.java:45)
	at java.lang.reflect.Constructor.newInstance(Constructor.java:423)
	at org.openqa.selenium.remote.ErrorHandler.createThrowable(ErrorHandler.java:216)
[...]
System info: host: 'BRPC444', ip: '10.1.10.28', os.name: 'Windows 7', os.arch: 'amd64', os.version: '6.1', java.version: '1.8.0_111'
Driver info: org.openqa.selenium.remote.RemoteWebDriver
Capabilities [{message=Could not start Browser / Emulator, platform=ANY}]
Session ID: ]]>
            </message>
            <full-stacktrace>
              <![CDATA[org.openqa.selenium.WebDriverException: Session not started or terminated (WARNING: The server did not provide any stacktrace information)
Command duration or timeout: 25 milliseconds
Build info: version: '3.0.1', revision: '1969d75', time: '2016-10-18 09:49:13 -0700'
System info: host: 'BRPC444', ip: '10.1.10.28', os.name: 'Windows 7', os.arch: 'amd64', os.version: '6.1', java.version: '1.8.0_111'
Driver info: org.openqa.selenium.remote.RemoteWebDriver
Capabilities [{message=Could not start Browser / Emulator, platform=ANY}]
Session ID: 
	at sun.reflect.NativeConstructorAccessorImpl.newInstance0(Native Method)
	at sun.reflect.NativeConstructorAccessorImpl.newInstance(NativeConstructorAccessorImpl.java:62)
	at sun.reflect.DelegatingConstructorAccessorImpl.newInstance(DelegatingConstructorAccessorImpl.java:45)
	at java.lang.reflect.Constructor.newInstance(Constructor.java:423)
	at org.openqa.selenium.remote.ErrorHandler.createThrowable(ErrorHandler.java:216)
	at org.openqa.selenium.remote.ErrorHandler.throwIfResponseFailed(ErrorHandler.java:168)
	at org.openqa.selenium.remote.RemoteWebDriver.execute(RemoteWebDriver.java:635)
	at org.openqa.selenium.remote.RemoteWebDriver.get(RemoteWebDriver.java:322)
	at com.backroads.atlas.testcases.UI.AtlasLeaderOnlyUSTest007.main(AtlasLeaderOnlyUSTest007.java:29)
	at sun.reflect.NativeMethodAccessorImpl.invoke0(Native Method)
	at sun.reflect.NativeMethodAccessorImpl.invoke(NativeMethodAccessorImpl.java:62)
	at sun.reflect.DelegatingMethodAccessorImpl.invoke(DelegatingMethodAccessorImpl.java:43)
	at java.lang.reflect.Method.invoke(Method.java:498)
	at org.testng.internal.MethodInvocationHelper.invokeMethod(MethodInvocationHelper.java:86)
	at org.testng.internal.Invoker.invokeMethod(Invoker.java:643)
	at org.testng.internal.Invoker.invokeTestMethod(Invoker.java:820)
	at org.testng.internal.Invoker.invokeTestMethods(Invoker.java:1128)
	at org.testng.internal.TestMethodWorker.invokeTestMethods(TestMethodWorker.java:129)
	at org.testng.internal.TestMethodWorker.run(TestMethodWorker.java:112)
	at org.testng.TestRunner.privateRun(TestRunner.java:782)
	at org.testng.TestRunner.run(TestRunner.java:632)
	at org.testng.SuiteRunner.runTest(SuiteRunner.java:366)
	at org.testng.SuiteRunner.access$000(SuiteRunner.java:39)
	at org.testng.SuiteRunner$SuiteWorker.run(SuiteRunner.java:400)
	at org.testng.internal.thread.ThreadUtil$2.call(ThreadUtil.java:64)
	at java.util.concurrent.FutureTask.run(FutureTask.java:266)
	at java.util.concurrent.ThreadPoolExecutor.runWorker(ThreadPoolExecutor.java:1142)
	at java.util.concurrent.ThreadPoolExecutor$Worker.run(ThreadPoolExecutor.java:617)
	at java.lang.Thread.run(Thread.java:745)
]]>
            </full-stacktrace>
          </exception> <!-- org.openqa.selenium.WebDriverException -->
          <reporter-output>
          </reporter-output>
        </test-method> <!-- main -->
        <test-method status="FAIL" signature="tearDown()[pri:0, instance:com.backroads.atlas.testcases.UI.AtlasLeaderOnlyUSTest007@2b98378d]" name="tearDown" is-config="true" duration-ms="0" started-at="2017-07-19T17:12:53Z" finished-at="2017-07-19T17:12:53Z">
          <exception class="org.openqa.selenium.WebDriverException">
            <message>
              <![CDATA[Session not started or terminated (WARNING: The server did not provide any stacktrace information)
Command duration or timeout: 23 milliseconds
Build info: version: '3.0.1', revision: '1969d75', time: '2016-10-18 09:49:13 -0700'
System info: host: 'BRPC444', ip: '10.1.10.28', os.name: 'Windows 7', os.arch: 'amd64', os.version: '6.1', java.version: '1.8.0_111'
Driver info: org.openqa.selenium.remote.RemoteWebDriver
Capabilities [{message=Could not start Browser / Emulator, platform=ANY}]
Session ID: ]]>
            </message>
            <full-stacktrace>
              <![CDATA[org.openqa.selenium.WebDriverException: Session not started or terminated (WARNING: The server did not provide any stacktrace information)
Command duration or timeout: 23 milliseconds
Build info: version: '3.0.1', revision: '1969d75', time: '2016-10-18 09:49:13 -0700'
System info: host: 'BRPC444', ip: '10.1.10.28', os.name: 'Windows 7', os.arch: 'amd64', os.version: '6.1', java.version: '1.8.0_111'
Driver info: org.openqa.selenium.remote.RemoteWebDriver
Capabilities [{message=Could not start Browser / Emulator, platform=ANY}]
Session ID: 
	at sun.reflect.NativeConstructorAccessorImpl.newInstance0(Native Method)
	at sun.reflect.NativeConstructorAccessorImpl.newInstance(NativeConstructorAccessorImpl.java:62)
	at sun.reflect.DelegatingConstructorAccessorImpl.newInstance(DelegatingConstructorAccessorImpl.java:45)
	at java.lang.reflect.Constructor.newInstance(Constructor.java:423)
	at org.openqa.selenium.remote.ErrorHandler.createThrowable(ErrorHandler.java:216)
	at org.openqa.selenium.remote.ErrorHandler.throwIfResponseFailed(ErrorHandler.java:168)
	at org.openqa.selenium.remote.RemoteWebDriver.execute(RemoteWebDriver.java:635)
	at org.openqa.selenium.remote.RemoteWebDriver.execute(RemoteWebDriver.java:658)
	at org.openqa.selenium.remote.RemoteWebDriver.quit(RemoteWebDriver.java:497)
	at com.backroads.atlas_browserstack.BrowserStackTestNGTest.tearDown(BrowserStackTestNGTest.java:85)
	at sun.reflect.GeneratedMethodAccessor7.invoke(Unknown Source)
	at sun.reflect.DelegatingMethodAccessorImpl.invoke(DelegatingMethodAccessorImpl.java:43)
	at java.lang.reflect.Method.invoke(Method.java:498)
	at org.testng.internal.MethodInvocationHelper.invokeMethod(MethodInvocationHelper.java:86)
	at org.testng.internal.Invoker.invokeConfigurationMethod(Invoker.java:514)
	at org.testng.internal.Invoker.invokeConfigurations(Invoker.java:215)
	at org.testng.internal.Invoker.invokeMethod(Invoker.java:707)
	at org.testng.internal.Invoker.invokeTestMethod(Invoker.java:820)
	at org.testng.internal.Invoker.invokeTestMethods(Invoker.java:1128)
	at org.testng.internal.TestMethodWorker.invokeTestMethods(TestMethodWorker.java:129)
	at org.testng.internal.TestMethodWorker.run(TestMethodWorker.java:112)
	at org.testng.TestRunner.privateRun(TestRunner.java:782)
	at org.testng.TestRunner.run(TestRunner.java:632)
	at org.testng.SuiteRunner.runTest(SuiteRunner.java:366)
	at org.testng.SuiteRunner.access$000(SuiteRunner.java:39)
	at org.testng.SuiteRunner$SuiteWorker.run(SuiteRunner.java:400)
	at org.testng.internal.thread.ThreadUtil$2.call(ThreadUtil.java:64)
	at java.util.concurrent.FutureTask.run(FutureTask.java:266)
	at java.util.concurrent.ThreadPoolExecutor.runWorker(ThreadPoolExecutor.java:1142)
	at java.util.concurrent.ThreadPoolExecutor$Worker.run(ThreadPoolExecutor.java:617)
	at java.lang.Thread.run(Thread.java:745)
]]>
            </full-stacktrace>
          </exception> <!-- org.openqa.selenium.WebDriverException -->
          <reporter-output>
          </reporter-output>
        </test-method> <!-- tearDown -->
      </class> <!-- com.backroads.atlas.testcases.UI.AtlasLeaderOnlyUSTest007 -->
      <class name="com.backroads.atlas.testcases.UI.AtlasLeaderOnlyUSTest017">
        <test-method status="PASS" signature="setUp(java.lang.String, java.lang.String)[pri:0, instance:com.backroads.atlas.testcases.UI.AtlasLeaderOnlyUSTest017@46d56d67]" name="setUp" is-config="true" duration-ms="31760" started-at="2017-07-19T17:45:13Z" finished-at="2017-07-19T17:45:44Z">
          <params>
            <param index="0">
              <value>
                <![CDATA[parallel.conf.json]]>
              </value>
            </param>
            <param index="1">
              <value>
                <![CDATA[gNexus7]]>
              </value>
            </param>
          </params>
          <reporter-output>
          </reporter-output>
        </test-method> <!-- setUp -->
        <test-method status="PASS" signature="tearDown()[pri:0, instance:com.backroads.atlas.testcases.UI.AtlasLeaderOnlyUSTest017@46d56d67]" name="tearDown" is-config="true" duration-ms="10158" started-at="2017-07-19T17:45:44Z" finished-at="2017-07-19T17:45:55Z">
          <reporter-output>
          </reporter-output>
        </test-method> <!-- tearDown -->
        <test-method status="SKIP" signature="main()[pri:0, instance:com.backroads.atlas.testcases.UI.AtlasLeaderOnlyUSTest017@46d56d67]" name="main" duration-ms="0" started-at="2017-07-19T17:45:44Z" finished-at="2017-07-19T17:45:44Z">
          <reporter-output>
          </reporter-output>
        </test-method> <!-- main -->
      </class> <!-- com.backroads.atlas.testcases.UI.AtlasLeaderOnlyUSTest017 -->
      <class name="com.backroads.atlas.testcases.UI.AtlasLeaderOnlyUSTest011_Dinner">
        <test-method status="PASS" signature="setUp(java.lang.String, java.lang.String)[pri:0, instance:com.backroads.atlas.testcases.UI.AtlasLeaderOnlyUSTest011_Dinner@26be92ad]" name="setUp" is-config="true" duration-ms="588429" started-at="2017-07-19T17:30:17Z" finished-at="2017-07-19T17:40:05Z">
          <params>
            <param index="0">
              <value>
                <![CDATA[parallel.conf.json]]>
              </value>
            </param>
            <param index="1">
              <value>
                <![CDATA[gNexus7]]>
              </value>
            </param>
          </params>
          <reporter-output>
          </reporter-output>
        </test-method> <!-- setUp -->
        <test-method status="SKIP" signature="main()[pri:0, instance:com.backroads.atlas.testcases.UI.AtlasLeaderOnlyUSTest011_Dinner@26be92ad]" name="main" duration-ms="1" started-at="2017-07-19T17:40:05Z" finished-at="2017-07-19T17:40:05Z">
          <reporter-output>
          </reporter-output>
        </test-method> <!-- main -->
        <test-method status="PASS" signature="tearDown()[pri:0, instance:com.backroads.atlas.testcases.UI.AtlasLeaderOnlyUSTest011_Dinner@26be92ad]" name="tearDown" is-config="true" duration-ms="14859" started-at="2017-07-19T17:40:05Z" finished-at="2017-07-19T17:40:20Z">
          <reporter-output>
          </reporter-output>
        </test-method> <!-- tearDown -->
      </class> <!-- com.backroads.atlas.testcases.UI.AtlasLeaderOnlyUSTest011_Dinner -->
      <class name="com.backroads.atlas.testcases.UI.AtlasLeaderOnlyUSTest005">
        <test-method status="PASS" signature="setUp(java.lang.String, java.lang.String)[pri:0, instance:com.backroads.atlas.testcases.UI.AtlasLeaderOnlyUSTest005@4b9e13df]" name="setUp" is-config="true" duration-ms="48079" started-at="2017-07-19T17:01:30Z" finished-at="2017-07-19T17:02:18Z">
          <params>
            <param index="0">
              <value>
                <![CDATA[parallel.conf.json]]>
              </value>
            </param>
            <param index="1">
              <value>
                <![CDATA[gNexus7]]>
              </value>
            </param>
          </params>
          <reporter-output>
          </reporter-output>
        </test-method> <!-- setUp -->
        <test-method status="FAIL" signature="main()[pri:0, instance:com.backroads.atlas.testcases.UI.AtlasLeaderOnlyUSTest005@4b9e13df]" name="main" duration-ms="31046" started-at="2017-07-19T17:02:18Z" finished-at="2017-07-19T17:02:49Z">
          <exception class="org.openqa.selenium.WebDriverException">
            <message>
              <![CDATA[Underlying driver does not implement advanced user interactions yet.
Command duration or timeout: 158 milliseconds
Build info: version: '3.0.1', revision: '1969d75', time: '2016-10-18 09:49:13 -0700'
System info: host: 'BRPC444', ip: '10.1.10.28', os.name: 'Windows 7', os.arch: 'amd64', os.version: '6.1', java.version: '1.8.0_111'
Driver info: org.openqa.selenium.remote.RemoteWebDriver
Capabilities [{browserstack.tunnelIdentifier=, loggingPrefs={browser=SEVERE}, browserstack.asyncStop=true, language=Apache-HttpClient/4.5.1 (Java/1.8.0_111), platform=ANDROID, browserstack.video.disableWaterMark=true, acceptSslCerts=true, browser=android, acceptSslCert=false, webStorageEnabled=true, browserName=android, takesScreenshot=true, javascriptEnabled=true, 64bit=false, browserstack.debug=true, applicationCacheEnabled=true, rotatable=true, os=android, browserstack.ie.noFlash=false, os_version=, mobile={browser=tablet, version=Google Nexus 7-4.1-1280x800}, handlesAlerts=true, version=16, browserConnectionEnabled=true, browserstack.video=true, webdriver.remote.sessionid=ace3663e3ab7d7aa76c5a99277b7d74108cc008f, browserstack.ci_plugin=jenkins, orig_os=macmav, locationContextEnabled=true, device=Google Nexus 7, proxy_type=node}]
Session ID: ace3663e3ab7d7aa76c5a99277b7d74108cc008f]]>
            </message>
            <full-stacktrace>
              <![CDATA[org.openqa.selenium.WebDriverException: Underlying driver does not implement advanced user interactions yet.
Command duration or timeout: 158 milliseconds
Build info: version: '3.0.1', revision: '1969d75', time: '2016-10-18 09:49:13 -0700'
System info: host: 'BRPC444', ip: '10.1.10.28', os.name: 'Windows 7', os.arch: 'amd64', os.version: '6.1', java.version: '1.8.0_111'
Driver info: org.openqa.selenium.remote.RemoteWebDriver
Capabilities [{browserstack.tunnelIdentifier=, loggingPrefs={browser=SEVERE}, browserstack.asyncStop=true, language=Apache-HttpClient/4.5.1 (Java/1.8.0_111), platform=ANDROID, browserstack.video.disableWaterMark=true, acceptSslCerts=true, browser=android, acceptSslCert=false, webStorageEnabled=true, browserName=android, takesScreenshot=true, javascriptEnabled=true, 64bit=false, browserstack.debug=true, applicationCacheEnabled=true, rotatable=true, os=android, browserstack.ie.noFlash=false, os_version=, mobile={browser=tablet, version=Google Nexus 7-4.1-1280x800}, handlesAlerts=true, version=16, browserConnectionEnabled=true, browserstack.video=true, webdriver.remote.sessionid=ace3663e3ab7d7aa76c5a99277b7d74108cc008f, browserstack.ci_plugin=jenkins, orig_os=macmav, locationContextEnabled=true, device=Google Nexus 7, proxy_type=node}]
Session ID: ace3663e3ab7d7aa76c5a99277b7d74108cc008f
	at sun.reflect.NativeConstructorAccessorImpl.newInstance0(Native Method)
	at sun.reflect.NativeConstructorAccessorImpl.newInstance(NativeConstructorAccessorImpl.java:62)
	at sun.reflect.DelegatingConstructorAccessorImpl.newInstance(DelegatingConstructorAccessorImpl.java:45)
	at java.lang.reflect.Constructor.newInstance(Constructor.java:423)
	at org.openqa.selenium.remote.ErrorHandler.createThrowable(ErrorHandler.java:216)
	at org.openqa.selenium.remote.ErrorHandler.throwIfResponseFailed(ErrorHandler.java:168)
	at org.openqa.selenium.remote.RemoteWebDriver.execute(RemoteWebDriver.java:635)
	at org.openqa.selenium.remote.RemoteExecuteMethod.execute(RemoteExecuteMethod.java:35)
	at org.openqa.selenium.remote.RemoteMouse.mouseMove(RemoteMouse.java:89)
	at org.openqa.selenium.interactions.MoveMouseAction.perform(MoveMouseAction.java:39)
	at org.openqa.selenium.interactions.CompositeAction.perform(CompositeAction.java:50)
	at com.backroads.webdriver.pageobjectsfactory.pageobject.BasePageObject.goToPayroll(BasePageObject.java:57)
	at com.backroads.atlas.testcases.UI.AtlasLeaderOnlyUSTest005.main(AtlasLeaderOnlyUSTest005.java:32)
	at sun.reflect.NativeMethodAccessorImpl.invoke0(Native Method)
	at sun.reflect.NativeMethodAccessorImpl.invoke(NativeMethodAccessorImpl.java:62)
	at sun.reflect.DelegatingMethodAccessorImpl.invoke(DelegatingMethodAccessorImpl.java:43)
	at java.lang.reflect.Method.invoke(Method.java:498)
	at org.testng.internal.MethodInvocationHelper.invokeMethod(MethodInvocationHelper.java:86)
	at org.testng.internal.Invoker.invokeMethod(Invoker.java:643)
	at org.testng.internal.Invoker.invokeTestMethod(Invoker.java:820)
	at org.testng.internal.Invoker.invokeTestMethods(Invoker.java:1128)
	at org.testng.internal.TestMethodWorker.invokeTestMethods(TestMethodWorker.java:129)
	at org.testng.internal.TestMethodWorker.run(TestMethodWorker.java:112)
	at org.testng.TestRunner.privateRun(TestRunner.java:782)
	at org.testng.TestRunner.run(TestRunner.java:632)
	at org.testng.SuiteRunner.runTest(SuiteRunner.java:366)
	at org.testng.SuiteRunner.access$000(SuiteRunner.java:39)
	at org.testng.SuiteRunner$SuiteWorker.run(SuiteRunner.java:400)
	at org.testng.internal.thread.ThreadUtil$2.call(ThreadUtil.java:64)
	at java.util.concurrent.FutureTask.run(FutureTask.java:266)
	at java.util.concurrent.ThreadPoolExecutor.runWorker(ThreadPoolExecutor.java:1142)
	at java.util.concurrent.ThreadPoolExecutor$Worker.run(ThreadPoolExecutor.java:617)
	at java.lang.Thread.run(Thread.java:745)
Caused by: java.lang.UnsupportedOperationException: Underlying driver does not implement advanced user interactions yet.
	at org.openqa.selenium.support.events.EventFiringWebDriver.getMouse(EventFiringWebDriver.java:298)
	at org.openqa.selenium.remote.server.handler.interactions.MouseMoveToLocation.call(MouseMoveToLocation.java:46)
	at org.openqa.selenium.remote.server.handler.interactions.MouseMoveToLocation.call(MouseMoveToLocation.java:1)
	at java.util.concurrent.FutureTask$Sync.innerRun(FutureTask.java:305)
	at java.util.concurrent.FutureTask.run(FutureTask.java:137)
	at org.openqa.selenium.remote.server.DefaultSession$1.run(DefaultSession.java:169)
	at java.util.concurrent.ThreadPoolExecutor.runWorker(ThreadPoolExecutor.java:1076)
	at java.util.concurrent.ThreadPoolExecutor$Worker.run(ThreadPoolExecutor.java:569)
	at java.lang.Thread.run(Thread.java:856)
]]>
            </full-stacktrace>
          </exception> <!-- org.openqa.selenium.WebDriverException -->
          <reporter-output>
          </reporter-output>
        </test-method> <!-- main -->
        <test-method status="PASS" signature="tearDown()[pri:0, instance:com.backroads.atlas.testcases.UI.AtlasLeaderOnlyUSTest005@4b9e13df]" name="tearDown" is-config="true" duration-ms="20978" started-at="2017-07-19T17:02:49Z" finished-at="2017-07-19T17:03:10Z">
          <reporter-output>
          </reporter-output>
        </test-method> <!-- tearDown -->
      </class> <!-- com.backroads.atlas.testcases.UI.AtlasLeaderOnlyUSTest005 -->
      <class name="com.backroads.atlas.testcases.UI.AtlasLeaderOnlyUSTest009">
        <test-method status="PASS" signature="setUp(java.lang.String, java.lang.String)[pri:0, instance:com.backroads.atlas.testcases.UI.AtlasLeaderOnlyUSTest009@1d057a39]" name="setUp" is-config="true" duration-ms="806654" started-at="2017-07-19T17:16:36Z" finished-at="2017-07-19T17:30:02Z">
          <params>
            <param index="0">
              <value>
                <![CDATA[parallel.conf.json]]>
              </value>
            </param>
            <param index="1">
              <value>
                <![CDATA[gNexus7]]>
              </value>
            </param>
          </params>
          <reporter-output>
          </reporter-output>
        </test-method> <!-- setUp -->
        <test-method status="PASS" signature="tearDown()[pri:0, instance:com.backroads.atlas.testcases.UI.AtlasLeaderOnlyUSTest009@1d057a39]" name="tearDown" is-config="true" duration-ms="14597" started-at="2017-07-19T17:30:02Z" finished-at="2017-07-19T17:30:17Z">
          <reporter-output>
          </reporter-output>
        </test-method> <!-- tearDown -->
        <test-method status="SKIP" signature="main()[pri:0, instance:com.backroads.atlas.testcases.UI.AtlasLeaderOnlyUSTest009@1d057a39]" name="main" duration-ms="0" started-at="2017-07-19T17:30:02Z" finished-at="2017-07-19T17:30:02Z">
          <reporter-output>
          </reporter-output>
        </test-method> <!-- main -->
      </class> <!-- com.backroads.atlas.testcases.UI.AtlasLeaderOnlyUSTest009 -->
    </test> <!-- atlas_gNexus7Test -->
  </suite> <!-- Parallel -->
</testng-results>
