<?xml version="1.0" encoding="UTF-8"?>
<testsuite name="TestSuite" time="0.414" tests="8" errors="0" skipped="0" failures="7">
  <properties>
[...]
</properties>
  <testcase name="main" classname="com.backroads.atlas.testcases.UI.AtlasLeaderOnlyUSTest005" time="0.191">
    <failure message="Session not started or terminated (WARNING: The server did not provide any stacktrace information)&#10;Command duration or timeout: 74 milliseconds&#10;Build info: version: &apos;3.0.1&apos;, revision: &apos;1969d75&apos;, time: &apos;2016-10-18 09:49:13 -0700&apos;&#10;System info: host: &apos;BRPC444&apos;, ip: &apos;10.1.10.28&apos;, os.name: &apos;Windows 7&apos;, os.arch: &apos;amd64&apos;, os.version: &apos;6.1&apos;, java.version: &apos;1.8.0_111&apos;&#10;Driver info: org.openqa.selenium.remote.RemoteWebDriver&#10;Capabilities [{message=Could not find device: Samsung Galaxy S7, platform=ANY}]&#10;Session ID: " type="org.openqa.selenium.WebDriverException">org.openqa.selenium.WebDriverException: Session not started or terminated (WARNING: The server did not provide any stacktrace information)
Command duration or timeout: 74 milliseconds
Build info: version: '3.0.1', revision: '1969d75', time: '2016-10-18 09:49:13 -0700'
System info: host: 'BRPC444', ip: '10.1.10.28', os.name: 'Windows 7', os.arch: 'amd64', os.version: '6.1', java.version: '1.8.0_111'
Driver info: org.openqa.selenium.remote.RemoteWebDriver
Capabilities [{message=Could not find device: Samsung Galaxy S7, platform=ANY}]
Session ID: 
	at sun.reflect.NativeConstructorAccessorImpl.newInstance0(Native Method)
	at sun.reflect.NativeConstructorAccessorImpl.newInstance(NativeConstructorAccessorImpl.java:62)
	at sun.reflect.DelegatingConstructorAccessorImpl.newInstance(DelegatingConstructorAccessorImpl.java:45)
	at java.lang.reflect.Constructor.newInstance(Constructor.java:423)
	at org.openqa.selenium.remote.ErrorHandler.createThrowable(ErrorHandler.java:216)
	at org.openqa.selenium.remote.ErrorHandler.throwIfResponseFailed(ErrorHandler.java:168)
	at org.openqa.selenium.remote.RemoteWebDriver.execute(RemoteWebDriver.java:635)
	at org.openqa.selenium.remote.RemoteWebDriver.get(RemoteWebDriver.java:322)
	at com.backroads.atlas.testcases.UI.AtlasLeaderOnlyUSTest005.main(AtlasLeaderOnlyUSTest005.java:29)
</failure>
    <system-out><![CDATA[browserstack:session::test:e4172de4091e77414738474a0d1d587e42fc21a7{0}
]]></system-out>
    <system-err><![CDATA[Jul 19, 2017 4:38:04 PM org.openqa.selenium.remote.ProtocolHandshake createSession
INFO: Attempting bi-dialect session, assuming Postel's Law holds true on the remote end
Jul 19, 2017 4:38:04 PM org.openqa.selenium.remote.ProtocolHandshake createSession
INFO: Attempting bi-dialect session, assuming Postel's Law holds true on the remote end
Jul 19, 2017 4:38:04 PM org.openqa.selenium.remote.ProtocolHandshake createSession
INFO: Attempting bi-dialect session, assuming Postel's Law holds true on the remote end
Jul 19, 2017 4:38:04 PM org.openqa.selenium.remote.ProtocolHandshake createSession
INFO: Attempting bi-dialect session, assuming Postel's Law holds true on the remote end
Jul 19, 2017 4:38:04 PM org.openqa.selenium.remote.ProtocolHandshake createSession
INFO: Attempting bi-dialect session, assuming Postel's Law holds true on the remote end
Jul 19, 2017 4:38:04 PM org.openqa.selenium.remote.ProtocolHandshake createSession
INFO: Attempting bi-dialect session, assuming Postel's Law holds true on the remote end
Jul 19, 2017 4:38:05 PM org.openqa.selenium.remote.ProtocolHandshake createSession
INFO: Detected dialect: OSS
]]></system-err>
  </testcase>
  <testcase name="main" classname="com.backroads.atlas.testcases.UI.AtlasLeaderOnlyUSTest005" time="9.243"/>
  <testcase name="main" classname="com.backroads.atlas.testcases.UI.AtlasLeaderOnlyUSTest005" time="2.931">
    <failure message="An element could not be located on the page using the given search parameters. (WARNING: The server did not provide any stacktrace information)&#10;Command duration or timeout: 48 milliseconds&#10;For documentation on this error, please visit: http://seleniumhq.org/exceptions/no_such_element.html&#10;Build info: version: &apos;3.0.1&apos;, revision: &apos;1969d75&apos;, time: &apos;2016-10-18 09:49:13 -0700&apos;&#10;System info: host: &apos;BRPC444&apos;, ip: &apos;10.1.10.28&apos;, os.name: &apos;Windows 7&apos;, os.arch: &apos;amd64&apos;, os.version: &apos;6.1&apos;, java.version: &apos;1.8.0_111&apos;&#10;Driver info: org.openqa.selenium.remote.RemoteWebDriver&#10;Capabilities [{noReset=true, safari=true, browserstack.tunnelIdentifier=, browserstack.asyncStop=true, language=Apache-HttpClient/4.5.1 (Java/1.8.0_111), deviceName==iPhone 6 (8.3 Simulator) [F78A3359-B10A-463B-8966-D55188D48E8F], platform=MAC, browserstack.video.disableWaterMark=true, desired={noReset=true, browserstack.tunnelIdentifier=, browserstack.asyncStop=true, language=Apache-HttpClient/4.5.1 (Java/1.8.0_111), deviceName==iPhone 6 (8.3 Simulator) [F78A3359-B10A-463B-8966-D55188D48E8F], platform=MAC, browserstack.video.disableWaterMark=true, acceptSslCerts=false, newCommandTimeout=300, browser=iphone, platformVersion=8.3, acceptSslCert=false, browserName=safari, platformName=iOS, 64bit=false, browserstack.debug=true, orientation=portrait, browserstack.ie.noFlash=false, os_version=, mobile={&quot;browser&quot;:&quot;mobile&quot;,&quot;version&quot;:&quot;iPhone 6-8.3&quot;}, version=, browserstack.video=true, browserstack.ci_plugin=jenkins, safariIgnoreFraudWarning=true, orig_os=macyos, realMobile=false, deviceOrientation=PORTRAIT, device=iPhone 6, proxy_type=node}, acceptSslCerts=false, newCommandTimeout=300, browser=iphone, platformVersion=8.3, webStorageEnabled=false, acceptSslCert=false, browserName=safari, takesScreenshot=true, javascriptEnabled=true, platformName=iOS, 64bit=false, browserstack.debug=true, networkConnectionEnabled=false, orientation=portrait, browserstack.ie.noFlash=false, warnings={}, os_version=, mobile={&quot;browser&quot;:&quot;mobile&quot;,&quot;version&quot;:&quot;iPhone 6-8.3&quot;}, databaseEnabled=false, version=, browserstack.video=true, browserstack.ci_plugin=jenkins, safariIgnoreFraudWarning=true, orig_os=macyos, realMobile=false, locationContextEnabled=false, deviceOrientation=PORTRAIT, device=iPhone 6, proxy_type=node}]&#10;Session ID: e55c09bf8842ca709775fb28390338abd21a7943&#10;*** Element info: {Using=css selector, value=#grdPayroll &gt; tbody &gt; tr:nth-child(1)}" type="org.openqa.selenium.NoSuchElementException">org.openqa.selenium.NoSuchElementException: An element could not be located on the page using the given search parameters. (WARNING: The server did not provide any stacktrace information)
Command duration or timeout: 48 milliseconds
For documentation on this error, please visit: http://seleniumhq.org/exceptions/no_such_element.html
Build info: version: '3.0.1', revision: '1969d75', time: '2016-10-18 09:49:13 -0700'
System info: host: 'BRPC444', ip: '10.1.10.28', os.name: 'Windows 7', os.arch: 'amd64', os.version: '6.1', java.version: '1.8.0_111'
Driver info: org.openqa.selenium.remote.RemoteWebDriver
Capabilities [{noReset=true, safari=true, browserstack.tunnelIdentifier=, browserstack.asyncStop=true, language=Apache-HttpClient/4.5.1 (Java/1.8.0_111), deviceName==iPhone 6 (8.3 Simulator) [F78A3359-B10A-463B-8966-D55188D48E8F], platform=MAC, browserstack.video.disableWaterMark=true, desired={noReset=true, browserstack.tunnelIdentifier=, browserstack.asyncStop=true, language=Apache-HttpClient/4.5.1 (Java/1.8.0_111), deviceName==iPhone 6 (8.3 Simulator) [F78A3359-B10A-463B-8966-D55188D48E8F], platform=MAC, browserstack.video.disableWaterMark=true, acceptSslCerts=false, newCommandTimeout=300, browser=iphone, platformVersion=8.3, acceptSslCert=false, browserName=safari, platformName=iOS, 64bit=false, browserstack.debug=true, orientation=portrait, browserstack.ie.noFlash=false, os_version=, mobile={"browser":"mobile","version":"iPhone 6-8.3"}, version=, browserstack.video=true, browserstack.ci_plugin=jenkins, safariIgnoreFraudWarning=true, orig_os=macyos, realMobile=false, deviceOrientation=PORTRAIT, device=iPhone 6, proxy_type=node}, acceptSslCerts=false, newCommandTimeout=300, browser=iphone, platformVersion=8.3, webStorageEnabled=false, acceptSslCert=false, browserName=safari, takesScreenshot=true, javascriptEnabled=true, platformName=iOS, 64bit=false, browserstack.debug=true, networkConnectionEnabled=false, orientation=portrait, browserstack.ie.noFlash=false, warnings={}, os_version=, mobile={"browser":"mobile","version":"iPhone 6-8.3"}, databaseEnabled=false, version=, browserstack.video=true, browserstack.ci_plugin=jenkins, safariIgnoreFraudWarning=true, orig_os=macyos, realMobile=false, locationContextEnabled=false, deviceOrientation=PORTRAIT, device=iPhone 6, proxy_type=node}]
Session ID: e55c09bf8842ca709775fb28390338abd21a7943
*** Element info: {Using=css selector, value=#grdPayroll > tbody > tr:nth-child(1)}
	at sun.reflect.NativeConstructorAccessorImpl.newInstance0(Native Method)
	at sun.reflect.NativeConstructorAccessorImpl.newInstance(NativeConstructorAccessorImpl.java:62)
	at sun.reflect.DelegatingConstructorAccessorImpl.newInstance(DelegatingConstructorAccessorImpl.java:45)
	at java.lang.reflect.Constructor.newInstance(Constructor.java:423)
	at org.openqa.selenium.remote.ErrorHandler.createThrowable(ErrorHandler.java:216)
	at org.openqa.selenium.remote.ErrorHandler.throwIfResponseFailed(ErrorHandler.java:168)
	at org.openqa.selenium.remote.RemoteWebDriver.execute(RemoteWebDriver.java:635)
	at org.openqa.selenium.remote.RemoteWebDriver.findElement(RemoteWebDriver.java:368)
	at org.openqa.selenium.remote.RemoteWebDriver.findElementByCssSelector(RemoteWebDriver.java:465)
	at org.openqa.selenium.By$ByCssSelector.findElement(By.java:430)
	at org.openqa.selenium.remote.RemoteWebDriver.findElement(RemoteWebDriver.java:360)
	at org.openqa.selenium.support.pagefactory.DefaultElementLocator.findElement(DefaultElementLocator.java:69)
	at org.openqa.selenium.support.pagefactory.internal.LocatingElementHandler.invoke(LocatingElementHandler.java:38)
	at com.sun.proxy.$Proxy6.findElements(Unknown Source)
	at com.backroads.webdriver.pageobjectsfactory.pageobject.TimesheetPage.getLeaderTableHeaderTexts(TimesheetPage.java:126)
	at com.backroads.atlas.testcases.UI.AtlasLeaderOnlyUSTest005.main(AtlasLeaderOnlyUSTest005.java:35)
</failure>
    <system-out><![CDATA[browserstack:session:e55c09bf8842ca709775fb28390338abd21a7943:test:e4172de4091e77414738474a0d1d587e42fc21a7{2}
]]></system-out>
    <system-err><![CDATA[Jul 19, 2017 4:38:44 PM org.openqa.selenium.remote.ProtocolHandshake createSession
INFO: Detected dialect: OSS
Jul 19, 2017 4:38:45 PM org.openqa.selenium.remote.ProtocolHandshake createSession
INFO: Detected dialect: OSS
]]></system-err>
  </testcase>
  <testcase name="main" classname="com.backroads.atlas.testcases.UI.AtlasLeaderOnlyUSTest005" time="6.645">
    <failure message="An element could not be located on the page using the given search parameters. (WARNING: The server did not provide any stacktrace information)&#10;Command duration or timeout: 53 milliseconds&#10;For documentation on this error, please visit: http://seleniumhq.org/exceptions/no_such_element.html&#10;Build info: version: &apos;3.0.1&apos;, revision: &apos;1969d75&apos;, time: &apos;2016-10-18 09:49:13 -0700&apos;&#10;System info: host: &apos;BRPC444&apos;, ip: &apos;10.1.10.28&apos;, os.name: &apos;Windows 7&apos;, os.arch: &apos;amd64&apos;, os.version: &apos;6.1&apos;, java.version: &apos;1.8.0_111&apos;&#10;Driver info: org.openqa.selenium.remote.RemoteWebDriver&#10;Capabilities [{noReset=true, safari=true, browserstack.tunnelIdentifier=, browserstack.asyncStop=true, language=Apache-HttpClient/4.5.1 (Java/1.8.0_111), deviceName==iPhone 6s (9.1) [FE80112E-84BD-46D9-BF6C-F28673804EAA], platform=MAC, browserstack.video.disableWaterMark=true, desired={noReset=true, browserstack.tunnelIdentifier=, browserstack.asyncStop=true, language=Apache-HttpClient/4.5.1 (Java/1.8.0_111), deviceName==iPhone 6s (9.1) [FE80112E-84BD-46D9-BF6C-F28673804EAA], platform=MAC, browserstack.video.disableWaterMark=true, acceptSslCerts=false, newCommandTimeout=300, browser=iphone, platformVersion=9.1, acceptSslCert=false, browserName=safari, platformName=iOS, 64bit=false, browserstack.debug=true, orientation=portrait, browserstack.ie.noFlash=false, os_version=, mobile={&quot;browser&quot;:&quot;mobile&quot;,&quot;version&quot;:&quot;iPhone 6S-9.1&quot;}, version=, browserstack.video=true, browserstack.ci_plugin=jenkins, safariIgnoreFraudWarning=true, orig_os=macelc, realMobile=false, deviceOrientation=PORTRAIT, device=iPhone 6S, proxy_type=node}, acceptSslCerts=false, newCommandTimeout=300, browser=iphone, platformVersion=9.1, webStorageEnabled=false, acceptSslCert=false, browserName=safari, takesScreenshot=true, javascriptEnabled=true, platformName=iOS, 64bit=false, browserstack.debug=true, networkConnectionEnabled=false, orientation=portrait, browserstack.ie.noFlash=false, warnings={}, os_version=, mobile={&quot;browser&quot;:&quot;mobile&quot;,&quot;version&quot;:&quot;iPhone 6S-9.1&quot;}, databaseEnabled=false, version=, browserstack.video=true, browserstack.ci_plugin=jenkins, safariIgnoreFraudWarning=true, orig_os=macelc, realMobile=false, locationContextEnabled=false, deviceOrientation=PORTRAIT, device=iPhone 6S, proxy_type=node}]&#10;Session ID: ee9d3a8069a4bb5d9e225d9bb3abed08cb1a5484&#10;*** Element info: {Using=css selector, value=#grdPayroll &gt; tbody &gt; tr:nth-child(1)}" type="org.openqa.selenium.NoSuchElementException">org.openqa.selenium.NoSuchElementException: An element could not be located on the page using the given search parameters. (WARNING: The server did not provide any stacktrace information)
Command duration or timeout: 53 milliseconds
For documentation on this error, please visit: http://seleniumhq.org/exceptions/no_such_element.html
Build info: version: '3.0.1', revision: '1969d75', time: '2016-10-18 09:49:13 -0700'
System info: host: 'BRPC444', ip: '10.1.10.28', os.name: 'Windows 7', os.arch: 'amd64', os.version: '6.1', java.version: '1.8.0_111'
Driver info: org.openqa.selenium.remote.RemoteWebDriver
Capabilities [{noReset=true, safari=true, browserstack.tunnelIdentifier=, browserstack.asyncStop=true, language=Apache-HttpClient/4.5.1 (Java/1.8.0_111), deviceName==iPhone 6s (9.1) [FE80112E-84BD-46D9-BF6C-F28673804EAA], platform=MAC, browserstack.video.disableWaterMark=true, desired={noReset=true, browserstack.tunnelIdentifier=, browserstack.asyncStop=true, language=Apache-HttpClient/4.5.1 (Java/1.8.0_111), deviceName==iPhone 6s (9.1) [FE80112E-84BD-46D9-BF6C-F28673804EAA], platform=MAC, browserstack.video.disableWaterMark=true, acceptSslCerts=false, newCommandTimeout=300, browser=iphone, platformVersion=9.1, acceptSslCert=false, browserName=safari, platformName=iOS, 64bit=false, browserstack.debug=true, orientation=portrait, browserstack.ie.noFlash=false, os_version=, mobile={"browser":"mobile","version":"iPhone 6S-9.1"}, version=, browserstack.video=true, browserstack.ci_plugin=jenkins, safariIgnoreFraudWarning=true, orig_os=macelc, realMobile=false, deviceOrientation=PORTRAIT, device=iPhone 6S, proxy_type=node}, acceptSslCerts=false, newCommandTimeout=300, browser=iphone, platformVersion=9.1, webStorageEnabled=false, acceptSslCert=false, browserName=safari, takesScreenshot=true, javascriptEnabled=true, platformName=iOS, 64bit=false, browserstack.debug=true, networkConnectionEnabled=false, orientation=portrait, browserstack.ie.noFlash=false, warnings={}, os_version=, mobile={"browser":"mobile","version":"iPhone 6S-9.1"}, databaseEnabled=false, version=, browserstack.video=true, browserstack.ci_plugin=jenkins, safariIgnoreFraudWarning=true, orig_os=macelc, realMobile=false, locationContextEnabled=false, deviceOrientation=PORTRAIT, device=iPhone 6S, proxy_type=node}]
Session ID: ee9d3a8069a4bb5d9e225d9bb3abed08cb1a5484
*** Element info: {Using=css selector, value=#grdPayroll > tbody > tr:nth-child(1)}
	at sun.reflect.NativeConstructorAccessorImpl.newInstance0(Native Method)
	at sun.reflect.NativeConstructorAccessorImpl.newInstance(NativeConstructorAccessorImpl.java:62)
	at sun.reflect.DelegatingConstructorAccessorImpl.newInstance(DelegatingConstructorAccessorImpl.java:45)
	at java.lang.reflect.Constructor.newInstance(Constructor.java:423)
	at org.openqa.selenium.remote.ErrorHandler.createThrowable(ErrorHandler.java:216)
	at org.openqa.selenium.remote.ErrorHandler.throwIfResponseFailed(ErrorHandler.java:168)
	at org.openqa.selenium.remote.RemoteWebDriver.execute(RemoteWebDriver.java:635)
	at org.openqa.selenium.remote.RemoteWebDriver.findElement(RemoteWebDriver.java:368)
	at org.openqa.selenium.remote.RemoteWebDriver.findElementByCssSelector(RemoteWebDriver.java:465)
	at org.openqa.selenium.By$ByCssSelector.findElement(By.java:430)
	at org.openqa.selenium.remote.RemoteWebDriver.findElement(RemoteWebDriver.java:360)
	at org.openqa.selenium.support.pagefactory.DefaultElementLocator.findElement(DefaultElementLocator.java:69)
	at org.openqa.selenium.support.pagefactory.internal.LocatingElementHandler.invoke(LocatingElementHandler.java:38)
	at com.sun.proxy.$Proxy6.findElements(Unknown Source)
	at com.backroads.webdriver.pageobjectsfactory.pageobject.TimesheetPage.getLeaderTableHeaderTexts(TimesheetPage.java:126)
	at com.backroads.atlas.testcases.UI.AtlasLeaderOnlyUSTest005.main(AtlasLeaderOnlyUSTest005.java:35)
</failure>
    <system-out><![CDATA[browserstack:session:ee9d3a8069a4bb5d9e225d9bb3abed08cb1a5484:test:e4172de4091e77414738474a0d1d587e42fc21a7{4}
]]></system-out>
    <system-err><![CDATA[Jul 19, 2017 4:39:05 PM org.openqa.selenium.remote.ProtocolHandshake createSession
INFO: Detected dialect: OSS
]]></system-err>
  </testcase>
  <testcase name="main" classname="com.backroads.atlas.testcases.UI.AtlasLeaderOnlyUSTest005" time="6.826">
    <failure message="Underlying driver does not implement advanced user interactions yet.&#10;Command duration or timeout: 253 milliseconds&#10;Build info: version: &apos;3.0.1&apos;, revision: &apos;1969d75&apos;, time: &apos;2016-10-18 09:49:13 -0700&apos;&#10;System info: host: &apos;BRPC444&apos;, ip: &apos;10.1.10.28&apos;, os.name: &apos;Windows 7&apos;, os.arch: &apos;amd64&apos;, os.version: &apos;6.1&apos;, java.version: &apos;1.8.0_111&apos;&#10;Driver info: org.openqa.selenium.remote.RemoteWebDriver&#10;Capabilities [{browserstack.tunnelIdentifier=, loggingPrefs={browser=SEVERE}, browserstack.asyncStop=true, language=Apache-HttpClient/4.5.1 (Java/1.8.0_111), platform=ANDROID, browserstack.video.disableWaterMark=true, acceptSslCerts=true, browser=android, acceptSslCert=false, webStorageEnabled=true, browserName=android, takesScreenshot=true, javascriptEnabled=true, 64bit=false, browserstack.debug=true, applicationCacheEnabled=true, rotatable=true, os=android, browserstack.ie.noFlash=false, os_version=, mobile={browser=tablet, version=Google Nexus 7-4.1-1280x800}, handlesAlerts=true, version=16, browserConnectionEnabled=true, browserstack.video=true, webdriver.remote.sessionid=bfedc0110dc7b486f9559e2d10c49ae9dbad5902, browserstack.ci_plugin=jenkins, orig_os=macmav, locationContextEnabled=true, device=Google Nexus 7, proxy_type=node}]&#10;Session ID: bfedc0110dc7b486f9559e2d10c49ae9dbad5902" type="org.openqa.selenium.WebDriverException">org.openqa.selenium.WebDriverException: Underlying driver does not implement advanced user interactions yet.
Command duration or timeout: 253 milliseconds
Build info: version: '3.0.1', revision: '1969d75', time: '2016-10-18 09:49:13 -0700'
System info: host: 'BRPC444', ip: '10.1.10.28', os.name: 'Windows 7', os.arch: 'amd64', os.version: '6.1', java.version: '1.8.0_111'
Driver info: org.openqa.selenium.remote.RemoteWebDriver
Capabilities [{browserstack.tunnelIdentifier=, loggingPrefs={browser=SEVERE}, browserstack.asyncStop=true, language=Apache-HttpClient/4.5.1 (Java/1.8.0_111), platform=ANDROID, browserstack.video.disableWaterMark=true, acceptSslCerts=true, browser=android, acceptSslCert=false, webStorageEnabled=true, browserName=android, takesScreenshot=true, javascriptEnabled=true, 64bit=false, browserstack.debug=true, applicationCacheEnabled=true, rotatable=true, os=android, browserstack.ie.noFlash=false, os_version=, mobile={browser=tablet, version=Google Nexus 7-4.1-1280x800}, handlesAlerts=true, version=16, browserConnectionEnabled=true, browserstack.video=true, webdriver.remote.sessionid=bfedc0110dc7b486f9559e2d10c49ae9dbad5902, browserstack.ci_plugin=jenkins, orig_os=macmav, locationContextEnabled=true, device=Google Nexus 7, proxy_type=node}]
Session ID: bfedc0110dc7b486f9559e2d10c49ae9dbad5902
	at sun.reflect.NativeConstructorAccessorImpl.newInstance0(Native Method)
	at sun.reflect.NativeConstructorAccessorImpl.newInstance(NativeConstructorAccessorImpl.java:62)
	at sun.reflect.DelegatingConstructorAccessorImpl.newInstance(DelegatingConstructorAccessorImpl.java:45)
	at java.lang.reflect.Constructor.newInstance(Constructor.java:423)
	at org.openqa.selenium.remote.ErrorHandler.createThrowable(ErrorHandler.java:216)
	at org.openqa.selenium.remote.ErrorHandler.throwIfResponseFailed(ErrorHandler.java:168)
	at org.openqa.selenium.remote.RemoteWebDriver.execute(RemoteWebDriver.java:635)
	at org.openqa.selenium.remote.RemoteExecuteMethod.execute(RemoteExecuteMethod.java:35)
	at org.openqa.selenium.remote.RemoteMouse.mouseMove(RemoteMouse.java:89)
	at org.openqa.selenium.interactions.MoveMouseAction.perform(MoveMouseAction.java:39)
	at org.openqa.selenium.interactions.CompositeAction.perform(CompositeAction.java:50)
	at com.backroads.webdriver.pageobjectsfactory.pageobject.BasePageObject.goToPayroll(BasePageObject.java:57)
	at com.backroads.atlas.testcases.UI.AtlasLeaderOnlyUSTest005.main(AtlasLeaderOnlyUSTest005.java:32)
Caused by: java.lang.UnsupportedOperationException: Underlying driver does not implement advanced user interactions yet.
	at org.openqa.selenium.support.events.EventFiringWebDriver.getMouse(EventFiringWebDriver.java:298)
	at org.openqa.selenium.remote.server.handler.interactions.MouseMoveToLocation.call(MouseMoveToLocation.java:46)
	at org.openqa.selenium.remote.server.handler.interactions.MouseMoveToLocation.call(MouseMoveToLocation.java:1)
	at java.util.concurrent.FutureTask$Sync.innerRun(FutureTask.java:305)
	at java.util.concurrent.FutureTask.run(FutureTask.java:137)
	at org.openqa.selenium.remote.server.DefaultSession$1.run(DefaultSession.java:169)
	at java.util.concurrent.ThreadPoolExecutor.runWorker(ThreadPoolExecutor.java:1076)
	at java.util.concurrent.ThreadPoolExecutor$Worker.run(ThreadPoolExecutor.java:569)
	at java.lang.Thread.run(Thread.java:856)
</failure>
    <system-out><![CDATA[browserstack:session:bfedc0110dc7b486f9559e2d10c49ae9dbad5902:test:e4172de4091e77414738474a0d1d587e42fc21a7{3}
]]></system-out>
  </testcase>
  <testcase name="main" classname="com.backroads.atlas.testcases.UI.AtlasLeaderOnlyUSTest005" time="6.46">
    <failure message="An element could not be located on the page using the given search parameters. (WARNING: The server did not provide any stacktrace information)&#10;Command duration or timeout: 51 milliseconds&#10;For documentation on this error, please visit: http://seleniumhq.org/exceptions/no_such_element.html&#10;Build info: version: &apos;3.0.1&apos;, revision: &apos;1969d75&apos;, time: &apos;2016-10-18 09:49:13 -0700&apos;&#10;System info: host: &apos;BRPC444&apos;, ip: &apos;10.1.10.28&apos;, os.name: &apos;Windows 7&apos;, os.arch: &apos;amd64&apos;, os.version: &apos;6.1&apos;, java.version: &apos;1.8.0_111&apos;&#10;Driver info: org.openqa.selenium.remote.RemoteWebDriver&#10;Capabilities [{noReset=true, safari=true, browserstack.tunnelIdentifier=, browserstack.asyncStop=true, language=Apache-HttpClient/4.5.1 (Java/1.8.0_111), deviceName==iPad Air 2 (9.1) [2DA85925-B477-4E29-9242-D92ED5AB62C7], platform=MAC, browserstack.video.disableWaterMark=true, desired={noReset=true, browserstack.tunnelIdentifier=, browserstack.asyncStop=true, language=Apache-HttpClient/4.5.1 (Java/1.8.0_111), deviceName==iPad Air 2 (9.1) [2DA85925-B477-4E29-9242-D92ED5AB62C7], platform=MAC, browserstack.video.disableWaterMark=true, acceptSslCerts=false, newCommandTimeout=300, browser=ipad, platformVersion=9.1, acceptSslCert=false, browserName=safari, platformName=iOS, 64bit=false, browserstack.debug=true, orientation=portrait, browserstack.ie.noFlash=false, os_version=, mobile={&quot;browser&quot;:&quot;tablet&quot;,&quot;version&quot;:&quot;iPad Air 2-9.1&quot;}, version=, browserstack.video=true, browserstack.ci_plugin=jenkins, safariIgnoreFraudWarning=true, orig_os=macelc, realMobile=false, deviceOrientation=PORTRAIT, device=iPad Air 2, proxy_type=node}, acceptSslCerts=false, newCommandTimeout=300, browser=ipad, platformVersion=9.1, webStorageEnabled=false, acceptSslCert=false, browserName=safari, takesScreenshot=true, javascriptEnabled=true, platformName=iOS, 64bit=false, browserstack.debug=true, networkConnectionEnabled=false, orientation=portrait, browserstack.ie.noFlash=false, warnings={}, os_version=, mobile={&quot;browser&quot;:&quot;tablet&quot;,&quot;version&quot;:&quot;iPad Air 2-9.1&quot;}, databaseEnabled=false, version=, browserstack.video=true, browserstack.ci_plugin=jenkins, safariIgnoreFraudWarning=true, orig_os=macelc, realMobile=false, locationContextEnabled=false, deviceOrientation=PORTRAIT, device=iPad Air 2, proxy_type=node}]&#10;Session ID: 17c2e9971eef35537dfab5910ccef4cc688b0fe2&#10;*** Element info: {Using=css selector, value=#grdPayroll &gt; tbody &gt; tr:nth-child(1)}" type="org.openqa.selenium.NoSuchElementException">org.openqa.selenium.NoSuchElementException: An element could not be located on the page using the given search parameters. (WARNING: The server did not provide any stacktrace information)
Command duration or timeout: 51 milliseconds
For documentation on this error, please visit: http://seleniumhq.org/exceptions/no_such_element.html
Build info: version: '3.0.1', revision: '1969d75', time: '2016-10-18 09:49:13 -0700'
System info: host: 'BRPC444', ip: '10.1.10.28', os.name: 'Windows 7', os.arch: 'amd64', os.version: '6.1', java.version: '1.8.0_111'
Driver info: org.openqa.selenium.remote.RemoteWebDriver
Capabilities [{noReset=true, safari=true, browserstack.tunnelIdentifier=, browserstack.asyncStop=true, language=Apache-HttpClient/4.5.1 (Java/1.8.0_111), deviceName==iPad Air 2 (9.1) [2DA85925-B477-4E29-9242-D92ED5AB62C7], platform=MAC, browserstack.video.disableWaterMark=true, desired={noReset=true, browserstack.tunnelIdentifier=, browserstack.asyncStop=true, language=Apache-HttpClient/4.5.1 (Java/1.8.0_111), deviceName==iPad Air 2 (9.1) [2DA85925-B477-4E29-9242-D92ED5AB62C7], platform=MAC, browserstack.video.disableWaterMark=true, acceptSslCerts=false, newCommandTimeout=300, browser=ipad, platformVersion=9.1, acceptSslCert=false, browserName=safari, platformName=iOS, 64bit=false, browserstack.debug=true, orientation=portrait, browserstack.ie.noFlash=false, os_version=, mobile={"browser":"tablet","version":"iPad Air 2-9.1"}, version=, browserstack.video=true, browserstack.ci_plugin=jenkins, safariIgnoreFraudWarning=true, orig_os=macelc, realMobile=false, deviceOrientation=PORTRAIT, device=iPad Air 2, proxy_type=node}, acceptSslCerts=false, newCommandTimeout=300, browser=ipad, platformVersion=9.1, webStorageEnabled=false, acceptSslCert=false, browserName=safari, takesScreenshot=true, javascriptEnabled=true, platformName=iOS, 64bit=false, browserstack.debug=true, networkConnectionEnabled=false, orientation=portrait, browserstack.ie.noFlash=false, warnings={}, os_version=, mobile={"browser":"tablet","version":"iPad Air 2-9.1"}, databaseEnabled=false, version=, browserstack.video=true, browserstack.ci_plugin=jenkins, safariIgnoreFraudWarning=true, orig_os=macelc, realMobile=false, locationContextEnabled=false, deviceOrientation=PORTRAIT, device=iPad Air 2, proxy_type=node}]
Session ID: 17c2e9971eef35537dfab5910ccef4cc688b0fe2
*** Element info: {Using=css selector, value=#grdPayroll > tbody > tr:nth-child(1)}
	at sun.reflect.NativeConstructorAccessorImpl.newInstance0(Native Method)
	at sun.reflect.NativeConstructorAccessorImpl.newInstance(NativeConstructorAccessorImpl.java:62)
	at sun.reflect.DelegatingConstructorAccessorImpl.newInstance(DelegatingConstructorAccessorImpl.java:45)
	at java.lang.reflect.Constructor.newInstance(Constructor.java:423)
	at org.openqa.selenium.remote.ErrorHandler.createThrowable(ErrorHandler.java:216)
	at org.openqa.selenium.remote.ErrorHandler.throwIfResponseFailed(ErrorHandler.java:168)
	at org.openqa.selenium.remote.RemoteWebDriver.execute(RemoteWebDriver.java:635)
	at org.openqa.selenium.remote.RemoteWebDriver.findElement(RemoteWebDriver.java:368)
	at org.openqa.selenium.remote.RemoteWebDriver.findElementByCssSelector(RemoteWebDriver.java:465)
	at org.openqa.selenium.By$ByCssSelector.findElement(By.java:430)
	at org.openqa.selenium.remote.RemoteWebDriver.findElement(RemoteWebDriver.java:360)
	at org.openqa.selenium.support.pagefactory.DefaultElementLocator.findElement(DefaultElementLocator.java:69)
	at org.openqa.selenium.support.pagefactory.internal.LocatingElementHandler.invoke(LocatingElementHandler.java:38)
	at com.sun.proxy.$Proxy6.findElements(Unknown Source)
	at com.backroads.webdriver.pageobjectsfactory.pageobject.TimesheetPage.getLeaderTableHeaderTexts(TimesheetPage.java:126)
	at com.backroads.atlas.testcases.UI.AtlasLeaderOnlyUSTest005.main(AtlasLeaderOnlyUSTest005.java:35)
</failure>
    <system-out><![CDATA[browserstack:session:17c2e9971eef35537dfab5910ccef4cc688b0fe2:test:e4172de4091e77414738474a0d1d587e42fc21a7{5}
]]></system-out>
    <system-err><![CDATA[Jul 19, 2017 4:39:13 PM org.openqa.selenium.remote.ProtocolHandshake createSession
INFO: Detected dialect: OSS
]]></system-err>
  </testcase>
  <testcase name="main" classname="com.backroads.atlas.testcases.UI.AtlasLeaderOnlyUSTest005" time="26.311">
    <failure message="Underlying driver does not implement advanced user interactions yet.&#10;Command duration or timeout: 40 milliseconds&#10;Build info: version: &apos;3.0.1&apos;, revision: &apos;1969d75&apos;, time: &apos;2016-10-18 09:49:13 -0700&apos;&#10;System info: host: &apos;BRPC444&apos;, ip: &apos;10.1.10.28&apos;, os.name: &apos;Windows 7&apos;, os.arch: &apos;amd64&apos;, os.version: &apos;6.1&apos;, java.version: &apos;1.8.0_111&apos;&#10;Driver info: org.openqa.selenium.remote.RemoteWebDriver&#10;Capabilities [{browserstack.tunnelIdentifier=, loggingPrefs={browser=SEVERE}, browserstack.asyncStop=true, language=Apache-HttpClient/4.5.1 (Java/1.8.0_111), platform=ANDROID, browserstack.video.disableWaterMark=true, acceptSslCerts=true, browser=android, acceptSslCert=false, webStorageEnabled=true, browserName=android, takesScreenshot=true, javascriptEnabled=true, 64bit=false, browserstack.debug=true, applicationCacheEnabled=true, rotatable=true, os=android, browserstack.ie.noFlash=false, os_version=, mobile={browser=mobile, version=Samsung Galaxy Note 3-4.3-1080x1920}, handlesAlerts=true, version=18, browserConnectionEnabled=true, browserstack.video=true, webdriver.remote.sessionid=477a5255608e219765c6543b27fbd958274dbdfb, browserstack.ci_plugin=jenkins, orig_os=macyos, locationContextEnabled=true, device=Samsung Galaxy Note 3, proxy_type=node}]&#10;Session ID: 477a5255608e219765c6543b27fbd958274dbdfb" type="org.openqa.selenium.WebDriverException">org.openqa.selenium.WebDriverException: Underlying driver does not implement advanced user interactions yet.
Command duration or timeout: 40 milliseconds
Build info: version: '3.0.1', revision: '1969d75', time: '2016-10-18 09:49:13 -0700'
System info: host: 'BRPC444', ip: '10.1.10.28', os.name: 'Windows 7', os.arch: 'amd64', os.version: '6.1', java.version: '1.8.0_111'
Driver info: org.openqa.selenium.remote.RemoteWebDriver
Capabilities [{browserstack.tunnelIdentifier=, loggingPrefs={browser=SEVERE}, browserstack.asyncStop=true, language=Apache-HttpClient/4.5.1 (Java/1.8.0_111), platform=ANDROID, browserstack.video.disableWaterMark=true, acceptSslCerts=true, browser=android, acceptSslCert=false, webStorageEnabled=true, browserName=android, takesScreenshot=true, javascriptEnabled=true, 64bit=false, browserstack.debug=true, applicationCacheEnabled=true, rotatable=true, os=android, browserstack.ie.noFlash=false, os_version=, mobile={browser=mobile, version=Samsung Galaxy Note 3-4.3-1080x1920}, handlesAlerts=true, version=18, browserConnectionEnabled=true, browserstack.video=true, webdriver.remote.sessionid=477a5255608e219765c6543b27fbd958274dbdfb, browserstack.ci_plugin=jenkins, orig_os=macyos, locationContextEnabled=true, device=Samsung Galaxy Note 3, proxy_type=node}]
Session ID: 477a5255608e219765c6543b27fbd958274dbdfb
	at sun.reflect.NativeConstructorAccessorImpl.newInstance0(Native Method)
	at sun.reflect.NativeConstructorAccessorImpl.newInstance(NativeConstructorAccessorImpl.java:62)
	at sun.reflect.DelegatingConstructorAccessorImpl.newInstance(DelegatingConstructorAccessorImpl.java:45)
	at java.lang.reflect.Constructor.newInstance(Constructor.java:423)
	at org.openqa.selenium.remote.ErrorHandler.createThrowable(ErrorHandler.java:216)
	at org.openqa.selenium.remote.ErrorHandler.throwIfResponseFailed(ErrorHandler.java:168)
	at org.openqa.selenium.remote.RemoteWebDriver.execute(RemoteWebDriver.java:635)
	at org.openqa.selenium.remote.RemoteExecuteMethod.execute(RemoteExecuteMethod.java:35)
	at org.openqa.selenium.remote.RemoteMouse.mouseMove(RemoteMouse.java:89)
	at org.openqa.selenium.interactions.MoveMouseAction.perform(MoveMouseAction.java:39)
	at org.openqa.selenium.interactions.CompositeAction.perform(CompositeAction.java:50)
	at com.backroads.webdriver.pageobjectsfactory.pageobject.BasePageObject.goToPayroll(BasePageObject.java:57)
	at com.backroads.atlas.testcases.UI.AtlasLeaderOnlyUSTest005.main(AtlasLeaderOnlyUSTest005.java:32)
Caused by: java.lang.UnsupportedOperationException: Underlying driver does not implement advanced user interactions yet.
	at org.openqa.selenium.support.events.EventFiringWebDriver.getMouse(EventFiringWebDriver.java:298)
	at org.openqa.selenium.remote.server.handler.interactions.MouseMoveToLocation.call(MouseMoveToLocation.java:46)
	at org.openqa.selenium.remote.server.handler.interactions.MouseMoveToLocation.call(MouseMoveToLocation.java:1)
	at java.util.concurrent.FutureTask.run(FutureTask.java:234)
	at org.openqa.selenium.remote.server.DefaultSession$1.run(DefaultSession.java:169)
	at java.util.concurrent.ThreadPoolExecutor.runWorker(ThreadPoolExecutor.java:1080)
	at java.util.concurrent.ThreadPoolExecutor$Worker.run(ThreadPoolExecutor.java:573)
	at java.lang.Thread.run(Thread.java:841)
</failure>
    <system-out><![CDATA[browserstack:session:477a5255608e219765c6543b27fbd958274dbdfb:test:e4172de4091e77414738474a0d1d587e42fc21a7{6}
]]></system-out>
    <system-err><![CDATA[Jul 19, 2017 4:40:32 PM org.openqa.selenium.remote.ProtocolHandshake createSession
INFO: Detected dialect: OSS
]]></system-err>
  </testcase>
  <testcase name="tearDown" classname="com.backroads.atlas.testcases.UI.AtlasLeaderOnlyUSTest005" time="0.223">
    <failure message="Session not started or terminated (WARNING: The server did not provide any stacktrace information)&#10;Command duration or timeout: 31 milliseconds&#10;Build info: version: &apos;3.0.1&apos;, revision: &apos;1969d75&apos;, time: &apos;2016-10-18 09:49:13 -0700&apos;&#10;System info: host: &apos;BRPC444&apos;, ip: &apos;10.1.10.28&apos;, os.name: &apos;Windows 7&apos;, os.arch: &apos;amd64&apos;, os.version: &apos;6.1&apos;, java.version: &apos;1.8.0_111&apos;&#10;Driver info: org.openqa.selenium.remote.RemoteWebDriver&#10;Capabilities [{message=Could not find device: Samsung Galaxy S7, platform=ANY}]&#10;Session ID: " type="org.openqa.selenium.WebDriverException">org.openqa.selenium.WebDriverException: Session not started or terminated (WARNING: The server did not provide any stacktrace information)
Command duration or timeout: 31 milliseconds
Build info: version: '3.0.1', revision: '1969d75', time: '2016-10-18 09:49:13 -0700'
System info: host: 'BRPC444', ip: '10.1.10.28', os.name: 'Windows 7', os.arch: 'amd64', os.version: '6.1', java.version: '1.8.0_111'
Driver info: org.openqa.selenium.remote.RemoteWebDriver
Capabilities [{message=Could not find device: Samsung Galaxy S7, platform=ANY}]
Session ID: 
	at sun.reflect.NativeConstructorAccessorImpl.newInstance0(Native Method)
	at sun.reflect.NativeConstructorAccessorImpl.newInstance(NativeConstructorAccessorImpl.java:62)
	at sun.reflect.DelegatingConstructorAccessorImpl.newInstance(DelegatingConstructorAccessorImpl.java:45)
	at java.lang.reflect.Constructor.newInstance(Constructor.java:423)
	at org.openqa.selenium.remote.ErrorHandler.createThrowable(ErrorHandler.java:216)
	at org.openqa.selenium.remote.ErrorHandler.throwIfResponseFailed(ErrorHandler.java:168)
	at org.openqa.selenium.remote.RemoteWebDriver.execute(RemoteWebDriver.java:635)
	at org.openqa.selenium.remote.RemoteWebDriver.execute(RemoteWebDriver.java:658)
	at org.openqa.selenium.remote.RemoteWebDriver.quit(RemoteWebDriver.java:497)
	at com.backroads.atlas_browserstack.BrowserStackTestNGTest.tearDown(BrowserStackTestNGTest.java:85)
	at sun.reflect.NativeMethodAccessorImpl.invoke0(Native Method)
	at sun.reflect.NativeMethodAccessorImpl.invoke(NativeMethodAccessorImpl.java:62)
	at sun.reflect.DelegatingMethodAccessorImpl.invoke(DelegatingMethodAccessorImpl.java:43)
	at java.lang.reflect.Method.invoke(Method.java:498)
	at org.testng.internal.MethodInvocationHelper.invokeMethod(MethodInvocationHelper.java:86)
	at org.testng.internal.Invoker.invokeConfigurationMethod(Invoker.java:514)
	at org.testng.internal.Invoker.invokeConfigurations(Invoker.java:215)
	at org.testng.internal.Invoker.invokeMethod(Invoker.java:707)
	at org.testng.internal.Invoker.invokeTestMethod(Invoker.java:820)
	at org.testng.internal.Invoker.invokeTestMethods(Invoker.java:1128)
	at org.testng.internal.TestMethodWorker.invokeTestMethods(TestMethodWorker.java:129)
	at org.testng.internal.TestMethodWorker.run(TestMethodWorker.java:112)
	at org.testng.TestRunner.privateRun(TestRunner.java:782)
	at org.testng.TestRunner.run(TestRunner.java:632)
	at org.testng.SuiteRunner.runTest(SuiteRunner.java:366)
	at org.testng.SuiteRunner.access$000(SuiteRunner.java:39)
	at org.testng.SuiteRunner$SuiteWorker.run(SuiteRunner.java:400)
	at org.testng.internal.thread.ThreadUtil$2.call(ThreadUtil.java:64)
	at java.util.concurrent.FutureTask.run(FutureTask.java:266)
	at java.util.concurrent.ThreadPoolExecutor.runWorker(ThreadPoolExecutor.java:1142)
	at java.util.concurrent.ThreadPoolExecutor$Worker.run(ThreadPoolExecutor.java:617)
	at java.lang.Thread.run(Thread.java:745)
</failure>
  </testcase>
</testsuite>