<?xml version="1.0" encoding="UTF-8"?>
<!-- Generated by org.testng.reporters.JUnitXMLReporter -->
<testsuite hostname="BRPC444" name="atlas_ChromeTest" tests="10" failures="3" timestamp="31 Jul 2017 22:43:14 GMT" time="1049.52" errors="0">
  <testcase name="main" time="15.082" classname="com.backroads.atlas.testcases.UI.AtlasLeaderOnlyUSTest005"/>
  <testcase name="main" time="8.097" classname="com.backroads.atlas.testcases.UI.AtlasLeaderOnlyUSTest007"/>
  <testcase name="main" time="6.886" classname="com.backroads.atlas.testcases.UI.AtlasLeaderOnlyUSTest008">
    <failure type="java.lang.AssertionError" message="expected [I have reviewed my time records for the week/pay period noted. The time records accurately reflect the total hours worked in the work week, and, for work done in the State of California, for the date noted. For work outside of California, I understand that as long as the total time I worked for the week is accurate, I need not make adjustments that would otherwise cancel each other out in that workweek although I can if I want (e.g., add 1 hour to Wednesday and subtract 1 hour from Thursday).
Where necessary to conform to the actual hours worked, I have adjusted the estimated times up or down to reflect those hours I actually worked.
I have recorded all time worked, and I understand that it is against the policy of Backroads Utah to work off the clock; and I have not done so.
I am familiar with Backroads Utah&amp;apos;s meal and rest period policy. I have been provided meal and rest periods on a daily basis in this pay period that are consistent with that policy. I understand the procedure for reporting when I did not receive a meal or rest period, and I have utilized that procedure to report any such situation on any particular day.] but found [I have reviewed my time records for the week/pay period noted. The time records accurately reflect the total hours worked in the work week, and, for work done in the State of California, for the date noted. For work outside of California, I understand that as long as the total time I worked for the week is accurate, I need not make adjustments that would otherwise cancel each other out in that workweek although I can if I want (e.g., add 1 hour to Wednesday and subtract 1 hour from Thursday).
Where necessary to conform to the actual hours worked, I have adjusted the estimated times up or down to reflect those hours I actually worked.
I have recorded all time worked, and I understand that it is against the policy of Backroads Utah to work off the clock; and I have not done so.
I am familiar with Backroads Utah’s meal and rest period policy. I have been provided meal and rest periods on a daily basis in this pay period that are consistent with that policy. I understand the procedure for reporting when I did not receive a meal or rest period, and I have utilized that procedure to report any such situation on any particular day.]">
      <![CDATA[java.lang.AssertionError: expected [I have reviewed my time records for the week/pay period noted. The time records accurately reflect the total hours worked in the work week, and, for work done in the State of California, for the date noted. For work outside of California, I understand that as long as the total time I worked for the week is accurate, I need not make adjustments that would otherwise cancel each other out in that workweek although I can if I want (e.g., add 1 hour to Wednesday and subtract 1 hour from Thursday).
I have recorded all time worked, and I understand that it is against the policy of Backroads Utah to work off the clock; and I have not done so.
I have recorded all time worked, and I understand that it is against the policy of Backroads Utah to work off the clock; and I have not done so.
I am familiar with Backroads Utah’s meal and rest period policy. I have been provided meal and rest periods on a daily basis in this pay period that are consistent with that policy. I understand the procedure for reporting when I did not receive a meal or rest period, and I have utilized that procedure to report any such situation on any particular day.]
	at com.backroads.atlas.testcases.UI.AtlasLeaderOnlyUSTest008.main(AtlasLeaderOnlyUSTest008.java:40)
	at java.util.concurrent.FutureTask.run(FutureTask.java:266)
	at java.util.concurrent.ThreadPoolExecutor.runWorker(ThreadPoolExecutor.java:1142)
	at java.util.concurrent.ThreadPoolExecutor$Worker.run(ThreadPoolExecutor.java:617)
	at java.lang.Thread.run(Thread.java:745)
... Removed 25 stack frames]]>
    </failure>
  </testcase> <!-- main -->
  <testcase name="main" time="8.967" classname="com.backroads.atlas.testcases.UI.AtlasLeaderOnlyUSTest009"/>
  <testcase name="main" time="16.587" classname="com.backroads.atlas.testcases.UI.AtlasLeaderOnlyUSTest011_Dinner"/>
  <testcase name="main" time="14.443" classname="com.backroads.atlas.testcases.UI.AtlasLeaderOnlyUSTest011_Regular"/>
  <testcase name="main" time="0.006" classname="com.backroads.atlas.testcases.UI.AtlasLeaderOnlyUSTest012">
    <failure type="org.testng.TestNGException" message="
The data provider is trying to pass 11 parameters but the method com.backroads.atlas.testcases.UI.AtlasLeaderOnlyUSTest012#main takes 2">
      <![CDATA[org.testng.TestNGException: 
The data provider is trying to pass 11 parameters but the method com.backroads.atlas.testcases.UI.AtlasLeaderOnlyUSTest012#main takes 2
	at java.util.concurrent.FutureTask.run(FutureTask.java:266)
	at java.util.concurrent.ThreadPoolExecutor.runWorker(ThreadPoolExecutor.java:1142)
	at java.util.concurrent.ThreadPoolExecutor$Worker.run(ThreadPoolExecutor.java:617)
	at java.lang.Thread.run(Thread.java:745)
... Removed 10 stack frames]]>
    </failure>
  </testcase> <!-- main -->
  <testcase name="main" time="0.001" classname="com.backroads.atlas.testcases.UI.AtlasLeaderOnlyUSTest014">
    <failure type="org.testng.TestNGException" message="
The data provider is trying to pass 1 parameters but the method com.backroads.atlas.testcases.UI.AtlasLeaderOnlyUSTest014#main takes 2 and TestNG is unable in inject a suitable object">
      <![CDATA[org.testng.TestNGException: 
The data provider is trying to pass 1 parameters but the method com.backroads.atlas.testcases.UI.AtlasLeaderOnlyUSTest014#main takes 2 and TestNG is unable in inject a suitable object
	at java.util.concurrent.FutureTask.run(FutureTask.java:266)
	at java.util.concurrent.ThreadPoolExecutor.runWorker(ThreadPoolExecutor.java:1142)
	at java.util.concurrent.ThreadPoolExecutor$Worker.run(ThreadPoolExecutor.java:617)
	at java.lang.Thread.run(Thread.java:745)
Caused by: java.lang.ArrayIndexOutOfBoundsException: 1
	... 13 more
... Removed 11 stack frames]]>
    </failure>
  </testcase> <!-- main -->
  <testcase name="main" time="19.839" classname="com.backroads.atlas.testcases.UI.AtlasLeaderOnlyUSTest017"/>
  <testcase name="main" time="7.507" classname="com.backroads.atlas.testcases.UI.AtlasLeaderOnlyUSTest024"/>
</testsuite> <!-- atlas_ChromeTest -->
