<?xml version="1.0" encoding="UTF-8"?>
<!-- Generated by org.testng.reporters.JUnitXMLReporter -->
<testsuite hostname="BRPC444" name="atlas_iPhone6sTest" tests="11" failures="11" timestamp="20 Jul 2017 00:44:15 GMT" time="2565.488" errors="0">
  <testcase name="main" time="6.499" classname="com.backroads.atlas.testcases.UI.AtlasLeaderOnlyUSTest005">
    <failure type="org.openqa.selenium.NoSuchElementException" message="An element could not be located on the page using the given search parameters. (WARNING: The server did not provide any stacktrace information)
Command duration or timeout: 58 milliseconds
For documentation on this error, please visit: http://seleniumhq.org/exceptions/no_such_element.html
Build info: version: &amp;apos;3.0.1&amp;apos;, revision: &amp;apos;1969d75&amp;apos;, time: &amp;apos;2016-10-18 09:49:13 -0700&amp;apos;
System info: host: &amp;apos;BRPC444&amp;apos;, ip: &amp;apos;10.1.10.28&amp;apos;, os.name: &amp;apos;Windows 7&amp;apos;, os.arch: &amp;apos;amd64&amp;apos;, os.version: &amp;apos;6.1&amp;apos;, java.version: &amp;apos;1.8.0_111&amp;apos;
Driver info: org.openqa.selenium.remote.RemoteWebDriver
Capabilities [{noReset=true, safari=true, browserstack.tunnelIdentifier=, browserstack.asyncStop=true, language=Apache-HttpClient/4.5.1 (Java/1.8.0_111), deviceName==iPhone 6s (9.1) [57B9D95C-0081-41DA-8F70-357F1118285A], platform=MAC, browserstack.video.disableWaterMark=true, desired={noReset=true, browserstack.tunnelIdentifier=, browserstack.asyncStop=true, language=Apache-HttpClient/4.5.1 (Java/1.8.0_111), deviceName==iPhone 6s (9.1) [57B9D95C-0081-41DA-8F70-357F1118285A], platform=MAC, browserstack.video.disableWaterMark=true, acceptSslCerts=false, newCommandTimeout=300, browser=iphone, platformVersion=9.1, acceptSslCert=false, browserName=safari, platformName=iOS, 64bit=false, browserstack.debug=true, orientation=portrait, browserstack.ie.noFlash=false, os_version=, mobile={&amp;quot;browser&amp;quot;:&amp;quot;mobile&amp;quot;,&amp;quot;version&amp;quot;:&amp;quot;iPhone 6S-9.1&amp;quot;}, version=, browserstack.video=true, browserstack.ci_plugin=jenkins, safariIgnoreFraudWarning=true, orig_os=macelc, realMobile=false, deviceOrientation=PORTRAIT, device=iPhone 6S, proxy_type=node}, acceptSslCerts=false, newCommandTimeout=300, browser=iphone, platformVersion=9.1, webStorageEnabled=false, acceptSslCert=false, browserName=safari, takesScreenshot=true, javascriptEnabled=true, platformName=iOS, 64bit=false, browserstack.debug=true, networkConnectionEnabled=false, orientation=portrait, browserstack.ie.noFlash=false, warnings={}, os_version=, mobile={&amp;quot;browser&amp;quot;:&amp;quot;mobile&amp;quot;,&amp;quot;version&amp;quot;:&amp;quot;iPhone 6S-9.1&amp;quot;}, databaseEnabled=false, version=, browserstack.video=true, browserstack.ci_plugin=jenkins, safariIgnoreFraudWarning=true, orig_os=macelc, realMobile=false, locationContextEnabled=false, deviceOrientation=PORTRAIT, device=iPhone 6S, proxy_type=node}]
Session ID: 12f062841e33418ad22010a662cab16f6509a64f
*** Element info: {Using=css selector, value=#grdPayroll &amp;gt; tbody &amp;gt; tr:nth-child(1)}">
      <![CDATA[org.openqa.selenium.NoSuchElementException: An element could not be located on the page using the given search parameters. (WARNING: The server did not provide any stacktrace information)
Command duration or timeout: 58 milliseconds
For documentation on this error, please visit: http://seleniumhq.org/exceptions/no_such_element.html
Build info: version: '3.0.1', revision: '1969d75', time: '2016-10-18 09:49:13 -0700'
System info: host: 'BRPC444', ip: '10.1.10.28', os.name: 'Windows 7', os.arch: 'amd64', os.version: '6.1', java.version: '1.8.0_111'
Driver info: org.openqa.selenium.remote.RemoteWebDriver
Capabilities [{noReset=true, safari=true, browserstack.tunnelIdentifier=, browserstack.asyncStop=true, language=Apache-HttpClient/4.5.1 (Java/1.8.0_111), deviceName==iPhone 6s (9.1) [57B9D95C-0081-41DA-8F70-357F1118285A], platform=MAC, browserstack.video.disableWaterMark=true, desired={noReset=true, browserstack.tunnelIdentifier=, browserstack.asyncStop=true, language=Apache-HttpClient/4.5.1 (Java/1.8.0_111), deviceName==iPhone 6s (9.1) [57B9D95C-0081-41DA-8F70-357F1118285A], platform=MAC, browserstack.video.disableWaterMark=true, acceptSslCerts=false, newCommandTimeout=300, browser=iphone, platformVersion=9.1, acceptSslCert=false, browserName=safari, platformName=iOS, 64bit=false, browserstack.debug=true, orientation=portrait, browserstack.ie.noFlash=false, os_version=, mobile={"browser":"mobile","version":"iPhone 6S-9.1"}, version=, browserstack.video=true, browserstack.ci_plugin=jenkins, safariIgnoreFraudWarning=true, orig_os=macelc, realMobile=false, deviceOrientation=PORTRAIT, device=iPhone 6S, proxy_type=node}, acceptSslCerts=false, newCommandTimeout=300, browser=iphone, platformVersion=9.1, webStorageEnabled=false, acceptSslCert=false, browserName=safari, takesScreenshot=true, javascriptEnabled=true, platformName=iOS, 64bit=false, browserstack.debug=true, networkConnectionEnabled=false, orientation=portrait, browserstack.ie.noFlash=false, warnings={}, os_version=, mobile={"browser":"mobile","version":"iPhone 6S-9.1"}, databaseEnabled=false, version=, browserstack.video=true, browserstack.ci_plugin=jenkins, safariIgnoreFraudWarning=true, orig_os=macelc, realMobile=false, locationContextEnabled=false, deviceOrientation=PORTRAIT, device=iPhone 6S, proxy_type=node}]
Session ID: 12f062841e33418ad22010a662cab16f6509a64f
*** Element info: {Using=css selector, value=#grdPayroll > tbody > tr:nth-child(1)}
	at org.openqa.selenium.remote.ErrorHandler.createThrowable(ErrorHandler.java:216)
	at org.openqa.selenium.remote.ErrorHandler.throwIfResponseFailed(ErrorHandler.java:168)
	at org.openqa.selenium.remote.RemoteWebDriver.execute(RemoteWebDriver.java:635)
	at org.openqa.selenium.remote.RemoteWebDriver.findElement(RemoteWebDriver.java:368)
	at org.openqa.selenium.remote.RemoteWebDriver.findElementByCssSelector(RemoteWebDriver.java:465)
	at org.openqa.selenium.By$ByCssSelector.findElement(By.java:430)
	at org.openqa.selenium.remote.RemoteWebDriver.findElement(RemoteWebDriver.java:360)
	at org.openqa.selenium.support.pagefactory.DefaultElementLocator.findElement(DefaultElementLocator.java:69)
	at org.openqa.selenium.support.pagefactory.internal.LocatingElementHandler.invoke(LocatingElementHandler.java:38)
	at com.sun.proxy.$Proxy7.findElements(Unknown Source)
	at com.backroads.webdriver.pageobjectsfactory.pageobject.TimesheetPage.getLeaderTableHeaderTexts(TimesheetPage.java:126)
	at com.backroads.atlas.testcases.UI.AtlasLeaderOnlyUSTest005.main(AtlasLeaderOnlyUSTest005.java:35)
	at java.util.concurrent.FutureTask.run(FutureTask.java:266)
	at java.util.concurrent.ThreadPoolExecutor.runWorker(ThreadPoolExecutor.java:1142)
	at java.util.concurrent.ThreadPoolExecutor$Worker.run(ThreadPoolExecutor.java:617)
	at java.lang.Thread.run(Thread.java:745)
... Removed 20 stack frames]]>
    </failure>
  </testcase> <!-- main -->
  <testcase name="main" time="6.568" classname="com.backroads.atlas.testcases.UI.AtlasLeaderOnlyUSTest007">
    <failure type="org.openqa.selenium.NoSuchElementException" message="An element could not be located on the page using the given search parameters. (WARNING: The server did not provide any stacktrace information)
Command duration or timeout: 54 milliseconds
For documentation on this error, please visit: http://seleniumhq.org/exceptions/no_such_element.html
Build info: version: &amp;apos;3.0.1&amp;apos;, revision: &amp;apos;1969d75&amp;apos;, time: &amp;apos;2016-10-18 09:49:13 -0700&amp;apos;
System info: host: &amp;apos;BRPC444&amp;apos;, ip: &amp;apos;10.1.10.28&amp;apos;, os.name: &amp;apos;Windows 7&amp;apos;, os.arch: &amp;apos;amd64&amp;apos;, os.version: &amp;apos;6.1&amp;apos;, java.version: &amp;apos;1.8.0_111&amp;apos;
Driver info: org.openqa.selenium.remote.RemoteWebDriver
Capabilities [{noReset=true, safari=true, browserstack.tunnelIdentifier=, browserstack.asyncStop=true, language=Apache-HttpClient/4.5.1 (Java/1.8.0_111), deviceName==iPhone 6s (9.1) [F9B92235-D7C8-48E3-9105-E11AB6FAB775], platform=MAC, browserstack.video.disableWaterMark=true, desired={noReset=true, browserstack.tunnelIdentifier=, browserstack.asyncStop=true, language=Apache-HttpClient/4.5.1 (Java/1.8.0_111), deviceName==iPhone 6s (9.1) [F9B92235-D7C8-48E3-9105-E11AB6FAB775], platform=MAC, browserstack.video.disableWaterMark=true, acceptSslCerts=false, newCommandTimeout=300, browser=iphone, platformVersion=9.1, acceptSslCert=false, browserName=safari, platformName=iOS, 64bit=false, browserstack.debug=true, orientation=portrait, browserstack.ie.noFlash=false, os_version=, mobile={&amp;quot;browser&amp;quot;:&amp;quot;mobile&amp;quot;,&amp;quot;version&amp;quot;:&amp;quot;iPhone 6S-9.1&amp;quot;}, version=, browserstack.video=true, browserstack.ci_plugin=jenkins, safariIgnoreFraudWarning=true, orig_os=macelc, realMobile=false, deviceOrientation=PORTRAIT, device=iPhone 6S, proxy_type=node}, acceptSslCerts=false, newCommandTimeout=300, browser=iphone, platformVersion=9.1, webStorageEnabled=false, acceptSslCert=false, browserName=safari, takesScreenshot=true, javascriptEnabled=true, platformName=iOS, 64bit=false, browserstack.debug=true, networkConnectionEnabled=false, orientation=portrait, browserstack.ie.noFlash=false, warnings={}, os_version=, mobile={&amp;quot;browser&amp;quot;:&amp;quot;mobile&amp;quot;,&amp;quot;version&amp;quot;:&amp;quot;iPhone 6S-9.1&amp;quot;}, databaseEnabled=false, version=, browserstack.video=true, browserstack.ci_plugin=jenkins, safariIgnoreFraudWarning=true, orig_os=macelc, realMobile=false, locationContextEnabled=false, deviceOrientation=PORTRAIT, device=iPhone 6S, proxy_type=node}]
Session ID: fb7363645f48db852080f17de711fe75b576a82d
*** Element info: {Using=css selector, value=#frmPayroll &amp;gt; div &amp;gt; table &amp;gt; tbody &amp;gt; tr:nth-child(2) &amp;gt; td &amp;gt; table &amp;gt; tbody &amp;gt; tr:nth-child(1) &amp;gt; td:nth-child(1)}">
      <![CDATA[org.openqa.selenium.NoSuchElementException: An element could not be located on the page using the given search parameters. (WARNING: The server did not provide any stacktrace information)
Command duration or timeout: 54 milliseconds
For documentation on this error, please visit: http://seleniumhq.org/exceptions/no_such_element.html
Build info: version: '3.0.1', revision: '1969d75', time: '2016-10-18 09:49:13 -0700'
System info: host: 'BRPC444', ip: '10.1.10.28', os.name: 'Windows 7', os.arch: 'amd64', os.version: '6.1', java.version: '1.8.0_111'
Driver info: org.openqa.selenium.remote.RemoteWebDriver
Capabilities [{noReset=true, safari=true, browserstack.tunnelIdentifier=, browserstack.asyncStop=true, language=Apache-HttpClient/4.5.1 (Java/1.8.0_111), deviceName==iPhone 6s (9.1) [F9B92235-D7C8-48E3-9105-E11AB6FAB775], platform=MAC, browserstack.video.disableWaterMark=true, desired={noReset=true, browserstack.tunnelIdentifier=, browserstack.asyncStop=true, language=Apache-HttpClient/4.5.1 (Java/1.8.0_111), deviceName==iPhone 6s (9.1) [F9B92235-D7C8-48E3-9105-E11AB6FAB775], platform=MAC, browserstack.video.disableWaterMark=true, acceptSslCerts=false, newCommandTimeout=300, browser=iphone, platformVersion=9.1, acceptSslCert=false, browserName=safari, platformName=iOS, 64bit=false, browserstack.debug=true, orientation=portrait, browserstack.ie.noFlash=false, os_version=, mobile={"browser":"mobile","version":"iPhone 6S-9.1"}, version=, browserstack.video=true, browserstack.ci_plugin=jenkins, safariIgnoreFraudWarning=true, orig_os=macelc, realMobile=false, deviceOrientation=PORTRAIT, device=iPhone 6S, proxy_type=node}, acceptSslCerts=false, newCommandTimeout=300, browser=iphone, platformVersion=9.1, webStorageEnabled=false, acceptSslCert=false, browserName=safari, takesScreenshot=true, javascriptEnabled=true, platformName=iOS, 64bit=false, browserstack.debug=true, networkConnectionEnabled=false, orientation=portrait, browserstack.ie.noFlash=false, warnings={}, os_version=, mobile={"browser":"mobile","version":"iPhone 6S-9.1"}, databaseEnabled=false, version=, browserstack.video=true, browserstack.ci_plugin=jenkins, safariIgnoreFraudWarning=true, orig_os=macelc, realMobile=false, locationContextEnabled=false, deviceOrientation=PORTRAIT, device=iPhone 6S, proxy_type=node}]
Session ID: fb7363645f48db852080f17de711fe75b576a82d
*** Element info: {Using=css selector, value=#frmPayroll > div > table > tbody > tr:nth-child(2) > td > table > tbody > tr:nth-child(1) > td:nth-child(1)}
	at org.openqa.selenium.remote.ErrorHandler.createThrowable(ErrorHandler.java:216)
	at org.openqa.selenium.remote.ErrorHandler.throwIfResponseFailed(ErrorHandler.java:168)
	at org.openqa.selenium.remote.RemoteWebDriver.execute(RemoteWebDriver.java:635)
	at org.openqa.selenium.remote.RemoteWebDriver.findElement(RemoteWebDriver.java:368)
	at org.openqa.selenium.remote.RemoteWebDriver.findElementByCssSelector(RemoteWebDriver.java:465)
	at org.openqa.selenium.By$ByCssSelector.findElement(By.java:430)
	at org.openqa.selenium.remote.RemoteWebDriver.findElement(RemoteWebDriver.java:360)
	at org.openqa.selenium.support.pagefactory.DefaultElementLocator.findElement(DefaultElementLocator.java:69)
	at org.openqa.selenium.support.pagefactory.internal.LocatingElementHandler.invoke(LocatingElementHandler.java:38)
	at com.sun.proxy.$Proxy7.getText(Unknown Source)
	at com.backroads.webdriver.pageobjectsfactory.pageobject.TimesheetPage.getPayPeriodLabel(TimesheetPage.java:142)
	at com.backroads.atlas.testcases.UI.AtlasLeaderOnlyUSTest007.main(AtlasLeaderOnlyUSTest007.java:35)
	at java.util.concurrent.FutureTask.run(FutureTask.java:266)
	at java.util.concurrent.ThreadPoolExecutor.runWorker(ThreadPoolExecutor.java:1142)
	at java.util.concurrent.ThreadPoolExecutor$Worker.run(ThreadPoolExecutor.java:617)
	at java.lang.Thread.run(Thread.java:745)
... Removed 20 stack frames]]>
    </failure>
  </testcase> <!-- main -->
  <testcase name="main" time="13.359" classname="com.backroads.atlas.testcases.UI.AtlasLeaderOnlyUSTest008">
    <failure type="org.openqa.selenium.NoSuchElementException" message="An element could not be located on the page using the given search parameters. (WARNING: The server did not provide any stacktrace information)
Command duration or timeout: 3.10 seconds
For documentation on this error, please visit: http://seleniumhq.org/exceptions/no_such_element.html
Build info: version: &amp;apos;3.0.1&amp;apos;, revision: &amp;apos;1969d75&amp;apos;, time: &amp;apos;2016-10-18 09:49:13 -0700&amp;apos;
System info: host: &amp;apos;BRPC444&amp;apos;, ip: &amp;apos;10.1.10.28&amp;apos;, os.name: &amp;apos;Windows 7&amp;apos;, os.arch: &amp;apos;amd64&amp;apos;, os.version: &amp;apos;6.1&amp;apos;, java.version: &amp;apos;1.8.0_111&amp;apos;
Driver info: org.openqa.selenium.remote.RemoteWebDriver
Capabilities [{noReset=true, safari=true, browserstack.tunnelIdentifier=, browserstack.asyncStop=true, language=Apache-HttpClient/4.5.1 (Java/1.8.0_111), deviceName==iPhone 6s (9.1) [A8C344D3-EF30-4586-8CA3-22E595ED1D1F], platform=MAC, browserstack.video.disableWaterMark=true, desired={noReset=true, browserstack.tunnelIdentifier=, browserstack.asyncStop=true, language=Apache-HttpClient/4.5.1 (Java/1.8.0_111), deviceName==iPhone 6s (9.1) [A8C344D3-EF30-4586-8CA3-22E595ED1D1F], platform=MAC, browserstack.video.disableWaterMark=true, acceptSslCerts=false, newCommandTimeout=300, browser=iphone, platformVersion=9.1, acceptSslCert=false, browserName=safari, platformName=iOS, 64bit=false, browserstack.debug=true, orientation=portrait, browserstack.ie.noFlash=false, os_version=, mobile={&amp;quot;browser&amp;quot;:&amp;quot;mobile&amp;quot;,&amp;quot;version&amp;quot;:&amp;quot;iPhone 6S-9.1&amp;quot;}, version=, browserstack.video=true, browserstack.ci_plugin=jenkins, safariIgnoreFraudWarning=true, orig_os=macelc, realMobile=false, deviceOrientation=PORTRAIT, device=iPhone 6S, proxy_type=node}, acceptSslCerts=false, newCommandTimeout=300, browser=iphone, platformVersion=9.1, webStorageEnabled=false, acceptSslCert=false, browserName=safari, takesScreenshot=true, javascriptEnabled=true, platformName=iOS, 64bit=false, browserstack.debug=true, networkConnectionEnabled=false, orientation=portrait, browserstack.ie.noFlash=false, warnings={}, os_version=, mobile={&amp;quot;browser&amp;quot;:&amp;quot;mobile&amp;quot;,&amp;quot;version&amp;quot;:&amp;quot;iPhone 6S-9.1&amp;quot;}, databaseEnabled=false, version=, browserstack.video=true, browserstack.ci_plugin=jenkins, safariIgnoreFraudWarning=true, orig_os=macelc, realMobile=false, locationContextEnabled=false, deviceOrientation=PORTRAIT, device=iPhone 6S, proxy_type=node}]
Session ID: 4faa38db5f15f8f5c1e2616ee88c4da6f60f6e8c
*** Element info: {Using=css selector, value=body &amp;gt; h1}">
      <![CDATA[org.openqa.selenium.NoSuchElementException: An element could not be located on the page using the given search parameters. (WARNING: The server did not provide any stacktrace information)
Command duration or timeout: 3.10 seconds
For documentation on this error, please visit: http://seleniumhq.org/exceptions/no_such_element.html
Build info: version: '3.0.1', revision: '1969d75', time: '2016-10-18 09:49:13 -0700'
System info: host: 'BRPC444', ip: '10.1.10.28', os.name: 'Windows 7', os.arch: 'amd64', os.version: '6.1', java.version: '1.8.0_111'
Driver info: org.openqa.selenium.remote.RemoteWebDriver
Capabilities [{noReset=true, safari=true, browserstack.tunnelIdentifier=, browserstack.asyncStop=true, language=Apache-HttpClient/4.5.1 (Java/1.8.0_111), deviceName==iPhone 6s (9.1) [A8C344D3-EF30-4586-8CA3-22E595ED1D1F], platform=MAC, browserstack.video.disableWaterMark=true, desired={noReset=true, browserstack.tunnelIdentifier=, browserstack.asyncStop=true, language=Apache-HttpClient/4.5.1 (Java/1.8.0_111), deviceName==iPhone 6s (9.1) [A8C344D3-EF30-4586-8CA3-22E595ED1D1F], platform=MAC, browserstack.video.disableWaterMark=true, acceptSslCerts=false, newCommandTimeout=300, browser=iphone, platformVersion=9.1, acceptSslCert=false, browserName=safari, platformName=iOS, 64bit=false, browserstack.debug=true, orientation=portrait, browserstack.ie.noFlash=false, os_version=, mobile={"browser":"mobile","version":"iPhone 6S-9.1"}, version=, browserstack.video=true, browserstack.ci_plugin=jenkins, safariIgnoreFraudWarning=true, orig_os=macelc, realMobile=false, deviceOrientation=PORTRAIT, device=iPhone 6S, proxy_type=node}, acceptSslCerts=false, newCommandTimeout=300, browser=iphone, platformVersion=9.1, webStorageEnabled=false, acceptSslCert=false, browserName=safari, takesScreenshot=true, javascriptEnabled=true, platformName=iOS, 64bit=false, browserstack.debug=true, networkConnectionEnabled=false, orientation=portrait, browserstack.ie.noFlash=false, warnings={}, os_version=, mobile={"browser":"mobile","version":"iPhone 6S-9.1"}, databaseEnabled=false, version=, browserstack.video=true, browserstack.ci_plugin=jenkins, safariIgnoreFraudWarning=true, orig_os=macelc, realMobile=false, locationContextEnabled=false, deviceOrientation=PORTRAIT, device=iPhone 6S, proxy_type=node}]
Session ID: 4faa38db5f15f8f5c1e2616ee88c4da6f60f6e8c
*** Element info: {Using=css selector, value=body > h1}
	at org.openqa.selenium.remote.ErrorHandler.createThrowable(ErrorHandler.java:216)
	at org.openqa.selenium.remote.ErrorHandler.throwIfResponseFailed(ErrorHandler.java:168)
	at org.openqa.selenium.remote.RemoteWebDriver.execute(RemoteWebDriver.java:635)
	at org.openqa.selenium.remote.RemoteWebDriver.findElement(RemoteWebDriver.java:368)
	at org.openqa.selenium.remote.RemoteWebDriver.findElementByCssSelector(RemoteWebDriver.java:465)
	at org.openqa.selenium.By$ByCssSelector.findElement(By.java:430)
	at org.openqa.selenium.remote.RemoteWebDriver.findElement(RemoteWebDriver.java:360)
	at org.openqa.selenium.support.pagefactory.DefaultElementLocator.findElement(DefaultElementLocator.java:69)
	at org.openqa.selenium.support.pagefactory.internal.LocatingElementHandler.invoke(LocatingElementHandler.java:38)
	at com.sun.proxy.$Proxy7.getText(Unknown Source)
	at com.backroads.webdriver.pageobjectsfactory.pageobject.TimesheetPage.getTermsWindowTextsFromWindow(TimesheetPage.java:115)
	at com.backroads.atlas.testcases.UI.AtlasLeaderOnlyUSTest008.main(AtlasLeaderOnlyUSTest008.java:36)
	at java.util.concurrent.FutureTask.run(FutureTask.java:266)
	at java.util.concurrent.ThreadPoolExecutor.runWorker(ThreadPoolExecutor.java:1142)
	at java.util.concurrent.ThreadPoolExecutor$Worker.run(ThreadPoolExecutor.java:617)
	at java.lang.Thread.run(Thread.java:745)
... Removed 19 stack frames]]>
    </failure>
  </testcase> <!-- main -->
  <testcase name="main" time="6.622" classname="com.backroads.atlas.testcases.UI.AtlasLeaderOnlyUSTest009">
    <failure type="org.openqa.selenium.NoSuchElementException" message="An element could not be located on the page using the given search parameters. (WARNING: The server did not provide any stacktrace information)
Command duration or timeout: 56 milliseconds
For documentation on this error, please visit: http://seleniumhq.org/exceptions/no_such_element.html
Build info: version: &amp;apos;3.0.1&amp;apos;, revision: &amp;apos;1969d75&amp;apos;, time: &amp;apos;2016-10-18 09:49:13 -0700&amp;apos;
System info: host: &amp;apos;BRPC444&amp;apos;, ip: &amp;apos;10.1.10.28&amp;apos;, os.name: &amp;apos;Windows 7&amp;apos;, os.arch: &amp;apos;amd64&amp;apos;, os.version: &amp;apos;6.1&amp;apos;, java.version: &amp;apos;1.8.0_111&amp;apos;
Driver info: org.openqa.selenium.remote.RemoteWebDriver
Capabilities [{noReset=true, safari=true, browserstack.tunnelIdentifier=, browserstack.asyncStop=true, language=Apache-HttpClient/4.5.1 (Java/1.8.0_111), deviceName==iPhone 6s (9.1) [0E1E395C-2508-4A7B-AF17-37BD0012DA00], platform=MAC, browserstack.video.disableWaterMark=true, desired={noReset=true, browserstack.tunnelIdentifier=, browserstack.asyncStop=true, language=Apache-HttpClient/4.5.1 (Java/1.8.0_111), deviceName==iPhone 6s (9.1) [0E1E395C-2508-4A7B-AF17-37BD0012DA00], platform=MAC, browserstack.video.disableWaterMark=true, acceptSslCerts=false, newCommandTimeout=300, browser=iphone, platformVersion=9.1, acceptSslCert=false, browserName=safari, platformName=iOS, 64bit=false, browserstack.debug=true, orientation=portrait, browserstack.ie.noFlash=false, os_version=, mobile={&amp;quot;browser&amp;quot;:&amp;quot;mobile&amp;quot;,&amp;quot;version&amp;quot;:&amp;quot;iPhone 6S-9.1&amp;quot;}, version=, browserstack.video=true, browserstack.ci_plugin=jenkins, safariIgnoreFraudWarning=true, orig_os=macelc, realMobile=false, deviceOrientation=PORTRAIT, device=iPhone 6S, proxy_type=node}, acceptSslCerts=false, newCommandTimeout=300, browser=iphone, platformVersion=9.1, webStorageEnabled=false, acceptSslCert=false, browserName=safari, takesScreenshot=true, javascriptEnabled=true, platformName=iOS, 64bit=false, browserstack.debug=true, networkConnectionEnabled=false, orientation=portrait, browserstack.ie.noFlash=false, warnings={}, os_version=, mobile={&amp;quot;browser&amp;quot;:&amp;quot;mobile&amp;quot;,&amp;quot;version&amp;quot;:&amp;quot;iPhone 6S-9.1&amp;quot;}, databaseEnabled=false, version=, browserstack.video=true, browserstack.ci_plugin=jenkins, safariIgnoreFraudWarning=true, orig_os=macelc, realMobile=false, locationContextEnabled=false, deviceOrientation=PORTRAIT, device=iPhone 6S, proxy_type=node}]
Session ID: a37c224a151f1594df5dd95ff4c782da80eb38f8
*** Element info: {Using=css selector, value=#grdPayroll &amp;gt; tbody}">
      <![CDATA[org.openqa.selenium.NoSuchElementException: An element could not be located on the page using the given search parameters. (WARNING: The server did not provide any stacktrace information)
Command duration or timeout: 56 milliseconds
For documentation on this error, please visit: http://seleniumhq.org/exceptions/no_such_element.html
Build info: version: '3.0.1', revision: '1969d75', time: '2016-10-18 09:49:13 -0700'
System info: host: 'BRPC444', ip: '10.1.10.28', os.name: 'Windows 7', os.arch: 'amd64', os.version: '6.1', java.version: '1.8.0_111'
Driver info: org.openqa.selenium.remote.RemoteWebDriver
Capabilities [{noReset=true, safari=true, browserstack.tunnelIdentifier=, browserstack.asyncStop=true, language=Apache-HttpClient/4.5.1 (Java/1.8.0_111), deviceName==iPhone 6s (9.1) [0E1E395C-2508-4A7B-AF17-37BD0012DA00], platform=MAC, browserstack.video.disableWaterMark=true, desired={noReset=true, browserstack.tunnelIdentifier=, browserstack.asyncStop=true, language=Apache-HttpClient/4.5.1 (Java/1.8.0_111), deviceName==iPhone 6s (9.1) [0E1E395C-2508-4A7B-AF17-37BD0012DA00], platform=MAC, browserstack.video.disableWaterMark=true, acceptSslCerts=false, newCommandTimeout=300, browser=iphone, platformVersion=9.1, acceptSslCert=false, browserName=safari, platformName=iOS, 64bit=false, browserstack.debug=true, orientation=portrait, browserstack.ie.noFlash=false, os_version=, mobile={"browser":"mobile","version":"iPhone 6S-9.1"}, version=, browserstack.video=true, browserstack.ci_plugin=jenkins, safariIgnoreFraudWarning=true, orig_os=macelc, realMobile=false, deviceOrientation=PORTRAIT, device=iPhone 6S, proxy_type=node}, acceptSslCerts=false, newCommandTimeout=300, browser=iphone, platformVersion=9.1, webStorageEnabled=false, acceptSslCert=false, browserName=safari, takesScreenshot=true, javascriptEnabled=true, platformName=iOS, 64bit=false, browserstack.debug=true, networkConnectionEnabled=false, orientation=portrait, browserstack.ie.noFlash=false, warnings={}, os_version=, mobile={"browser":"mobile","version":"iPhone 6S-9.1"}, databaseEnabled=false, version=, browserstack.video=true, browserstack.ci_plugin=jenkins, safariIgnoreFraudWarning=true, orig_os=macelc, realMobile=false, locationContextEnabled=false, deviceOrientation=PORTRAIT, device=iPhone 6S, proxy_type=node}]
Session ID: a37c224a151f1594df5dd95ff4c782da80eb38f8
*** Element info: {Using=css selector, value=#grdPayroll > tbody}
	at org.openqa.selenium.remote.ErrorHandler.createThrowable(ErrorHandler.java:216)
	at org.openqa.selenium.remote.ErrorHandler.throwIfResponseFailed(ErrorHandler.java:168)
	at org.openqa.selenium.remote.RemoteWebDriver.execute(RemoteWebDriver.java:635)
	at org.openqa.selenium.remote.RemoteWebDriver.findElement(RemoteWebDriver.java:368)
	at org.openqa.selenium.remote.RemoteWebDriver.findElementByCssSelector(RemoteWebDriver.java:465)
	at org.openqa.selenium.By$ByCssSelector.findElement(By.java:430)
	at org.openqa.selenium.remote.RemoteWebDriver.findElement(RemoteWebDriver.java:360)
	at org.openqa.selenium.support.pagefactory.DefaultElementLocator.findElement(DefaultElementLocator.java:69)
	at org.openqa.selenium.support.pagefactory.internal.LocatingElementHandler.invoke(LocatingElementHandler.java:38)
	at com.sun.proxy.$Proxy7.findElements(Unknown Source)
	at com.backroads.webdriver.common.util.TableHandler.getColumnsAsList(TableHandler.java:38)
	at com.backroads.webdriver.pageobjectsfactory.pageobject.TimesheetPage.isLeaderActDatesAsc(TimesheetPage.java:150)
	at com.backroads.atlas.testcases.UI.AtlasLeaderOnlyUSTest009.main(AtlasLeaderOnlyUSTest009.java:35)
	at java.util.concurrent.FutureTask.run(FutureTask.java:266)
	at java.util.concurrent.ThreadPoolExecutor.runWorker(ThreadPoolExecutor.java:1142)
	at java.util.concurrent.ThreadPoolExecutor$Worker.run(ThreadPoolExecutor.java:617)
	at java.lang.Thread.run(Thread.java:745)
... Removed 19 stack frames]]>
    </failure>
  </testcase> <!-- main -->
  <testcase name="main" time="6.585" classname="com.backroads.atlas.testcases.UI.AtlasLeaderOnlyUSTest011_Dinner">
    <failure type="org.openqa.selenium.NoSuchElementException" message="An element could not be located on the page using the given search parameters. (WARNING: The server did not provide any stacktrace information)
Command duration or timeout: 75 milliseconds
For documentation on this error, please visit: http://seleniumhq.org/exceptions/no_such_element.html
Build info: version: &amp;apos;3.0.1&amp;apos;, revision: &amp;apos;1969d75&amp;apos;, time: &amp;apos;2016-10-18 09:49:13 -0700&amp;apos;
System info: host: &amp;apos;BRPC444&amp;apos;, ip: &amp;apos;10.1.10.28&amp;apos;, os.name: &amp;apos;Windows 7&amp;apos;, os.arch: &amp;apos;amd64&amp;apos;, os.version: &amp;apos;6.1&amp;apos;, java.version: &amp;apos;1.8.0_111&amp;apos;
Driver info: org.openqa.selenium.remote.RemoteWebDriver
Capabilities [{noReset=true, safari=true, browserstack.tunnelIdentifier=, browserstack.asyncStop=true, language=Apache-HttpClient/4.5.1 (Java/1.8.0_111), deviceName==iPhone 6s (9.1) [533132DD-7C76-426F-8828-C4579938B1FE], platform=MAC, browserstack.video.disableWaterMark=true, desired={noReset=true, browserstack.tunnelIdentifier=, browserstack.asyncStop=true, language=Apache-HttpClient/4.5.1 (Java/1.8.0_111), deviceName==iPhone 6s (9.1) [533132DD-7C76-426F-8828-C4579938B1FE], platform=MAC, browserstack.video.disableWaterMark=true, acceptSslCerts=false, newCommandTimeout=300, browser=iphone, platformVersion=9.1, acceptSslCert=false, browserName=safari, platformName=iOS, 64bit=false, browserstack.debug=true, orientation=portrait, browserstack.ie.noFlash=false, os_version=, mobile={&amp;quot;browser&amp;quot;:&amp;quot;mobile&amp;quot;,&amp;quot;version&amp;quot;:&amp;quot;iPhone 6S-9.1&amp;quot;}, version=, browserstack.video=true, browserstack.ci_plugin=jenkins, safariIgnoreFraudWarning=true, orig_os=macelc, realMobile=false, deviceOrientation=PORTRAIT, device=iPhone 6S, proxy_type=node}, acceptSslCerts=false, newCommandTimeout=300, browser=iphone, platformVersion=9.1, webStorageEnabled=false, acceptSslCert=false, browserName=safari, takesScreenshot=true, javascriptEnabled=true, platformName=iOS, 64bit=false, browserstack.debug=true, networkConnectionEnabled=false, orientation=portrait, browserstack.ie.noFlash=false, warnings={}, os_version=, mobile={&amp;quot;browser&amp;quot;:&amp;quot;mobile&amp;quot;,&amp;quot;version&amp;quot;:&amp;quot;iPhone 6S-9.1&amp;quot;}, databaseEnabled=false, version=, browserstack.video=true, browserstack.ci_plugin=jenkins, safariIgnoreFraudWarning=true, orig_os=macelc, realMobile=false, locationContextEnabled=false, deviceOrientation=PORTRAIT, device=iPhone 6S, proxy_type=node}]
Session ID: c48de87b36feb6961d59472bd01b1791ad3bb1e4
*** Element info: {Using=css selector, value=#grdPayroll &amp;gt; tbody}">
      <![CDATA[org.openqa.selenium.NoSuchElementException: An element could not be located on the page using the given search parameters. (WARNING: The server did not provide any stacktrace information)
Command duration or timeout: 75 milliseconds
For documentation on this error, please visit: http://seleniumhq.org/exceptions/no_such_element.html
Build info: version: '3.0.1', revision: '1969d75', time: '2016-10-18 09:49:13 -0700'
System info: host: 'BRPC444', ip: '10.1.10.28', os.name: 'Windows 7', os.arch: 'amd64', os.version: '6.1', java.version: '1.8.0_111'
Driver info: org.openqa.selenium.remote.RemoteWebDriver
Capabilities [{noReset=true, safari=true, browserstack.tunnelIdentifier=, browserstack.asyncStop=true, language=Apache-HttpClient/4.5.1 (Java/1.8.0_111), deviceName==iPhone 6s (9.1) [533132DD-7C76-426F-8828-C4579938B1FE], platform=MAC, browserstack.video.disableWaterMark=true, desired={noReset=true, browserstack.tunnelIdentifier=, browserstack.asyncStop=true, language=Apache-HttpClient/4.5.1 (Java/1.8.0_111), deviceName==iPhone 6s (9.1) [533132DD-7C76-426F-8828-C4579938B1FE], platform=MAC, browserstack.video.disableWaterMark=true, acceptSslCerts=false, newCommandTimeout=300, browser=iphone, platformVersion=9.1, acceptSslCert=false, browserName=safari, platformName=iOS, 64bit=false, browserstack.debug=true, orientation=portrait, browserstack.ie.noFlash=false, os_version=, mobile={"browser":"mobile","version":"iPhone 6S-9.1"}, version=, browserstack.video=true, browserstack.ci_plugin=jenkins, safariIgnoreFraudWarning=true, orig_os=macelc, realMobile=false, deviceOrientation=PORTRAIT, device=iPhone 6S, proxy_type=node}, acceptSslCerts=false, newCommandTimeout=300, browser=iphone, platformVersion=9.1, webStorageEnabled=false, acceptSslCert=false, browserName=safari, takesScreenshot=true, javascriptEnabled=true, platformName=iOS, 64bit=false, browserstack.debug=true, networkConnectionEnabled=false, orientation=portrait, browserstack.ie.noFlash=false, warnings={}, os_version=, mobile={"browser":"mobile","version":"iPhone 6S-9.1"}, databaseEnabled=false, version=, browserstack.video=true, browserstack.ci_plugin=jenkins, safariIgnoreFraudWarning=true, orig_os=macelc, realMobile=false, locationContextEnabled=false, deviceOrientation=PORTRAIT, device=iPhone 6S, proxy_type=node}]
Session ID: c48de87b36feb6961d59472bd01b1791ad3bb1e4
*** Element info: {Using=css selector, value=#grdPayroll > tbody}
	at org.openqa.selenium.remote.ErrorHandler.createThrowable(ErrorHandler.java:216)
	at org.openqa.selenium.remote.ErrorHandler.throwIfResponseFailed(ErrorHandler.java:168)
	at org.openqa.selenium.remote.RemoteWebDriver.execute(RemoteWebDriver.java:635)
	at org.openqa.selenium.remote.RemoteWebDriver.findElement(RemoteWebDriver.java:368)
	at org.openqa.selenium.remote.RemoteWebDriver.findElementByCssSelector(RemoteWebDriver.java:465)
	at org.openqa.selenium.By$ByCssSelector.findElement(By.java:430)
	at org.openqa.selenium.remote.RemoteWebDriver.findElement(RemoteWebDriver.java:360)
	at org.openqa.selenium.support.pagefactory.DefaultElementLocator.findElement(DefaultElementLocator.java:69)
	at org.openqa.selenium.support.pagefactory.internal.LocatingElementHandler.invoke(LocatingElementHandler.java:38)
	at com.sun.proxy.$Proxy7.findElements(Unknown Source)
	at com.backroads.webdriver.common.util.TableHandler.getColumnsAsList(TableHandler.java:38)
	at com.backroads.webdriver.pageobjectsfactory.pageobject.TimesheetPage.isDayColRepresentExpHoursColmn(TimesheetPage.java:168)
	at com.backroads.atlas.testcases.UI.AtlasLeaderOnlyUSTest011_Dinner.main(AtlasLeaderOnlyUSTest011_Dinner.java:35)
	at java.util.concurrent.FutureTask.run(FutureTask.java:266)
	at java.util.concurrent.ThreadPoolExecutor.runWorker(ThreadPoolExecutor.java:1142)
	at java.util.concurrent.ThreadPoolExecutor$Worker.run(ThreadPoolExecutor.java:617)
	at java.lang.Thread.run(Thread.java:745)
... Removed 19 stack frames]]>
    </failure>
  </testcase> <!-- main -->
  <testcase name="main" time="6.592" classname="com.backroads.atlas.testcases.UI.AtlasLeaderOnlyUSTest011_Regular">
    <failure type="org.openqa.selenium.NoSuchElementException" message="An element could not be located on the page using the given search parameters. (WARNING: The server did not provide any stacktrace information)
Command duration or timeout: 57 milliseconds
For documentation on this error, please visit: http://seleniumhq.org/exceptions/no_such_element.html
Build info: version: &amp;apos;3.0.1&amp;apos;, revision: &amp;apos;1969d75&amp;apos;, time: &amp;apos;2016-10-18 09:49:13 -0700&amp;apos;
System info: host: &amp;apos;BRPC444&amp;apos;, ip: &amp;apos;10.1.10.28&amp;apos;, os.name: &amp;apos;Windows 7&amp;apos;, os.arch: &amp;apos;amd64&amp;apos;, os.version: &amp;apos;6.1&amp;apos;, java.version: &amp;apos;1.8.0_111&amp;apos;
Driver info: org.openqa.selenium.remote.RemoteWebDriver
Capabilities [{noReset=true, safari=true, browserstack.tunnelIdentifier=, browserstack.asyncStop=true, language=Apache-HttpClient/4.5.1 (Java/1.8.0_111), deviceName==iPhone 6s (9.1) [A3E4F9FE-5C85-4D4B-8F44-F3C96430FFB4], platform=MAC, browserstack.video.disableWaterMark=true, desired={noReset=true, browserstack.tunnelIdentifier=, browserstack.asyncStop=true, language=Apache-HttpClient/4.5.1 (Java/1.8.0_111), deviceName==iPhone 6s (9.1) [A3E4F9FE-5C85-4D4B-8F44-F3C96430FFB4], platform=MAC, browserstack.video.disableWaterMark=true, acceptSslCerts=false, newCommandTimeout=300, browser=iphone, platformVersion=9.1, acceptSslCert=false, browserName=safari, platformName=iOS, 64bit=false, browserstack.debug=true, orientation=portrait, browserstack.ie.noFlash=false, os_version=, mobile={&amp;quot;browser&amp;quot;:&amp;quot;mobile&amp;quot;,&amp;quot;version&amp;quot;:&amp;quot;iPhone 6S-9.1&amp;quot;}, version=, browserstack.video=true, browserstack.ci_plugin=jenkins, safariIgnoreFraudWarning=true, orig_os=macelc, realMobile=false, deviceOrientation=PORTRAIT, device=iPhone 6S, proxy_type=node}, acceptSslCerts=false, newCommandTimeout=300, browser=iphone, platformVersion=9.1, webStorageEnabled=false, acceptSslCert=false, browserName=safari, takesScreenshot=true, javascriptEnabled=true, platformName=iOS, 64bit=false, browserstack.debug=true, networkConnectionEnabled=false, orientation=portrait, browserstack.ie.noFlash=false, warnings={}, os_version=, mobile={&amp;quot;browser&amp;quot;:&amp;quot;mobile&amp;quot;,&amp;quot;version&amp;quot;:&amp;quot;iPhone 6S-9.1&amp;quot;}, databaseEnabled=false, version=, browserstack.video=true, browserstack.ci_plugin=jenkins, safariIgnoreFraudWarning=true, orig_os=macelc, realMobile=false, locationContextEnabled=false, deviceOrientation=PORTRAIT, device=iPhone 6S, proxy_type=node}]
Session ID: ce7d29286a311bb8390ee8135d55b1aa854f2aad
*** Element info: {Using=css selector, value=#grdPayroll &amp;gt; tbody}">
      <![CDATA[org.openqa.selenium.NoSuchElementException: An element could not be located on the page using the given search parameters. (WARNING: The server did not provide any stacktrace information)
Command duration or timeout: 57 milliseconds
For documentation on this error, please visit: http://seleniumhq.org/exceptions/no_such_element.html
Build info: version: '3.0.1', revision: '1969d75', time: '2016-10-18 09:49:13 -0700'
System info: host: 'BRPC444', ip: '10.1.10.28', os.name: 'Windows 7', os.arch: 'amd64', os.version: '6.1', java.version: '1.8.0_111'
Driver info: org.openqa.selenium.remote.RemoteWebDriver
Capabilities [{noReset=true, safari=true, browserstack.tunnelIdentifier=, browserstack.asyncStop=true, language=Apache-HttpClient/4.5.1 (Java/1.8.0_111), deviceName==iPhone 6s (9.1) [A3E4F9FE-5C85-4D4B-8F44-F3C96430FFB4], platform=MAC, browserstack.video.disableWaterMark=true, desired={noReset=true, browserstack.tunnelIdentifier=, browserstack.asyncStop=true, language=Apache-HttpClient/4.5.1 (Java/1.8.0_111), deviceName==iPhone 6s (9.1) [A3E4F9FE-5C85-4D4B-8F44-F3C96430FFB4], platform=MAC, browserstack.video.disableWaterMark=true, acceptSslCerts=false, newCommandTimeout=300, browser=iphone, platformVersion=9.1, acceptSslCert=false, browserName=safari, platformName=iOS, 64bit=false, browserstack.debug=true, orientation=portrait, browserstack.ie.noFlash=false, os_version=, mobile={"browser":"mobile","version":"iPhone 6S-9.1"}, version=, browserstack.video=true, browserstack.ci_plugin=jenkins, safariIgnoreFraudWarning=true, orig_os=macelc, realMobile=false, deviceOrientation=PORTRAIT, device=iPhone 6S, proxy_type=node}, acceptSslCerts=false, newCommandTimeout=300, browser=iphone, platformVersion=9.1, webStorageEnabled=false, acceptSslCert=false, browserName=safari, takesScreenshot=true, javascriptEnabled=true, platformName=iOS, 64bit=false, browserstack.debug=true, networkConnectionEnabled=false, orientation=portrait, browserstack.ie.noFlash=false, warnings={}, os_version=, mobile={"browser":"mobile","version":"iPhone 6S-9.1"}, databaseEnabled=false, version=, browserstack.video=true, browserstack.ci_plugin=jenkins, safariIgnoreFraudWarning=true, orig_os=macelc, realMobile=false, locationContextEnabled=false, deviceOrientation=PORTRAIT, device=iPhone 6S, proxy_type=node}]
Session ID: ce7d29286a311bb8390ee8135d55b1aa854f2aad
*** Element info: {Using=css selector, value=#grdPayroll > tbody}
	at org.openqa.selenium.remote.ErrorHandler.createThrowable(ErrorHandler.java:216)
	at org.openqa.selenium.remote.ErrorHandler.throwIfResponseFailed(ErrorHandler.java:168)
	at org.openqa.selenium.remote.RemoteWebDriver.execute(RemoteWebDriver.java:635)
	at org.openqa.selenium.remote.RemoteWebDriver.findElement(RemoteWebDriver.java:368)
	at org.openqa.selenium.remote.RemoteWebDriver.findElementByCssSelector(RemoteWebDriver.java:465)
	at org.openqa.selenium.By$ByCssSelector.findElement(By.java:430)
	at org.openqa.selenium.remote.RemoteWebDriver.findElement(RemoteWebDriver.java:360)
	at org.openqa.selenium.support.pagefactory.DefaultElementLocator.findElement(DefaultElementLocator.java:69)
	at org.openqa.selenium.support.pagefactory.internal.LocatingElementHandler.invoke(LocatingElementHandler.java:38)
	at com.sun.proxy.$Proxy7.findElements(Unknown Source)
	at com.backroads.webdriver.common.util.TableHandler.getColumnsAsList(TableHandler.java:38)
	at com.backroads.webdriver.pageobjectsfactory.pageobject.TimesheetPage.isDayColRepresentExpHoursColmn(TimesheetPage.java:168)
	at com.backroads.atlas.testcases.UI.AtlasLeaderOnlyUSTest011_Regular.main(AtlasLeaderOnlyUSTest011_Regular.java:35)
	at java.util.concurrent.FutureTask.run(FutureTask.java:266)
	at java.util.concurrent.ThreadPoolExecutor.runWorker(ThreadPoolExecutor.java:1142)
	at java.util.concurrent.ThreadPoolExecutor$Worker.run(ThreadPoolExecutor.java:617)
	at java.lang.Thread.run(Thread.java:745)
... Removed 19 stack frames]]>
    </failure>
  </testcase> <!-- main -->
  <testcase name="main" time="0.0" classname="com.backroads.atlas.testcases.UI.AtlasLeaderOnlyUSTest012">
    <failure type="org.testng.TestNGException" message="
The data provider is trying to pass 11 parameters but the method com.backroads.atlas.testcases.UI.AtlasLeaderOnlyUSTest012#main takes 1">
      <![CDATA[org.testng.TestNGException: 
The data provider is trying to pass 11 parameters but the method com.backroads.atlas.testcases.UI.AtlasLeaderOnlyUSTest012#main takes 1
	at java.util.concurrent.FutureTask.run(FutureTask.java:266)
	at java.util.concurrent.ThreadPoolExecutor.runWorker(ThreadPoolExecutor.java:1142)
	at java.util.concurrent.ThreadPoolExecutor$Worker.run(ThreadPoolExecutor.java:617)
	at java.lang.Thread.run(Thread.java:745)
... Removed 10 stack frames]]>
    </failure>
  </testcase> <!-- main -->
  <testcase name="main" time="6.454" classname="com.backroads.atlas.testcases.UI.AtlasLeaderOnlyUSTest014">
    <failure type="org.openqa.selenium.NoSuchElementException" message="An element could not be located on the page using the given search parameters. (WARNING: The server did not provide any stacktrace information)
Command duration or timeout: 54 milliseconds
For documentation on this error, please visit: http://seleniumhq.org/exceptions/no_such_element.html
Build info: version: &amp;apos;3.0.1&amp;apos;, revision: &amp;apos;1969d75&amp;apos;, time: &amp;apos;2016-10-18 09:49:13 -0700&amp;apos;
System info: host: &amp;apos;BRPC444&amp;apos;, ip: &amp;apos;10.1.10.28&amp;apos;, os.name: &amp;apos;Windows 7&amp;apos;, os.arch: &amp;apos;amd64&amp;apos;, os.version: &amp;apos;6.1&amp;apos;, java.version: &amp;apos;1.8.0_111&amp;apos;
Driver info: org.openqa.selenium.remote.RemoteWebDriver
Capabilities [{noReset=true, safari=true, browserstack.tunnelIdentifier=, browserstack.asyncStop=true, language=Apache-HttpClient/4.5.1 (Java/1.8.0_111), deviceName==iPhone 6s (9.1) [BD4D2648-AF62-4E6B-B31F-C434460D6334], platform=MAC, browserstack.video.disableWaterMark=true, desired={noReset=true, browserstack.tunnelIdentifier=, browserstack.asyncStop=true, language=Apache-HttpClient/4.5.1 (Java/1.8.0_111), deviceName==iPhone 6s (9.1) [BD4D2648-AF62-4E6B-B31F-C434460D6334], platform=MAC, browserstack.video.disableWaterMark=true, acceptSslCerts=false, newCommandTimeout=300, browser=iphone, platformVersion=9.1, acceptSslCert=false, browserName=safari, platformName=iOS, 64bit=false, browserstack.debug=true, orientation=portrait, browserstack.ie.noFlash=false, os_version=, mobile={&amp;quot;browser&amp;quot;:&amp;quot;mobile&amp;quot;,&amp;quot;version&amp;quot;:&amp;quot;iPhone 6S-9.1&amp;quot;}, version=, browserstack.video=true, browserstack.ci_plugin=jenkins, safariIgnoreFraudWarning=true, orig_os=macelc, realMobile=false, deviceOrientation=PORTRAIT, device=iPhone 6S, proxy_type=node}, acceptSslCerts=false, newCommandTimeout=300, browser=iphone, platformVersion=9.1, webStorageEnabled=false, acceptSslCert=false, browserName=safari, takesScreenshot=true, javascriptEnabled=true, platformName=iOS, 64bit=false, browserstack.debug=true, networkConnectionEnabled=false, orientation=portrait, browserstack.ie.noFlash=false, warnings={}, os_version=, mobile={&amp;quot;browser&amp;quot;:&amp;quot;mobile&amp;quot;,&amp;quot;version&amp;quot;:&amp;quot;iPhone 6S-9.1&amp;quot;}, databaseEnabled=false, version=, browserstack.video=true, browserstack.ci_plugin=jenkins, safariIgnoreFraudWarning=true, orig_os=macelc, realMobile=false, locationContextEnabled=false, deviceOrientation=PORTRAIT, device=iPhone 6S, proxy_type=node}]
Session ID: 7fc9d86df54007717857768ef45a964ffad9f86f
*** Element info: {Using=css selector, value=#grdPayroll &amp;gt; tbody}">
      <![CDATA[org.openqa.selenium.NoSuchElementException: An element could not be located on the page using the given search parameters. (WARNING: The server did not provide any stacktrace information)
Command duration or timeout: 54 milliseconds
For documentation on this error, please visit: http://seleniumhq.org/exceptions/no_such_element.html
Build info: version: '3.0.1', revision: '1969d75', time: '2016-10-18 09:49:13 -0700'
System info: host: 'BRPC444', ip: '10.1.10.28', os.name: 'Windows 7', os.arch: 'amd64', os.version: '6.1', java.version: '1.8.0_111'
Driver info: org.openqa.selenium.remote.RemoteWebDriver
Capabilities [{noReset=true, safari=true, browserstack.tunnelIdentifier=, browserstack.asyncStop=true, language=Apache-HttpClient/4.5.1 (Java/1.8.0_111), deviceName==iPhone 6s (9.1) [BD4D2648-AF62-4E6B-B31F-C434460D6334], platform=MAC, browserstack.video.disableWaterMark=true, desired={noReset=true, browserstack.tunnelIdentifier=, browserstack.asyncStop=true, language=Apache-HttpClient/4.5.1 (Java/1.8.0_111), deviceName==iPhone 6s (9.1) [BD4D2648-AF62-4E6B-B31F-C434460D6334], platform=MAC, browserstack.video.disableWaterMark=true, acceptSslCerts=false, newCommandTimeout=300, browser=iphone, platformVersion=9.1, acceptSslCert=false, browserName=safari, platformName=iOS, 64bit=false, browserstack.debug=true, orientation=portrait, browserstack.ie.noFlash=false, os_version=, mobile={"browser":"mobile","version":"iPhone 6S-9.1"}, version=, browserstack.video=true, browserstack.ci_plugin=jenkins, safariIgnoreFraudWarning=true, orig_os=macelc, realMobile=false, deviceOrientation=PORTRAIT, device=iPhone 6S, proxy_type=node}, acceptSslCerts=false, newCommandTimeout=300, browser=iphone, platformVersion=9.1, webStorageEnabled=false, acceptSslCert=false, browserName=safari, takesScreenshot=true, javascriptEnabled=true, platformName=iOS, 64bit=false, browserstack.debug=true, networkConnectionEnabled=false, orientation=portrait, browserstack.ie.noFlash=false, warnings={}, os_version=, mobile={"browser":"mobile","version":"iPhone 6S-9.1"}, databaseEnabled=false, version=, browserstack.video=true, browserstack.ci_plugin=jenkins, safariIgnoreFraudWarning=true, orig_os=macelc, realMobile=false, locationContextEnabled=false, deviceOrientation=PORTRAIT, device=iPhone 6S, proxy_type=node}]
Session ID: 7fc9d86df54007717857768ef45a964ffad9f86f
*** Element info: {Using=css selector, value=#grdPayroll > tbody}
	at org.openqa.selenium.remote.ErrorHandler.createThrowable(ErrorHandler.java:216)
	at org.openqa.selenium.remote.ErrorHandler.throwIfResponseFailed(ErrorHandler.java:168)
	at org.openqa.selenium.remote.RemoteWebDriver.execute(RemoteWebDriver.java:635)
	at org.openqa.selenium.remote.RemoteWebDriver.findElement(RemoteWebDriver.java:368)
	at org.openqa.selenium.remote.RemoteWebDriver.findElementByCssSelector(RemoteWebDriver.java:465)
	at org.openqa.selenium.By$ByCssSelector.findElement(By.java:430)
	at org.openqa.selenium.remote.RemoteWebDriver.findElement(RemoteWebDriver.java:360)
	at org.openqa.selenium.support.pagefactory.DefaultElementLocator.findElement(DefaultElementLocator.java:69)
	at org.openqa.selenium.support.pagefactory.internal.LocatingElementHandler.invoke(LocatingElementHandler.java:38)
	at com.sun.proxy.$Proxy7.findElements(Unknown Source)
	at com.backroads.webdriver.common.util.TableHandler.getColumnsAsStrArr(TableHandler.java:26)
	at com.backroads.webdriver.pageobjectsfactory.pageobject.TimesheetPage.getActualColmnValues(TimesheetPage.java:266)
	at com.backroads.atlas.testcases.UI.AtlasLeaderOnlyUSTest014.main(AtlasLeaderOnlyUSTest014.java:37)
	at java.util.concurrent.FutureTask.run(FutureTask.java:266)
	at java.util.concurrent.ThreadPoolExecutor.runWorker(ThreadPoolExecutor.java:1142)
	at java.util.concurrent.ThreadPoolExecutor$Worker.run(ThreadPoolExecutor.java:617)
	at java.lang.Thread.run(Thread.java:745)
... Removed 19 stack frames]]>
    </failure>
  </testcase> <!-- main -->
  <testcase name="main" time="6.622" classname="com.backroads.atlas.testcases.UI.AtlasLeaderOnlyUSTest014">
    <failure type="org.openqa.selenium.NoSuchElementException" message="An element could not be located on the page using the given search parameters. (WARNING: The server did not provide any stacktrace information)
Command duration or timeout: 53 milliseconds
For documentation on this error, please visit: http://seleniumhq.org/exceptions/no_such_element.html
Build info: version: &amp;apos;3.0.1&amp;apos;, revision: &amp;apos;1969d75&amp;apos;, time: &amp;apos;2016-10-18 09:49:13 -0700&amp;apos;
System info: host: &amp;apos;BRPC444&amp;apos;, ip: &amp;apos;10.1.10.28&amp;apos;, os.name: &amp;apos;Windows 7&amp;apos;, os.arch: &amp;apos;amd64&amp;apos;, os.version: &amp;apos;6.1&amp;apos;, java.version: &amp;apos;1.8.0_111&amp;apos;
Driver info: org.openqa.selenium.remote.RemoteWebDriver
Capabilities [{noReset=true, safari=true, browserstack.tunnelIdentifier=, browserstack.asyncStop=true, language=Apache-HttpClient/4.5.1 (Java/1.8.0_111), deviceName==iPhone 6s (9.1) [C1861A2E-97B4-4CBC-BFD1-65FC3666C906], platform=MAC, browserstack.video.disableWaterMark=true, desired={noReset=true, browserstack.tunnelIdentifier=, browserstack.asyncStop=true, language=Apache-HttpClient/4.5.1 (Java/1.8.0_111), deviceName==iPhone 6s (9.1) [C1861A2E-97B4-4CBC-BFD1-65FC3666C906], platform=MAC, browserstack.video.disableWaterMark=true, acceptSslCerts=false, newCommandTimeout=300, browser=iphone, platformVersion=9.1, acceptSslCert=false, browserName=safari, platformName=iOS, 64bit=false, browserstack.debug=true, orientation=portrait, browserstack.ie.noFlash=false, os_version=, mobile={&amp;quot;browser&amp;quot;:&amp;quot;mobile&amp;quot;,&amp;quot;version&amp;quot;:&amp;quot;iPhone 6S-9.1&amp;quot;}, version=, browserstack.video=true, browserstack.ci_plugin=jenkins, safariIgnoreFraudWarning=true, orig_os=macelc, realMobile=false, deviceOrientation=PORTRAIT, device=iPhone 6S, proxy_type=node}, acceptSslCerts=false, newCommandTimeout=300, browser=iphone, platformVersion=9.1, webStorageEnabled=false, acceptSslCert=false, browserName=safari, takesScreenshot=true, javascriptEnabled=true, platformName=iOS, 64bit=false, browserstack.debug=true, networkConnectionEnabled=false, orientation=portrait, browserstack.ie.noFlash=false, warnings={}, os_version=, mobile={&amp;quot;browser&amp;quot;:&amp;quot;mobile&amp;quot;,&amp;quot;version&amp;quot;:&amp;quot;iPhone 6S-9.1&amp;quot;}, databaseEnabled=false, version=, browserstack.video=true, browserstack.ci_plugin=jenkins, safariIgnoreFraudWarning=true, orig_os=macelc, realMobile=false, locationContextEnabled=false, deviceOrientation=PORTRAIT, device=iPhone 6S, proxy_type=node}]
Session ID: 94c47feee385029e85d1e8b266af1a92a5c2aa68
*** Element info: {Using=css selector, value=#grdPayroll &amp;gt; tbody}">
      <![CDATA[org.openqa.selenium.NoSuchElementException: An element could not be located on the page using the given search parameters. (WARNING: The server did not provide any stacktrace information)
Command duration or timeout: 53 milliseconds
For documentation on this error, please visit: http://seleniumhq.org/exceptions/no_such_element.html
Build info: version: '3.0.1', revision: '1969d75', time: '2016-10-18 09:49:13 -0700'
System info: host: 'BRPC444', ip: '10.1.10.28', os.name: 'Windows 7', os.arch: 'amd64', os.version: '6.1', java.version: '1.8.0_111'
Driver info: org.openqa.selenium.remote.RemoteWebDriver
Capabilities [{noReset=true, safari=true, browserstack.tunnelIdentifier=, browserstack.asyncStop=true, language=Apache-HttpClient/4.5.1 (Java/1.8.0_111), deviceName==iPhone 6s (9.1) [C1861A2E-97B4-4CBC-BFD1-65FC3666C906], platform=MAC, browserstack.video.disableWaterMark=true, desired={noReset=true, browserstack.tunnelIdentifier=, browserstack.asyncStop=true, language=Apache-HttpClient/4.5.1 (Java/1.8.0_111), deviceName==iPhone 6s (9.1) [C1861A2E-97B4-4CBC-BFD1-65FC3666C906], platform=MAC, browserstack.video.disableWaterMark=true, acceptSslCerts=false, newCommandTimeout=300, browser=iphone, platformVersion=9.1, acceptSslCert=false, browserName=safari, platformName=iOS, 64bit=false, browserstack.debug=true, orientation=portrait, browserstack.ie.noFlash=false, os_version=, mobile={"browser":"mobile","version":"iPhone 6S-9.1"}, version=, browserstack.video=true, browserstack.ci_plugin=jenkins, safariIgnoreFraudWarning=true, orig_os=macelc, realMobile=false, deviceOrientation=PORTRAIT, device=iPhone 6S, proxy_type=node}, acceptSslCerts=false, newCommandTimeout=300, browser=iphone, platformVersion=9.1, webStorageEnabled=false, acceptSslCert=false, browserName=safari, takesScreenshot=true, javascriptEnabled=true, platformName=iOS, 64bit=false, browserstack.debug=true, networkConnectionEnabled=false, orientation=portrait, browserstack.ie.noFlash=false, warnings={}, os_version=, mobile={"browser":"mobile","version":"iPhone 6S-9.1"}, databaseEnabled=false, version=, browserstack.video=true, browserstack.ci_plugin=jenkins, safariIgnoreFraudWarning=true, orig_os=macelc, realMobile=false, locationContextEnabled=false, deviceOrientation=PORTRAIT, device=iPhone 6S, proxy_type=node}]
Session ID: 94c47feee385029e85d1e8b266af1a92a5c2aa68
*** Element info: {Using=css selector, value=#grdPayroll > tbody}
	at org.openqa.selenium.remote.ErrorHandler.createThrowable(ErrorHandler.java:216)
	at org.openqa.selenium.remote.ErrorHandler.throwIfResponseFailed(ErrorHandler.java:168)
	at org.openqa.selenium.remote.RemoteWebDriver.execute(RemoteWebDriver.java:635)
	at org.openqa.selenium.remote.RemoteWebDriver.findElement(RemoteWebDriver.java:368)
	at org.openqa.selenium.remote.RemoteWebDriver.findElementByCssSelector(RemoteWebDriver.java:465)
	at org.openqa.selenium.By$ByCssSelector.findElement(By.java:430)
	at org.openqa.selenium.remote.RemoteWebDriver.findElement(RemoteWebDriver.java:360)
	at org.openqa.selenium.support.pagefactory.DefaultElementLocator.findElement(DefaultElementLocator.java:69)
	at org.openqa.selenium.support.pagefactory.internal.LocatingElementHandler.invoke(LocatingElementHandler.java:38)
	at com.sun.proxy.$Proxy7.findElements(Unknown Source)
	at com.backroads.webdriver.common.util.TableHandler.getColumnsAsStrArr(TableHandler.java:26)
	at com.backroads.webdriver.pageobjectsfactory.pageobject.TimesheetPage.getActualColmnValues(TimesheetPage.java:266)
	at com.backroads.atlas.testcases.UI.AtlasLeaderOnlyUSTest014.main(AtlasLeaderOnlyUSTest014.java:37)
	at java.util.concurrent.FutureTask.run(FutureTask.java:266)
	at java.util.concurrent.ThreadPoolExecutor.runWorker(ThreadPoolExecutor.java:1142)
	at java.util.concurrent.ThreadPoolExecutor$Worker.run(ThreadPoolExecutor.java:617)
	at java.lang.Thread.run(Thread.java:745)
... Removed 19 stack frames]]>
    </failure>
  </testcase> <!-- main -->
  <testcase name="main" time="6.651" classname="com.backroads.atlas.testcases.UI.AtlasLeaderOnlyUSTest017">
    <failure type="org.openqa.selenium.NoSuchElementException" message="An element could not be located on the page using the given search parameters. (WARNING: The server did not provide any stacktrace information)
Command duration or timeout: 52 milliseconds
For documentation on this error, please visit: http://seleniumhq.org/exceptions/no_such_element.html
Build info: version: &amp;apos;3.0.1&amp;apos;, revision: &amp;apos;1969d75&amp;apos;, time: &amp;apos;2016-10-18 09:49:13 -0700&amp;apos;
System info: host: &amp;apos;BRPC444&amp;apos;, ip: &amp;apos;10.1.10.28&amp;apos;, os.name: &amp;apos;Windows 7&amp;apos;, os.arch: &amp;apos;amd64&amp;apos;, os.version: &amp;apos;6.1&amp;apos;, java.version: &amp;apos;1.8.0_111&amp;apos;
Driver info: org.openqa.selenium.remote.RemoteWebDriver
Capabilities [{noReset=true, safari=true, browserstack.tunnelIdentifier=, browserstack.asyncStop=true, language=Apache-HttpClient/4.5.1 (Java/1.8.0_111), deviceName==iPhone 6s (9.1) [36BB821B-F2D8-4C6E-89C5-AFA11EC3BB3D], platform=MAC, browserstack.video.disableWaterMark=true, desired={noReset=true, browserstack.tunnelIdentifier=, browserstack.asyncStop=true, language=Apache-HttpClient/4.5.1 (Java/1.8.0_111), deviceName==iPhone 6s (9.1) [36BB821B-F2D8-4C6E-89C5-AFA11EC3BB3D], platform=MAC, browserstack.video.disableWaterMark=true, acceptSslCerts=false, newCommandTimeout=300, browser=iphone, platformVersion=9.1, acceptSslCert=false, browserName=safari, platformName=iOS, 64bit=false, browserstack.debug=true, orientation=portrait, browserstack.ie.noFlash=false, os_version=, mobile={&amp;quot;browser&amp;quot;:&amp;quot;mobile&amp;quot;,&amp;quot;version&amp;quot;:&amp;quot;iPhone 6S-9.1&amp;quot;}, version=, browserstack.video=true, browserstack.ci_plugin=jenkins, safariIgnoreFraudWarning=true, orig_os=macelc, realMobile=false, deviceOrientation=PORTRAIT, device=iPhone 6S, proxy_type=node}, acceptSslCerts=false, newCommandTimeout=300, browser=iphone, platformVersion=9.1, webStorageEnabled=false, acceptSslCert=false, browserName=safari, takesScreenshot=true, javascriptEnabled=true, platformName=iOS, 64bit=false, browserstack.debug=true, networkConnectionEnabled=false, orientation=portrait, browserstack.ie.noFlash=false, warnings={}, os_version=, mobile={&amp;quot;browser&amp;quot;:&amp;quot;mobile&amp;quot;,&amp;quot;version&amp;quot;:&amp;quot;iPhone 6S-9.1&amp;quot;}, databaseEnabled=false, version=, browserstack.video=true, browserstack.ci_plugin=jenkins, safariIgnoreFraudWarning=true, orig_os=macelc, realMobile=false, locationContextEnabled=false, deviceOrientation=PORTRAIT, device=iPhone 6S, proxy_type=node}]
Session ID: 05e6a7dff302abd540e4dbf67525cb02163825e3
*** Element info: {Using=css selector, value=#grdPayroll &amp;gt; tbody}">
      <![CDATA[org.openqa.selenium.NoSuchElementException: An element could not be located on the page using the given search parameters. (WARNING: The server did not provide any stacktrace information)
Command duration or timeout: 52 milliseconds
For documentation on this error, please visit: http://seleniumhq.org/exceptions/no_such_element.html
Build info: version: '3.0.1', revision: '1969d75', time: '2016-10-18 09:49:13 -0700'
System info: host: 'BRPC444', ip: '10.1.10.28', os.name: 'Windows 7', os.arch: 'amd64', os.version: '6.1', java.version: '1.8.0_111'
Driver info: org.openqa.selenium.remote.RemoteWebDriver
Capabilities [{noReset=true, safari=true, browserstack.tunnelIdentifier=, browserstack.asyncStop=true, language=Apache-HttpClient/4.5.1 (Java/1.8.0_111), deviceName==iPhone 6s (9.1) [36BB821B-F2D8-4C6E-89C5-AFA11EC3BB3D], platform=MAC, browserstack.video.disableWaterMark=true, desired={noReset=true, browserstack.tunnelIdentifier=, browserstack.asyncStop=true, language=Apache-HttpClient/4.5.1 (Java/1.8.0_111), deviceName==iPhone 6s (9.1) [36BB821B-F2D8-4C6E-89C5-AFA11EC3BB3D], platform=MAC, browserstack.video.disableWaterMark=true, acceptSslCerts=false, newCommandTimeout=300, browser=iphone, platformVersion=9.1, acceptSslCert=false, browserName=safari, platformName=iOS, 64bit=false, browserstack.debug=true, orientation=portrait, browserstack.ie.noFlash=false, os_version=, mobile={"browser":"mobile","version":"iPhone 6S-9.1"}, version=, browserstack.video=true, browserstack.ci_plugin=jenkins, safariIgnoreFraudWarning=true, orig_os=macelc, realMobile=false, deviceOrientation=PORTRAIT, device=iPhone 6S, proxy_type=node}, acceptSslCerts=false, newCommandTimeout=300, browser=iphone, platformVersion=9.1, webStorageEnabled=false, acceptSslCert=false, browserName=safari, takesScreenshot=true, javascriptEnabled=true, platformName=iOS, 64bit=false, browserstack.debug=true, networkConnectionEnabled=false, orientation=portrait, browserstack.ie.noFlash=false, warnings={}, os_version=, mobile={"browser":"mobile","version":"iPhone 6S-9.1"}, databaseEnabled=false, version=, browserstack.video=true, browserstack.ci_plugin=jenkins, safariIgnoreFraudWarning=true, orig_os=macelc, realMobile=false, locationContextEnabled=false, deviceOrientation=PORTRAIT, device=iPhone 6S, proxy_type=node}]
Session ID: 05e6a7dff302abd540e4dbf67525cb02163825e3
*** Element info: {Using=css selector, value=#grdPayroll > tbody}
	at org.openqa.selenium.remote.ErrorHandler.createThrowable(ErrorHandler.java:216)
	at org.openqa.selenium.remote.ErrorHandler.throwIfResponseFailed(ErrorHandler.java:168)
	at org.openqa.selenium.remote.RemoteWebDriver.execute(RemoteWebDriver.java:635)
	at org.openqa.selenium.remote.RemoteWebDriver.findElement(RemoteWebDriver.java:368)
	at org.openqa.selenium.remote.RemoteWebDriver.findElementByCssSelector(RemoteWebDriver.java:465)
	at org.openqa.selenium.By$ByCssSelector.findElement(By.java:430)
	at org.openqa.selenium.remote.RemoteWebDriver.findElement(RemoteWebDriver.java:360)
	at org.openqa.selenium.support.pagefactory.DefaultElementLocator.findElement(DefaultElementLocator.java:69)
	at org.openqa.selenium.support.pagefactory.internal.LocatingElementHandler.invoke(LocatingElementHandler.java:38)
	at com.sun.proxy.$Proxy7.findElements(Unknown Source)
	at com.backroads.webdriver.common.util.TableHandler.getColumnsAsList(TableHandler.java:38)
	at com.backroads.webdriver.pageobjectsfactory.pageobject.TimesheetPage.isRadioWorking(TimesheetPage.java:216)
	at com.backroads.atlas.testcases.UI.AtlasLeaderOnlyUSTest017.main(AtlasLeaderOnlyUSTest017.java:36)
	at java.util.concurrent.FutureTask.run(FutureTask.java:266)
	at java.util.concurrent.ThreadPoolExecutor.runWorker(ThreadPoolExecutor.java:1142)
	at java.util.concurrent.ThreadPoolExecutor$Worker.run(ThreadPoolExecutor.java:617)
	at java.lang.Thread.run(Thread.java:745)
... Removed 19 stack frames]]>
    </failure>
  </testcase> <!-- main -->
  <testcase name="main" time="6.517" classname="com.backroads.atlas.testcases.UI.AtlasLeaderOnlyUSTest024">
    <failure type="org.openqa.selenium.NoSuchElementException" message="An element could not be located on the page using the given search parameters. (WARNING: The server did not provide any stacktrace information)
Command duration or timeout: 72 milliseconds
For documentation on this error, please visit: http://seleniumhq.org/exceptions/no_such_element.html
Build info: version: &amp;apos;3.0.1&amp;apos;, revision: &amp;apos;1969d75&amp;apos;, time: &amp;apos;2016-10-18 09:49:13 -0700&amp;apos;
System info: host: &amp;apos;BRPC444&amp;apos;, ip: &amp;apos;10.1.10.28&amp;apos;, os.name: &amp;apos;Windows 7&amp;apos;, os.arch: &amp;apos;amd64&amp;apos;, os.version: &amp;apos;6.1&amp;apos;, java.version: &amp;apos;1.8.0_111&amp;apos;
Driver info: org.openqa.selenium.remote.RemoteWebDriver
Capabilities [{noReset=true, safari=true, browserstack.tunnelIdentifier=, browserstack.asyncStop=true, language=Apache-HttpClient/4.5.1 (Java/1.8.0_111), deviceName==iPhone 6s (9.1) [5F1FC624-6E01-475E-810F-042EB3AB1271], platform=MAC, browserstack.video.disableWaterMark=true, desired={noReset=true, browserstack.tunnelIdentifier=, browserstack.asyncStop=true, language=Apache-HttpClient/4.5.1 (Java/1.8.0_111), deviceName==iPhone 6s (9.1) [5F1FC624-6E01-475E-810F-042EB3AB1271], platform=MAC, browserstack.video.disableWaterMark=true, acceptSslCerts=false, newCommandTimeout=300, browser=iphone, platformVersion=9.1, acceptSslCert=false, browserName=safari, platformName=iOS, 64bit=false, browserstack.debug=true, orientation=portrait, browserstack.ie.noFlash=false, os_version=, mobile={&amp;quot;browser&amp;quot;:&amp;quot;mobile&amp;quot;,&amp;quot;version&amp;quot;:&amp;quot;iPhone 6S-9.1&amp;quot;}, version=, browserstack.video=true, browserstack.ci_plugin=jenkins, safariIgnoreFraudWarning=true, orig_os=macelc, realMobile=false, deviceOrientation=PORTRAIT, device=iPhone 6S, proxy_type=node}, acceptSslCerts=false, newCommandTimeout=300, browser=iphone, platformVersion=9.1, webStorageEnabled=false, acceptSslCert=false, browserName=safari, takesScreenshot=true, javascriptEnabled=true, platformName=iOS, 64bit=false, browserstack.debug=true, networkConnectionEnabled=false, orientation=portrait, browserstack.ie.noFlash=false, warnings={}, os_version=, mobile={&amp;quot;browser&amp;quot;:&amp;quot;mobile&amp;quot;,&amp;quot;version&amp;quot;:&amp;quot;iPhone 6S-9.1&amp;quot;}, databaseEnabled=false, version=, browserstack.video=true, browserstack.ci_plugin=jenkins, safariIgnoreFraudWarning=true, orig_os=macelc, realMobile=false, locationContextEnabled=false, deviceOrientation=PORTRAIT, device=iPhone 6S, proxy_type=node}]
Session ID: 93791d7d1845178b7f99a3689bf24b12e30276f2
*** Element info: {Using=css selector, value=#GridViewOther &amp;gt; tbody &amp;gt; tr:nth-child(1)}">
      <![CDATA[org.openqa.selenium.NoSuchElementException: An element could not be located on the page using the given search parameters. (WARNING: The server did not provide any stacktrace information)
Command duration or timeout: 72 milliseconds
For documentation on this error, please visit: http://seleniumhq.org/exceptions/no_such_element.html
Build info: version: '3.0.1', revision: '1969d75', time: '2016-10-18 09:49:13 -0700'
System info: host: 'BRPC444', ip: '10.1.10.28', os.name: 'Windows 7', os.arch: 'amd64', os.version: '6.1', java.version: '1.8.0_111'
Driver info: org.openqa.selenium.remote.RemoteWebDriver
Capabilities [{noReset=true, safari=true, browserstack.tunnelIdentifier=, browserstack.asyncStop=true, language=Apache-HttpClient/4.5.1 (Java/1.8.0_111), deviceName==iPhone 6s (9.1) [5F1FC624-6E01-475E-810F-042EB3AB1271], platform=MAC, browserstack.video.disableWaterMark=true, desired={noReset=true, browserstack.tunnelIdentifier=, browserstack.asyncStop=true, language=Apache-HttpClient/4.5.1 (Java/1.8.0_111), deviceName==iPhone 6s (9.1) [5F1FC624-6E01-475E-810F-042EB3AB1271], platform=MAC, browserstack.video.disableWaterMark=true, acceptSslCerts=false, newCommandTimeout=300, browser=iphone, platformVersion=9.1, acceptSslCert=false, browserName=safari, platformName=iOS, 64bit=false, browserstack.debug=true, orientation=portrait, browserstack.ie.noFlash=false, os_version=, mobile={"browser":"mobile","version":"iPhone 6S-9.1"}, version=, browserstack.video=true, browserstack.ci_plugin=jenkins, safariIgnoreFraudWarning=true, orig_os=macelc, realMobile=false, deviceOrientation=PORTRAIT, device=iPhone 6S, proxy_type=node}, acceptSslCerts=false, newCommandTimeout=300, browser=iphone, platformVersion=9.1, webStorageEnabled=false, acceptSslCert=false, browserName=safari, takesScreenshot=true, javascriptEnabled=true, platformName=iOS, 64bit=false, browserstack.debug=true, networkConnectionEnabled=false, orientation=portrait, browserstack.ie.noFlash=false, warnings={}, os_version=, mobile={"browser":"mobile","version":"iPhone 6S-9.1"}, databaseEnabled=false, version=, browserstack.video=true, browserstack.ci_plugin=jenkins, safariIgnoreFraudWarning=true, orig_os=macelc, realMobile=false, locationContextEnabled=false, deviceOrientation=PORTRAIT, device=iPhone 6S, proxy_type=node}]
Session ID: 93791d7d1845178b7f99a3689bf24b12e30276f2
*** Element info: {Using=css selector, value=#GridViewOther > tbody > tr:nth-child(1)}
	at org.openqa.selenium.remote.ErrorHandler.createThrowable(ErrorHandler.java:216)
	at org.openqa.selenium.remote.ErrorHandler.throwIfResponseFailed(ErrorHandler.java:168)
	at org.openqa.selenium.remote.RemoteWebDriver.execute(RemoteWebDriver.java:635)
	at org.openqa.selenium.remote.RemoteWebDriver.findElement(RemoteWebDriver.java:368)
	at org.openqa.selenium.remote.RemoteWebDriver.findElementByCssSelector(RemoteWebDriver.java:465)
	at org.openqa.selenium.By$ByCssSelector.findElement(By.java:430)
	at org.openqa.selenium.remote.RemoteWebDriver.findElement(RemoteWebDriver.java:360)
	at org.openqa.selenium.support.pagefactory.DefaultElementLocator.findElement(DefaultElementLocator.java:69)
	at org.openqa.selenium.support.pagefactory.internal.LocatingElementHandler.invoke(LocatingElementHandler.java:38)
	at com.sun.proxy.$Proxy7.findElements(Unknown Source)
	at com.backroads.webdriver.common.util.TableHandler.getHiddenColRemovedList(TableHandler.java:14)
	at com.backroads.webdriver.pageobjectsfactory.pageobject.TimesheetPage.getOtherActHeaderTexts(TimesheetPage.java:130)
	at com.backroads.atlas.testcases.UI.AtlasLeaderOnlyUSTest024.main(AtlasLeaderOnlyUSTest024.java:37)
	at java.util.concurrent.FutureTask.run(FutureTask.java:266)
	at java.util.concurrent.ThreadPoolExecutor.runWorker(ThreadPoolExecutor.java:1142)
	at java.util.concurrent.ThreadPoolExecutor$Worker.run(ThreadPoolExecutor.java:617)
	at java.lang.Thread.run(Thread.java:745)
... Removed 19 stack frames]]>
    </failure>
  </testcase> <!-- main -->
</testsuite> <!-- atlas_iPhone6sTest -->
